Initiating legacy licensing module
LICENSE SYSTEM [2019228 18:0:7] Next license update check is after 2019-03-01T17:20:32

Built from '2018.3/staging' branch; Version is '2018.3.4f1 (1d952368ca3a) revision 1938723'; Using compiler version '191326128'
OS: 'Windows 10  (10.0.0) 64bit' Language: 'en' Physical Memory: 16332 MB
BatchMode: 0, IsHumanControllingUs: 1, StartBugReporterOnCrash: 1, Is64bit: 1, IsPro: 0
[Package Manager] Server::Start -- Port 50923 was selected

 COMMAND LINE ARGUMENTS:
C:\Program Files\Unity\Hub\Editor\2018.3.4f1\Editor\Unity.exe
-openfile
F:\University\GitHub\mgp-team-1\Unity\UnityProject\Assets\Scenes\Brad Pablo.unity
Opening project via file: F:/University/GitHub/mgp-team-1/Unity/UnityProject/Assets/Scenes/Brad Pablo.unity
F:/University/GitHub/mgp-team-1/Unity/UnityProject
Using Asset Import Pipeline V1.
Initiating legacy licensing moduleLoading GUID <-> Path mappings...0.000083 seconds
Loading Asset Database...0.010935 seconds
Build target: OSXUniversal found and added!
Build target: WindowsStoreApps found and added!
Build target: Win64 found and added!
Build target: Win found and added!
Build target: LinuxUniversal found and added!
Build target: Linux64 found and added!
Build target: Linux found and added!
Build target: iOS found and added!
Build target: tvOS found and added!
Build target: PS4 found and added!
Build target: XboxOne found and added!
Build target: Android found and added!
Build target: WebGL found and added!
Build target: Switch found and added!
Build target: Lumin found and added!
Build target: PSM found and added!
Build target: PSP2 found and added!
Build target: WiiU found and added!
Build target: Web found and added!
Build target: WebStreamed found and added!
Build target: OSXIntel found and added!
Build target: OSXIntel64 found and added!
Build target: BlackBerry found and added!
Build target: PS3 found and added!
Build target: N3DS found and added!
Build target: WP8 found and added!
Build target: SamsungTV found and added!
Build target: Tizen found and added!
AssetDatabase consistency checks...0.021256 seconds
Refreshing native plugins compatible for Editor in 10.95 ms, found 2 plugins.
Preloading 0 native plugins for Editor in 0.00 ms.
[Package Manager] Done resolving packages in 0.28s seconds
[Package Manager] Registering 37 packages:
[Package Manager]  * Package :  com.unity.ads@2.0.8
    (location: F:\University\GitHub\mgp-team-1\Unity\UnityProject\Library\PackageCache\com.unity.ads@2.0.8)
[Package Manager]  * Package :  com.unity.analytics@3.2.2
    (location: F:\University\GitHub\mgp-team-1\Unity\UnityProject\Library\PackageCache\com.unity.analytics@3.2.2)
[Package Manager]  * Package :  com.unity.cinemachine@2.2.8
    (location: F:\University\GitHub\mgp-team-1\Unity\UnityProject\Library\PackageCache\com.unity.cinemachine@2.2.8)
[Package Manager]  * Package :  com.unity.collab-proxy@1.2.15
    (location: F:\University\GitHub\mgp-team-1\Unity\UnityProject\Library\PackageCache\com.unity.collab-proxy@1.2.15)
[Package Manager]  * Package :  com.unity.package-manager-ui@2.0.3
    (location: F:\University\GitHub\mgp-team-1\Unity\UnityProject\Library\PackageCache\com.unity.package-manager-ui@2.0.3)
[Package Manager]  * Package :  com.unity.purchasing@2.0.3
    (location: F:\University\GitHub\mgp-team-1\Unity\UnityProject\Library\PackageCache\com.unity.purchasing@2.0.3)
[Package Manager]  * Package :  com.unity.textmeshpro@1.3.0
    (location: F:\University\GitHub\mgp-team-1\Unity\UnityProject\Library\PackageCache\com.unity.textmeshpro@1.3.0)
[Package Manager]  * Package :  com.unity.modules.ai@1.0.0
    (location: C:\Program Files\Unity\Hub\Editor\2018.3.4f1\Editor\Data\Resources\PackageManager\BuiltInPackages\com.unity.modules.ai)
[Package Manager]  * Package :  com.unity.modules.animation@1.0.0
    (location: C:\Program Files\Unity\Hub\Editor\2018.3.4f1\Editor\Data\Resources\PackageManager\BuiltInPackages\com.unity.modules.animation)
[Package Manager]  * Package :  com.unity.modules.assetbundle@1.0.0
    (location: C:\Program Files\Unity\Hub\Editor\2018.3.4f1\Editor\Data\Resources\PackageManager\BuiltInPackages\com.unity.modules.assetbundle)
[Package Manager]  * Package :  com.unity.modules.audio@1.0.0
    (location: C:\Program Files\Unity\Hub\Editor\2018.3.4f1\Editor\Data\Resources\PackageManager\BuiltInPackages\com.unity.modules.audio)
[Package Manager]  * Package :  com.unity.modules.cloth@1.0.0
    (location: C:\Program Files\Unity\Hub\Editor\2018.3.4f1\Editor\Data\Resources\PackageManager\BuiltInPackages\com.unity.modules.cloth)
[Package Manager]  * Package :  com.unity.modules.director@1.0.0
    (location: C:\Program Files\Unity\Hub\Editor\2018.3.4f1\Editor\Data\Resources\PackageManager\BuiltInPackages\com.unity.modules.director)
[Package Manager]  * Package :  com.unity.modules.imageconversion@1.0.0
    (location: C:\Program Files\Unity\Hub\Editor\2018.3.4f1\Editor\Data\Resources\PackageManager\BuiltInPackages\com.unity.modules.imageconversion)
[Package Manager]  * Package :  com.unity.modules.imgui@1.0.0
    (location: C:\Program Files\Unity\Hub\Editor\2018.3.4f1\Editor\Data\Resources\PackageManager\BuiltInPackages\com.unity.modules.imgui)
[Package Manager]  * Package :  com.unity.modules.jsonserialize@1.0.0
    (location: C:\Program Files\Unity\Hub\Editor\2018.3.4f1\Editor\Data\Resources\PackageManager\BuiltInPackages\com.unity.modules.jsonserialize)
[Package Manager]  * Package :  com.unity.modules.particlesystem@1.0.0
    (location: C:\Program Files\Unity\Hub\Editor\2018.3.4f1\Editor\Data\Resources\PackageManager\BuiltInPackages\com.unity.modules.particlesystem)
[Package Manager]  * Package :  com.unity.modules.physics@1.0.0
    (location: C:\Program Files\Unity\Hub\Editor\2018.3.4f1\Editor\Data\Resources\PackageManager\BuiltInPackages\com.unity.modules.physics)
[Package Manager]  * Package :  com.unity.modules.physics2d@1.0.0
    (location: C:\Program Files\Unity\Hub\Editor\2018.3.4f1\Editor\Data\Resources\PackageManager\BuiltInPackages\com.unity.modules.physics2d)
[Package Manager]  * Package :  com.unity.modules.screencapture@1.0.0
    (location: C:\Program Files\Unity\Hub\Editor\2018.3.4f1\Editor\Data\Resources\PackageManager\BuiltInPackages\com.unity.modules.screencapture)
[Package Manager]  * Package :  com.unity.modules.terrain@1.0.0
    (location: C:\Program Files\Unity\Hub\Editor\2018.3.4f1\Editor\Data\Resources\PackageManager\BuiltInPackages\com.unity.modules.terrain)
[Package Manager]  * Package :  com.unity.modules.terrainphysics@1.0.0
    (location: C:\Program Files\Unity\Hub\Editor\2018.3.4f1\Editor\Data\Resources\PackageManager\BuiltInPackages\com.unity.modules.terrainphysics)
[Package Manager]  * Package :  com.unity.modules.tilemap@1.0.0
    (location: C:\Program Files\Unity\Hub\Editor\2018.3.4f1\Editor\Data\Resources\PackageManager\BuiltInPackages\com.unity.modules.tilemap)
[Package Manager]  * Package :  com.unity.modules.ui@1.0.0
    (location: C:\Program Files\Unity\Hub\Editor\2018.3.4f1\Editor\Data\Resources\PackageManager\BuiltInPackages\com.unity.modules.ui)
[Package Manager]  * Package :  com.unity.modules.uielements@1.0.0
    (location: C:\Program Files\Unity\Hub\Editor\2018.3.4f1\Editor\Data\Resources\PackageManager\BuiltInPackages\com.unity.modules.uielements)
[Package Manager]  * Package :  com.unity.modules.umbra@1.0.0
    (location: C:\Program Files\Unity\Hub\Editor\2018.3.4f1\Editor\Data\Resources\PackageManager\BuiltInPackages\com.unity.modules.umbra)
[Package Manager]  * Package :  com.unity.modules.unityanalytics@1.0.0
    (location: C:\Program Files\Unity\Hub\Editor\2018.3.4f1\Editor\Data\Resources\PackageManager\BuiltInPackages\com.unity.modules.unityanalytics)
[Package Manager]  * Package :  com.unity.modules.unitywebrequest@1.0.0
    (location: C:\Program Files\Unity\Hub\Editor\2018.3.4f1\Editor\Data\Resources\PackageManager\BuiltInPackages\com.unity.modules.unitywebrequest)
[Package Manager]  * Package :  com.unity.modules.unitywebrequestassetbundle@1.0.0
    (location: C:\Program Files\Unity\Hub\Editor\2018.3.4f1\Editor\Data\Resources\PackageManager\BuiltInPackages\com.unity.modules.unitywebrequestassetbundle)
[Package Manager]  * Package :  com.unity.modules.unitywebrequestaudio@1.0.0
    (location: C:\Program Files\Unity\Hub\Editor\2018.3.4f1\Editor\Data\Resources\PackageManager\BuiltInPackages\com.unity.modules.unitywebrequestaudio)
[Package Manager]  * Package :  com.unity.modules.unitywebrequesttexture@1.0.0
    (location: C:\Program Files\Unity\Hub\Editor\2018.3.4f1\Editor\Data\Resources\PackageManager\BuiltInPackages\com.unity.modules.unitywebrequesttexture)
[Package Manager]  * Package :  com.unity.modules.unitywebrequestwww@1.0.0
    (location: C:\Program Files\Unity\Hub\Editor\2018.3.4f1\Editor\Data\Resources\PackageManager\BuiltInPackages\com.unity.modules.unitywebrequestwww)
[Package Manager]  * Package :  com.unity.modules.vehicles@1.0.0
    (location: C:\Program Files\Unity\Hub\Editor\2018.3.4f1\Editor\Data\Resources\PackageManager\BuiltInPackages\com.unity.modules.vehicles)
[Package Manager]  * Package :  com.unity.modules.video@1.0.0
    (location: C:\Program Files\Unity\Hub\Editor\2018.3.4f1\Editor\Data\Resources\PackageManager\BuiltInPackages\com.unity.modules.video)
[Package Manager]  * Package :  com.unity.modules.vr@1.0.0
    (location: C:\Program Files\Unity\Hub\Editor\2018.3.4f1\Editor\Data\Resources\PackageManager\BuiltInPackages\com.unity.modules.vr)
[Package Manager]  * Package :  com.unity.modules.wind@1.0.0
    (location: C:\Program Files\Unity\Hub\Editor\2018.3.4f1\Editor\Data\Resources\PackageManager\BuiltInPackages\com.unity.modules.wind)
[Package Manager]  * Package :  com.unity.modules.xr@1.0.0
    (location: C:\Program Files\Unity\Hub\Editor\2018.3.4f1\Editor\Data\Resources\PackageManager\BuiltInPackages\com.unity.modules.xr)
[Package Manager] Done registering packages in 0.01s seconds
IsTimeToCheckForNewEditor: Update time 1551378027 current 1551376809
Initialize engine version: 2018.3.4f1 (1d952368ca3a)
GfxDevice: creating device client; threaded=1
Direct3D:
    Version:  Direct3D 11.0 [level 11.1]
    Renderer: NVIDIA GeForce GTX 1070 (ID=0x1b81)
    Vendor:   
    VRAM:     8088 MB
    Driver:   25.21.14.1891
[EnlightenBakeManager] m_Clear = false;
WARNING: Shader Unsupported: 'AR/TangoARRender' - Pass '' has no vertex shader
WARNING: Shader Unsupported: 'AR/TangoARRender' - Setting to default shader.
WARNING: Shader Unsupported: 'Hidden/VideoDecodeOSX' - Pass 'Flip_RGBARect_To_RGBA' has no vertex shader
WARNING: Shader Unsupported: 'Hidden/VideoDecodeOSX' - Setting to default shader.
WARNING: Shader Unsupported: 'Hidden/VideoDecodeAndroid' - Pass 'RGBAExternal_To_RGBA' has no vertex shader
WARNING: Shader Unsupported: 'Hidden/VideoDecodeAndroid' - Setting to default shader.
Initialize mono
Mono path[0] = 'C:/Program Files/Unity/Hub/Editor/2018.3.4f1/Editor/Data/Managed'
Mono path[1] = 'C:/Program Files/Unity/Hub/Editor/2018.3.4f1/Editor/Data/MonoBleedingEdge/lib/mono/unityjit'
Mono config path = 'C:/Program Files/Unity/Hub/Editor/2018.3.4f1/Editor/Data/MonoBleedingEdge/etc'
Using monoOptions --debugger-agent=transport=dt_socket,embedding=1,server=y,suspend=n,address=0.0.0.0:56888
Begin MonoManager ReloadAssembly
Refreshing native plugins compatible for Editor in 0.32 ms, found 3 plugins.
Initializing Unity.PackageManager (PackageManager) v2018.3.4 for Unity v2018.3.4f1
Registering precompiled unity dll's ...
Register platform support module: C:\Program Files\Unity\Hub\Editor\2018.3.4f1\Editor\Data\PlaybackEngines\AndroidPlayer/UnityEditor.Android.Extensions.dll
Register platform support module: C:\Program Files\Unity\Hub\Editor\2018.3.4f1\Editor\Data\PlaybackEngines\windowsstandalonesupport/UnityEditor.WindowsStandalone.Extensions.dll
Register platform support module: C:\Program Files\Unity\Hub\Editor\2018.3.4f1\Editor\Data\PlaybackEngines\Facebook/UnityEditor.Facebook.Extensions.dll
Registered in 0.003740 seconds.
Registering platform support modules:
Registered platform support modules in: 0.077486s.
Native extension for Android target not found
Native extension for WindowsStandalone target not found
Native extension for Facebook target not found
Refreshing native plugins compatible for Editor in 0.32 ms, found 3 plugins.
Preloading 1 native plugins for Editor in 1.39 ms.
Mono: successfully reloaded assembly
- Completed reload, in  2.125 seconds
Registering precompiled user dll's ...
Registered in 0.041734 seconds.
Platform modules already initialized, skipping
Begin MonoManager ReloadAssembly
Initializing Unity.PackageManager (PackageManager) v2018.3.4 for Unity v2018.3.4f1
Registering platform support modules:
Registered platform support modules in: 0.0413409s.
Native extension for Android target not found
Native extension for WindowsStandalone target not found
Native extension for Facebook target not found
Refreshing native plugins compatible for Editor in 0.31 ms, found 3 plugins.
Preloading 1 native plugins for Editor in 0.22 ms.
Mono: successfully reloaded assembly
- Completed reload, in  1.240 seconds
Platform modules already initialized, skipping
Validating Project structure ... 0.000929 seconds.
Refresh: detecting if any assets need to be imported or removed ...

Hashing assets (1 files)... 0.001 seconds
  file read: 0.000 seconds (0.005 MB)
  wait for write: 0.000 seconds (I/O thread blocked by consumer, aka CPU bound)
  wait for read: 0.000 seconds (CPUT thread waiting for I/O thread, aka disk bound)
  hash: 0.000 seconds
----- Compute hash(es) for 1 asset(s).

Updating Assets/Scripts/PlayerCharacter.cs - GUID: ffc5bf50e106494438bf0a1262c6461b...
 done. [Time: 71.620225 ms] 
Unloading 419 Unused Serialized files (Serialized files now loaded: 0)
System memory in use before: 141.6 MB.
System memory in use after: 48.8 MB.

Unloading 213 unused Assets to reduce memory usage. Loaded Objects now: 1000.
Total: 25.925095 ms (FindLiveObjects: 0.212405 ms CreateObjectMapping: 0.020480 ms MarkObjects: 2.355470 ms  DeleteObjects: 23.336155 ms)

Script Compilation Pipeline Post Process Assets time: 0.066860s
Assembly Updater Post Process Assets time: 0.000083s
Refreshing native plugins compatible for Editor in 0.38 ms, found 3 plugins.
Preloading 1 native plugins for Editor in 0.21 ms.

Refresh Completed time: 0.270907s
	Asset Scan time: 0.017975s
	Asset Hashing: 0.001010s [5.1 KB, 4.939994 mb/s]
	Asset Import (Scripting) time: 0.071679s (count: 1)
	Post Processs Assets (Scripting) time: 0.086133s
	Asset Rehashing: 0.000000s [0 B, 0.000000 mb/s]
	Asset Import (Non Scripting) time: 0.000000s (count: 0)
	Post Process Assets (Non Scripting) time: 0.000002s
	Dependent Assets to Import Queue time: 0.000276s

Warming cache for 726 main assets: 0.000961 seconds elapsed
Initializing Unity extensions:
 'C:/Program Files/Unity/Hub/Editor/2018.3.4f1/Editor/Data/UnityExtensions/Unity/Timeline/Runtime/UnityEngine.Timeline.dll'  GUID: 6a10b2909283487f913b00d94cd3faf5
 'C:/Program Files/Unity/Hub/Editor/2018.3.4f1/Editor/Data/UnityExtensions/Unity/TestRunner/portable/nunit.framework.dll'  GUID: 405b9b51bb344a128608d968297df79c
 'C:/Program Files/Unity/Hub/Editor/2018.3.4f1/Editor/Data/UnityExtensions/Unity/GUISystem/Standalone/UnityEngine.UI.dll'  GUID: f70555f144d8491a825f0804e09c671c
 'C:/Program Files/Unity/Hub/Editor/2018.3.4f1/Editor/Data/UnityExtensions/Unity/GUISystem/UnityEngine.UI.dll'  GUID: f5f67c52d1564df4a8936ccd202a3bd8
 'C:/Program Files/Unity/Hub/Editor/2018.3.4f1/Editor/Data/UnityExtensions/Unity/Timeline/RuntimeEditor/UnityEngine.Timeline.dll'  GUID: 844f815391db42d49455cbf1a7bfc434
 'C:/Program Files/Unity/Hub/Editor/2018.3.4f1/Editor/Data/UnityExtensions/Unity/Networking/Standalone/UnityEngine.Networking.dll'  GUID: dc443db3e92b4983b9738c1131f555cb
 'C:/Program Files/Unity/Hub/Editor/2018.3.4f1/Editor/Data/UnityExtensions/Unity/UnitySpatialTracking/Runtime/UnityEngine.SpatialTracking.dll'  GUID: ed7343f30e3843b3afda8f8b02669cea
 'C:/Program Files/Unity/Hub/Editor/2018.3.4f1/Editor/Data/UnityExtensions/Unity/UnityGoogleAudioSpatializer/Editor/UnityEditor.GoogleAudioSpatializer.dll'  GUID: 4a3ecb1425d14502837abea459cf2b70
 'C:/Program Files/Unity/Hub/Editor/2018.3.4f1/Editor/Data/UnityExtensions/Unity/Networking/Editor/UnityEditor.Networking.dll'  GUID: 5f32cd94baa94578a686d4b9d6b660f7
 'C:/Program Files/Unity/Hub/Editor/2018.3.4f1/Editor/Data/UnityExtensions/Unity/UnitySpatialTracking/Editor/UnityEditor.SpatialTracking.dll'  GUID: b5da970776034f77a070d99423d68791
 'C:/Program Files/Unity/Hub/Editor/2018.3.4f1/Editor/Data/UnityExtensions/Unity/Networking/UnityEngine.Networking.dll'  GUID: 870353891bb340e2b2a9c8707e7419ba
 'C:/Program Files/Unity/Hub/Editor/2018.3.4f1/Editor/Data/UnityExtensions/Unity/TestRunner/UnityEngine.TestRunner.dll'  GUID: 53ebcfaa2e1e4e2dbc85882cd5a73fa1
 'C:/Program Files/Unity/Hub/Editor/2018.3.4f1/Editor/Data/UnityExtensions/Unity/UnityGoogleAudioSpatializer/RuntimeEditor/UnityEngine.GoogleAudioSpatializer.dll'  GUID: ead147da21254ff9a0a936bdd75e1680
 'C:/Program Files/Unity/Hub/Editor/2018.3.4f1/Editor/Data/UnityExtensions/Unity/UnityGoogleAudioSpatializer/Runtime/UnityEngine.GoogleAudioSpatializer.dll'  GUID: e4f4cf1b9b434137a499903a7a1d651a
 'C:/Program Files/Unity/Hub/Editor/2018.3.4f1/Editor/Data/UnityExtensions/Unity/UnityVR/Editor/UnityEditor.VR.dll'  GUID: 4ba2329b63d54f0187bcaa12486b1b0f
 'C:/Program Files/Unity/Hub/Editor/2018.3.4f1/Editor/Data/UnityExtensions/Unity/UnitySpatialTracking/RuntimeEditor/UnityEngine.SpatialTracking.dll'  GUID: 3a84de5cd0624681b6b6dcd8921d912a
 'C:/Program Files/Unity/Hub/Editor/2018.3.4f1/Editor/Data/UnityExtensions/Unity/GUISystem/Editor/UnityEditor.UI.dll'  GUID: 80a3616ca19596e4da0f10f14d241e9f
 'C:/Program Files/Unity/Hub/Editor/2018.3.4f1/Editor/Data/UnityExtensions/Unity/TestRunner/Editor/UnityEditor.TestRunner.dll'  GUID: 4113173d5e95493ab8765d7b08371de4
 'C:/Program Files/Unity/Hub/Editor/2018.3.4f1/Editor/Data/UnityExtensions/Unity/TestRunner/net35/unity-custom/nunit.framework.dll'  GUID: 4b3fa4bde7f1451a8218c03ee6a8ded8
 'C:/Program Files/Unity/Hub/Editor/2018.3.4f1/Editor/Data/UnityExtensions/Unity/Timeline/Editor/UnityEditor.Timeline.dll'  GUID: 7668179ede524d6396c8b7d84461ea29
Opening scene 'Assets/Scenes/Brad Pablo.unity'
Load scene 'Assets/Scenes/Brad Pablo.unity' time: 0.022235 ms 
Unloading 90 Unused Serialized files (Serialized files now loaded: 0)
System memory in use before: 41.3 MB.
System memory in use after: 41.4 MB.

Unloading 61 unused Assets to reduce memory usage. Loaded Objects now: 1091.
Total: 2.677003 ms (FindLiveObjects: 0.219134 ms CreateObjectMapping: 0.016384 ms MarkObjects: 2.416910 ms  DeleteObjects: 0.024283 ms)

<RI> Initialized touch support.
<RI> Initialized touch support.
<RI> Initialized touch support.
<RI> Initialized touch support.
<RI> Initialized touch support.
<RI> Initialized touch support.
<RI> Initializing input.
<RI> Input initialized.
Launched and connected shader compiler UnityShaderCompiler.exe after 0.04 seconds
- Starting compile Library/ScriptAssemblies/Assembly-CSharp.dll
Created GICache directory at C:/Users/ElleMelMarta/AppData/LocalLow/Unity/Caches/GiCache. Took: 0.058s, timestamps: [8.020 - 8.078]
Issue TrimJob to reduce GI Cache size to maximum 10GB at: 'C:/Users/ElleMelMarta/AppData/LocalLow/Unity/Caches/GiCache'
Setting up 4 worker threads for Enlighten.
  Thread -> id: 2878 -> priority: 1 
  Thread -> id: 668c -> priority: 1 
  Thread -> id: 1bcc -> priority: 1 
  Thread -> id: 11ac -> priority: 1 
TrimDiskCacheJob: Current cache size 0mb
- Finished compile Library/ScriptAssemblies/Assembly-CSharp.dll
Symbols will be read from Temp\Assembly-CSharp.pdb
Script Module: Assembly-CSharp.dll
Pass: 0 took 30 milliseconds
Pass: 1 took 6 milliseconds
Reloading assemblies after finishing script compilation.
Begin MonoManager ReloadAssembly
Initializing Unity.PackageManager (PackageManager) v2018.3.4 for Unity v2018.3.4f1
Registering platform support modules:
Registered platform support modules in: 0.0430808s.
Native extension for Android target not found
Native extension for WindowsStandalone target not found
Native extension for Facebook target not found
Refreshing native plugins compatible for Editor in 0.31 ms, found 3 plugins.
Refreshing native plugins compatible for Editor in 0.31 ms, found 3 plugins.
Preloading 1 native plugins for Editor in 0.18 ms.
Mono: successfully reloaded assembly
Refreshing native plugins compatible for Editor in 0.38 ms, found 3 plugins.
Preloading 1 native plugins for Editor in 0.22 ms.
- Completed reload, in  1.548 seconds
Platform modules already initialized, skipping
Reloading assemblies for play mode.
Begin MonoManager ReloadAssembly
Initializing Unity.PackageManager (PackageManager) v2018.3.4 for Unity v2018.3.4f1
Registering platform support modules:
Registered platform support modules in: 0.0402112s.
Native extension for Android target not found
Native extension for WindowsStandalone target not found
Native extension for Facebook target not found
Refreshing native plugins compatible for Editor in 0.33 ms, found 3 plugins.
Preloading 1 native plugins for Editor in 0.18 ms.
Mono: successfully reloaded assembly
- Completed reload, in  1.363 seconds
Platform modules already initialized, skipping
Load scene 'Temp/__Backupscenes/0.backup' time: 0.302223 ms 
gi::BakeBackendSwitch: Clear() active clients.
gi::BakeBackendSwitch: switching bake backend from 3 to 1.
Load scene 'Temp/__Backupscenes/0.backup' time: 0.273844 ms 
Unloading 36 Unused Serialized files (Serialized files now loaded: 0)
System memory in use before: 53.3 MB.
System memory in use after: 53.3 MB.

Unloading 18 unused Assets to reduce memory usage. Loaded Objects now: 1349.
Total: 4.727910 ms (FindLiveObjects: 0.298420 ms CreateObjectMapping: 0.036571 ms MarkObjects: 4.368928 ms  DeleteObjects: 0.023113 ms)

<RI> Initialized touch support.
Reloading assemblies for play mode.
Begin MonoManager ReloadAssembly
Initializing Unity.PackageManager (PackageManager) v2018.3.4 for Unity v2018.3.4f1
Registering platform support modules:
Registered platform support modules in: 0.040392s.
Native extension for Android target not found
Native extension for WindowsStandalone target not found
Native extension for Facebook target not found
Refreshing native plugins compatible for Editor in 0.31 ms, found 3 plugins.
Refreshing native plugins compatible for Editor in 0.29 ms, found 3 plugins.
Preloading 1 native plugins for Editor in 0.18 ms.
Mono: successfully reloaded assembly
- Completed reload, in  1.352 seconds
Platform modules already initialized, skipping
Load scene 'Temp/__Backupscenes/0.backup' time: 0.341428 ms 
Load scene 'Temp/__Backupscenes/0.backup' time: 0.267408 ms 
Unloading 18 Unused Serialized files (Serialized files now loaded: 0)
System memory in use before: 53.0 MB.
System memory in use after: 53.1 MB.

Unloading 17 unused Assets to reduce memory usage. Loaded Objects now: 1353.
Total: 4.666178 ms (FindLiveObjects: 0.284669 ms CreateObjectMapping: 0.034816 ms MarkObjects: 4.321824 ms  DeleteObjects: 0.024283 ms)

Reloading assemblies for play mode.
Begin MonoManager ReloadAssembly
Initializing Unity.PackageManager (PackageManager) v2018.3.4 for Unity v2018.3.4f1
Registering platform support modules:
Registered platform support modules in: 0.0403531s.
Native extension for Android target not found
Native extension for WindowsStandalone target not found
Native extension for Facebook target not found
Refreshing native plugins compatible for Editor in 0.31 ms, found 3 plugins.
Refreshing native plugins compatible for Editor in 0.29 ms, found 3 plugins.
Preloading 1 native plugins for Editor in 0.18 ms.
Mono: successfully reloaded assembly
- Completed reload, in  1.435 seconds
Platform modules already initialized, skipping
Load scene 'Temp/__Backupscenes/0.backup' time: 0.328555 ms 
Load scene 'Temp/__Backupscenes/0.backup' time: 0.267993 ms 
Unloading 18 Unused Serialized files (Serialized files now loaded: 0)
System memory in use before: 54.1 MB.
System memory in use after: 54.2 MB.

Unloading 17 unused Assets to reduce memory usage. Loaded Objects now: 1445.
Total: 5.064071 ms (FindLiveObjects: 0.318022 ms CreateObjectMapping: 0.035986 ms MarkObjects: 4.685487 ms  DeleteObjects: 0.023405 ms)

<RI> Initialized touch support.
Script Compilation Pipeline Post Process Assets time: 0.000470s
Assembly Updater Post Process Assets time: 0.000133s
Refreshing native plugins compatible for Editor in 0.31 ms, found 3 plugins.

Hashing assets (1 files)... 0.000 seconds
  file read: 0.000 seconds (0.024 MB)
  wait for write: 0.000 seconds (I/O thread blocked by consumer, aka CPU bound)
  wait for read: 0.000 seconds (CPUT thread waiting for I/O thread, aka disk bound)
  hash: 0.000 seconds
Updating Assets/Scenes/Brad Pablo.unity - GUID: 738f4c5181f31b040a31f6008ad74556...
 done. [Time: 6.425978 ms] 
Updating ProjectSettings/ProjectSettings.asset - GUID: 00000000000000004000000000000000...
 done. [Time: 4.343474 ms] 
Script Compilation Pipeline Post Process Assets time: 0.000013s
Assembly Updater Post Process Assets time: 0.000169s
Refreshing native plugins compatible for Editor in 0.37 ms, found 3 plugins.
Preloading 1 native plugins for Editor in 0.20 ms.

Hashing assets (1 files)... 0.000 seconds
  file read: 0.000 seconds (0.024 MB)
  wait for write: 0.000 seconds (I/O thread blocked by consumer, aka CPU bound)
  wait for read: 0.000 seconds (CPUT thread waiting for I/O thread, aka disk bound)
  hash: 0.000 seconds
Updating Assets/Scenes/Brad Pablo.unity - GUID: 738f4c5181f31b040a31f6008ad74556...
 done. [Time: 3.607079 ms] 
Script Compilation Pipeline Post Process Assets time: 0.000009s
Assembly Updater Post Process Assets time: 0.000078s
Refreshing native plugins compatible for Editor in 0.52 ms, found 3 plugins.
Preloading 1 native plugins for Editor in 0.28 ms.

Hashing assets (1 files)... 0.000 seconds
  file read: 0.000 seconds (0.006 MB)
  wait for write: 0.000 seconds (I/O thread blocked by consumer, aka CPU bound)
  wait for read: 0.000 seconds (CPUT thread waiting for I/O thread, aka disk bound)
  hash: 0.000 seconds
Updating Assets/Prefabs/Player.prefab - GUID: 5de3212507d81664f8b4ab083a2ed668...
 done. [Time: 14.342886 ms] 
Script Compilation Pipeline Post Process Assets time: 0.000030s
Assembly Updater Post Process Assets time: 0.000088s
Refreshing native plugins compatible for Editor in 0.38 ms, found 3 plugins.
Preloading 1 native plugins for Editor in 0.20 ms.

Hashing assets (1 files)... 0.001 seconds
  file read: 0.000 seconds (0.006 MB)
  wait for write: 0.000 seconds (I/O thread blocked by consumer, aka CPU bound)
  wait for read: 0.000 seconds (CPUT thread waiting for I/O thread, aka disk bound)
  hash: 0.000 seconds
Updating Assets/Prefabs/Player.prefab - GUID: 5de3212507d81664f8b4ab083a2ed668...
 done. [Time: 9.001460 ms] 
Script Compilation Pipeline Post Process Assets time: 0.000008s
Assembly Updater Post Process Assets time: 0.000061s
Refreshing native plugins compatible for Editor in 0.38 ms, found 3 plugins.
Preloading 1 native plugins for Editor in 0.20 ms.
Script Compilation Pipeline Post Process Assets time: 0.000006s
Assembly Updater Post Process Assets time: 0.000059s

Hashing assets (1 files)... 0.000 seconds
  file read: 0.000 seconds (0.024 MB)
  wait for write: 0.000 seconds (I/O thread blocked by consumer, aka CPU bound)
  wait for read: 0.000 seconds (CPUT thread waiting for I/O thread, aka disk bound)
  hash: 0.000 seconds
Updating Assets/Scenes/Brad Pablo.unity - GUID: 738f4c5181f31b040a31f6008ad74556...
 done. [Time: 3.327969 ms] 
Script Compilation Pipeline Post Process Assets time: 0.000007s
Assembly Updater Post Process Assets time: 0.000055s
Refreshing native plugins compatible for Editor in 0.32 ms, found 3 plugins.
Preloading 1 native plugins for Editor in 0.18 ms.

Hashing assets (1 files)... 0.000 seconds
  file read: 0.000 seconds (0.024 MB)
  wait for write: 0.000 seconds (I/O thread blocked by consumer, aka CPU bound)
  wait for read: 0.000 seconds (CPUT thread waiting for I/O thread, aka disk bound)
  hash: 0.000 seconds
Updating Assets/Scenes/Brad Pablo.unity - GUID: 738f4c5181f31b040a31f6008ad74556...
 done. [Time: 3.184903 ms] 
Script Compilation Pipeline Post Process Assets time: 0.000007s
Assembly Updater Post Process Assets time: 0.000056s
Refreshing native plugins compatible for Editor in 0.39 ms, found 3 plugins.
Preloading 1 native plugins for Editor in 0.21 ms.
<RI> Initialized touch support.
<RI> Initialized touch support.
Reloading assemblies for play mode.
Begin MonoManager ReloadAssembly
Initializing Unity.PackageManager (PackageManager) v2018.3.4 for Unity v2018.3.4f1
Registering platform support modules:
Registered platform support modules in: 0.0400921s.
Native extension for Android target not found
Native extension for WindowsStandalone target not found
Native extension for Facebook target not found
Refreshing native plugins compatible for Editor in 0.31 ms, found 3 plugins.
Preloading 1 native plugins for Editor in 0.19 ms.
Mono: successfully reloaded assembly
- Completed reload, in  1.449 seconds
Platform modules already initialized, skipping
Load scene 'Temp/__Backupscenes/0.backup' time: 0.298420 ms 
Setting up 4 worker threads for Enlighten.
  Thread -> id: 167c -> priority: 1 
  Thread -> id: 1c70 -> priority: 1 
  Thread -> id: 577c -> priority: 1 
  Thread -> id: 4c08 -> priority: 1 
Load scene 'Temp/__Backupscenes/0.backup' time: 0.278233 ms 
Unloading 70 Unused Serialized files (Serialized files now loaded: 0)
System memory in use before: 220.7 MB.
System memory in use after: 220.9 MB.

Unloading 72 unused Assets to reduce memory usage. Loaded Objects now: 1546.
Total: 5.289349 ms (FindLiveObjects: 0.281744 ms CreateObjectMapping: 0.028087 ms MarkObjects: 4.944703 ms  DeleteObjects: 0.033645 ms)

Setting up 4 worker threads for Enlighten.
  Thread -> id: 3be8 -> priority: 1 
  Thread -> id: 4f40 -> priority: 1 
  Thread -> id: 26c0 -> priority: 1 
  Thread -> id: 2088 -> priority: 1 
Reloading assemblies for play mode.
Begin MonoManager ReloadAssembly
Initializing Unity.PackageManager (PackageManager) v2018.3.4 for Unity v2018.3.4f1
Registering platform support modules:
Registered platform support modules in: 0.0414552s.
Native extension for Android target not found
Native extension for WindowsStandalone target not found
Native extension for Facebook target not found
Refreshing native plugins compatible for Editor in 0.30 ms, found 3 plugins.
Refreshing native plugins compatible for Editor in 0.30 ms, found 3 plugins.
Preloading 1 native plugins for Editor in 0.18 ms.
Mono: successfully reloaded assembly
- Completed reload, in  1.402 seconds
Platform modules already initialized, skipping
Load scene 'Temp/__Backupscenes/0.backup' time: 0.324459 ms 
Setting up 4 worker threads for Enlighten.
  Thread -> id: 758 -> priority: 1 
  Thread -> id: 2ac4 -> priority: 1 
  Thread -> id: 403c -> priority: 1 
  Thread -> id: 5f24 -> priority: 1 
Load scene 'Temp/__Backupscenes/0.backup' time: 0.269163 ms 
Unloading 17 Unused Serialized files (Serialized files now loaded: 0)
System memory in use before: 209.5 MB.
System memory in use after: 209.6 MB.

Unloading 17 unused Assets to reduce memory usage. Loaded Objects now: 1547.
Total: 4.448507 ms (FindLiveObjects: 0.264190 ms CreateObjectMapping: 0.020480 ms MarkObjects: 4.140724 ms  DeleteObjects: 0.022235 ms)

Setting up 4 worker threads for Enlighten.
  Thread -> id: 67a4 -> priority: 1 
  Thread -> id: 1a0c -> priority: 1 
  Thread -> id: 60c8 -> priority: 1 
  Thread -> id: 5d54 -> priority: 1 
<RI> Initialized touch support.
Reloading assemblies for play mode.
Begin MonoManager ReloadAssembly
Initializing Unity.PackageManager (PackageManager) v2018.3.4 for Unity v2018.3.4f1
Registering platform support modules:
Registered platform support modules in: 0.0407923s.
Native extension for Android target not found
Native extension for WindowsStandalone target not found
Native extension for Facebook target not found
Refreshing native plugins compatible for Editor in 0.31 ms, found 3 plugins.
Refreshing native plugins compatible for Editor in 0.31 ms, found 3 plugins.
Preloading 1 native plugins for Editor in 0.19 ms.
Mono: successfully reloaded assembly
- Completed reload, in  1.472 seconds
Platform modules already initialized, skipping
Load scene 'Temp/__Backupscenes/0.backup' time: 0.347279 ms 
Setting up 4 worker threads for Enlighten.
  Thread -> id: 3f48 -> priority: 1 
  Thread -> id: 6bb0 -> priority: 1 
  Thread -> id: 61f8 -> priority: 1 
  Thread -> id: 59f8 -> priority: 1 
Load scene 'Temp/__Backupscenes/0.backup' time: 0.270041 ms 
Unloading 67 Unused Serialized files (Serialized files now loaded: 0)
System memory in use before: 207.1 MB.
System memory in use after: 207.2 MB.

Unloading 66 unused Assets to reduce memory usage. Loaded Objects now: 1524.
Total: 5.369220 ms (FindLiveObjects: 0.344061 ms CreateObjectMapping: 0.043300 ms MarkObjects: 4.950262 ms  DeleteObjects: 0.030720 ms)

Setting up 4 worker threads for Enlighten.
  Thread -> id: 6bc0 -> priority: 1 
  Thread -> id: 2f38 -> priority: 1 
  Thread -> id: 2fec -> priority: 1 
  Thread -> id: 4a14 -> priority: 1 
Reloading assemblies for play mode.
Begin MonoManager ReloadAssembly
Initializing Unity.PackageManager (PackageManager) v2018.3.4 for Unity v2018.3.4f1
Registering platform support modules:
Registered platform support modules in: 0.0403385s.
Native extension for Android target not found
Native extension for WindowsStandalone target not found
Native extension for Facebook target not found
Refreshing native plugins compatible for Editor in 0.31 ms, found 3 plugins.
Refreshing native plugins compatible for Editor in 0.52 ms, found 3 plugins.
Preloading 1 native plugins for Editor in 0.21 ms.
Mono: successfully reloaded assembly
- Completed reload, in  1.459 seconds
Platform modules already initialized, skipping
Load scene 'Temp/__Backupscenes/0.backup' time: 0.309830 ms 
Setting up 4 worker threads for Enlighten.
  Thread -> id: 5910 -> priority: 1 
  Thread -> id: 3fc8 -> priority: 1 
  Thread -> id: cd0 -> priority: 1 
  Thread -> id: 566c -> priority: 1 
Load scene 'Temp/__Backupscenes/0.backup' time: 0.260679 ms 
Unloading 67 Unused Serialized files (Serialized files now loaded: 0)
System memory in use before: 211.0 MB.
System memory in use after: 211.0 MB.

Unloading 66 unused Assets to reduce memory usage. Loaded Objects now: 1532.
Total: 5.020771 ms (FindLiveObjects: 0.332651 ms CreateObjectMapping: 0.021943 ms MarkObjects: 4.631947 ms  DeleteObjects: 0.032475 ms)

Setting up 4 worker threads for Enlighten.
  Thread -> id: 2190 -> priority: 1 
  Thread -> id: 5220 -> priority: 1 
  Thread -> id: 31b0 -> priority: 1 
  Thread -> id: 2fe8 -> priority: 1 
Reloading assemblies for play mode.
Begin MonoManager ReloadAssembly
Initializing Unity.PackageManager (PackageManager) v2018.3.4 for Unity v2018.3.4f1
Registering platform support modules:
Registered platform support modules in: 0.0403192s.
Native extension for Android target not found
Native extension for WindowsStandalone target not found
Native extension for Facebook target not found
Refreshing native plugins compatible for Editor in 0.31 ms, found 3 plugins.
Refreshing native plugins compatible for Editor in 0.29 ms, found 3 plugins.
Preloading 1 native plugins for Editor in 0.18 ms.
Mono: successfully reloaded assembly
- Completed reload, in  1.472 seconds
Platform modules already initialized, skipping
Load scene 'Temp/__Backupscenes/0.backup' time: 0.332358 ms 
Setting up 4 worker threads for Enlighten.
  Thread -> id: 45ec -> priority: 1 
  Thread -> id: 6540 -> priority: 1 
  Thread -> id: 4e34 -> priority: 1 
  Thread -> id: 1298 -> priority: 1 
<RI> Initialized touch support.
<RI> Initialized touch support.
Load scene 'Temp/__Backupscenes/0.backup' time: 0.275600 ms 
Unloading 67 Unused Serialized files (Serialized files now loaded: 0)
System memory in use before: 225.0 MB.
System memory in use after: 225.1 MB.

Unloading 66 unused Assets to reduce memory usage. Loaded Objects now: 1541.
Total: 5.053831 ms (FindLiveObjects: 0.300761 ms CreateObjectMapping: 0.021650 ms MarkObjects: 4.697190 ms  DeleteObjects: 0.033060 ms)

Setting up 4 worker threads for Enlighten.
  Thread -> id: 2854 -> priority: 1 
  Thread -> id: 54ac -> priority: 1 
  Thread -> id: 126c -> priority: 1 
  Thread -> id: 462c -> priority: 1 
Reloading assemblies for play mode.
Begin MonoManager ReloadAssembly
Initializing Unity.PackageManager (PackageManager) v2018.3.4 for Unity v2018.3.4f1
Registering platform support modules:
Registered platform support modules in: 0.042483s.
Native extension for Android target not found
Native extension for WindowsStandalone target not found
Native extension for Facebook target not found
Refreshing native plugins compatible for Editor in 0.31 ms, found 3 plugins.
Refreshing native plugins compatible for Editor in 0.29 ms, found 3 plugins.
Preloading 1 native plugins for Editor in 0.18 ms.
Mono: successfully reloaded assembly
- Completed reload, in  1.460 seconds
Platform modules already initialized, skipping
Load scene 'Temp/__Backupscenes/0.backup' time: 0.315096 ms 
Setting up 4 worker threads for Enlighten.
  Thread -> id: 579c -> priority: 1 
  Thread -> id: 6a7c -> priority: 1 
  Thread -> id: 4a84 -> priority: 1 
  Thread -> id: a28 -> priority: 1 
Load scene 'Temp/__Backupscenes/0.backup' time: 0.255998 ms 
Unloading 17 Unused Serialized files (Serialized files now loaded: 0)
System memory in use before: 227.9 MB.
System memory in use after: 228.0 MB.

Unloading 17 unused Assets to reduce memory usage. Loaded Objects now: 1545.
Total: 5.003217 ms (FindLiveObjects: 0.271504 ms CreateObjectMapping: 0.021065 ms MarkObjects: 4.687243 ms  DeleteObjects: 0.022528 ms)

Setting up 4 worker threads for Enlighten.
  Thread -> id: 32d8 -> priority: 1 
  Thread -> id: 4394 -> priority: 1 
  Thread -> id: 21cc -> priority: 1 
  Thread -> id: 5fb4 -> priority: 1 
<RI> Initialized touch support.
<RI> Initialized touch support.

Hashing assets (1 files)... 0.001 seconds
  file read: 0.000 seconds (0.005 MB)
  wait for write: 0.000 seconds (I/O thread blocked by consumer, aka CPU bound)
  wait for read: 0.000 seconds (CPUT thread waiting for I/O thread, aka disk bound)
  hash: 0.000 seconds
Updating Assets/Prefabs/Player.prefab - GUID: 5de3212507d81664f8b4ab083a2ed668...
 done. [Time: 17.400522 ms] 
Script Compilation Pipeline Post Process Assets time: 0.000139s
Assembly Updater Post Process Assets time: 0.000084s
Refreshing native plugins compatible for Editor in 0.31 ms, found 3 plugins.
Refreshing native plugins compatible for Editor in 0.38 ms, found 3 plugins.
Preloading 1 native plugins for Editor in 0.22 ms.
<RI> Initialized touch support.

Hashing assets (1 files)... 0.001 seconds
  file read: 0.000 seconds (0.005 MB)
  wait for write: 0.000 seconds (I/O thread blocked by consumer, aka CPU bound)
  wait for read: 0.000 seconds (CPUT thread waiting for I/O thread, aka disk bound)
  hash: 0.000 seconds
Updating Assets/Prefabs/Player.prefab - GUID: 5de3212507d81664f8b4ab083a2ed668...
 done. [Time: 8.875071 ms] 
Script Compilation Pipeline Post Process Assets time: 0.000009s
Assembly Updater Post Process Assets time: 0.000063s
Refreshing native plugins compatible for Editor in 0.39 ms, found 3 plugins.
Preloading 1 native plugins for Editor in 0.20 ms.

Hashing assets (1 files)... 0.000 seconds
  file read: 0.000 seconds (0.005 MB)
  wait for write: 0.000 seconds (I/O thread blocked by consumer, aka CPU bound)
  wait for read: 0.000 seconds (CPUT thread waiting for I/O thread, aka disk bound)
  hash: 0.000 seconds
Updating Assets/Prefabs/Player.prefab - GUID: 5de3212507d81664f8b4ab083a2ed668...
 done. [Time: 78.715893 ms] 
Script Compilation Pipeline Post Process Assets time: 0.000008s
Assembly Updater Post Process Assets time: 0.000062s
Refreshing native plugins compatible for Editor in 0.40 ms, found 3 plugins.
Preloading 1 native plugins for Editor in 0.22 ms.

Hashing assets (1 files)... 0.001 seconds
  file read: 0.000 seconds (0.005 MB)
  wait for write: 0.000 seconds (I/O thread blocked by consumer, aka CPU bound)
  wait for read: 0.000 seconds (CPUT thread waiting for I/O thread, aka disk bound)
  hash: 0.000 seconds
Updating Assets/Prefabs/Player.prefab - GUID: 5de3212507d81664f8b4ab083a2ed668...
 done. [Time: 9.210062 ms] 
Script Compilation Pipeline Post Process Assets time: 0.000015s
Assembly Updater Post Process Assets time: 0.000065s
Refreshing native plugins compatible for Editor in 0.38 ms, found 3 plugins.
Preloading 1 native plugins for Editor in 0.24 ms.

Hashing assets (1 files)... 0.001 seconds
  file read: 0.000 seconds (0.005 MB)
  wait for write: 0.000 seconds (I/O thread blocked by consumer, aka CPU bound)
  wait for read: 0.000 seconds (CPUT thread waiting for I/O thread, aka disk bound)
  hash: 0.000 seconds
Updating Assets/Prefabs/Player.prefab - GUID: 5de3212507d81664f8b4ab083a2ed668...
 done. [Time: 9.233467 ms] 
Script Compilation Pipeline Post Process Assets time: 0.000014s
Assembly Updater Post Process Assets time: 0.000063s
Refreshing native plugins compatible for Editor in 0.39 ms, found 3 plugins.
Preloading 1 native plugins for Editor in 0.20 ms.

Hashing assets (1 files)... 0.001 seconds
  file read: 0.000 seconds (0.005 MB)
  wait for write: 0.000 seconds (I/O thread blocked by consumer, aka CPU bound)
  wait for read: 0.000 seconds (CPUT thread waiting for I/O thread, aka disk bound)
  hash: 0.000 seconds
Updating Assets/Prefabs/Player.prefab - GUID: 5de3212507d81664f8b4ab083a2ed668...
 done. [Time: 8.919541 ms] 
Script Compilation Pipeline Post Process Assets time: 0.000010s
Assembly Updater Post Process Assets time: 0.000063s
Refreshing native plugins compatible for Editor in 0.39 ms, found 3 plugins.
Preloading 1 native plugins for Editor in 0.21 ms.
Reloading assemblies for play mode.
Begin MonoManager ReloadAssembly
Initializing Unity.PackageManager (PackageManager) v2018.3.4 for Unity v2018.3.4f1
Registering platform support modules:
Registered platform support modules in: 0.0408494s.
Native extension for Android target not found
Native extension for WindowsStandalone target not found
Native extension for Facebook target not found
Refreshing native plugins compatible for Editor in 0.33 ms, found 3 plugins.
Preloading 1 native plugins for Editor in 0.18 ms.
Mono: successfully reloaded assembly
- Completed reload, in  1.510 seconds
Platform modules already initialized, skipping
Load scene 'Temp/__Backupscenes/0.backup' time: 0.280573 ms 
Setting up 4 worker threads for Enlighten.
  Thread -> id: 606c -> priority: 1 
  Thread -> id: 2a70 -> priority: 1 
  Thread -> id: 6180 -> priority: 1 
  Thread -> id: 6670 -> priority: 1 
<RI> Initialized touch support.
<RI> Initialized touch support.
[CEF] Unrecognized Content-Security-Policy directive 'child-src'.
 in https://assetstore.unity.com/unity/loader?rt=%2F
Screen position out of view frustum (screen pos 899.115479, 356.000000) (Camera rect 2 356 1339 0)
UnityEngine.Camera:ScreenPointToRay_Injected()
UnityEngine.Camera:ScreenPointToRay(Vector2, MonoOrStereoscopicEye)
UnityEngine.Camera:ScreenPointToRay(Vector3, MonoOrStereoscopicEye) (at C:\buildslave\unity\build\Runtime\Export\Camera.bindings.cs:152)
UnityEngine.Camera:ScreenPointToRay(Vector3) (at C:\buildslave\unity\build\Runtime\Export\Camera.bindings.cs:153)
UnityEditor.HandleUtility:GUIPointToWorldRay(Vector2) (at C:\buildslave\unity\build\Editor\Mono\HandleUtility.cs:462)
UnityEditor.RectHandles:RaycastGUIPointToWorldHit(Vector2, Plane, Vector3&) (at C:\buildslave\unity\build\Editor\Mono\Inspector\RectHandles.cs:20)
UnityEditor.RectHandles:RotationSlider(Int32, Vector3, Single, Vector3, Vector3, Vector3, Vector3, Single, CapFunction, Vector2) (at C:\buildslave\unity\build\Editor\Mono\Inspector\RectHandles.cs:129)
UnityEditor.RectTool:RotationHandlesGUI(Rect, Vector3, Quaternion) (at C:\buildslave\unity\build\Editor\Mono\GUI\Tools\BuiltinTools.cs:929)
UnityEditor.RectTool:ToolGUI(SceneView, Vector3, Boolean) (at C:\buildslave\unity\build\Editor\Mono\GUI\Tools\BuiltinTools.cs:426)
UnityEditor.ManipulationTool:OnToolGUI(SceneView) (at C:\buildslave\unity\build\Editor\Mono\GUI\Tools\BuiltinTools.cs:24)
UnityEditor.RectTool:OnGUI(SceneView) (at C:\buildslave\unity\build\Editor\Mono\GUI\Tools\BuiltinTools.cs:318)
UnityEditor.SceneView:DefaultHandles() (at C:\buildslave\unity\build\Editor\Mono\SceneView\SceneView.cs:2509)
UnityEditor.SceneView:OnGUI() (at C:\buildslave\unity\build\Editor\Mono\SceneView\SceneView.cs:1992)
System.Reflection.MonoMethod:InternalInvoke()
System.Reflection.MonoMethod:Invoke(Object, BindingFlags, Binder, Object[], CultureInfo)
System.Reflection.MethodBase:Invoke(Object, Object[])
UnityEditor.HostView:Invoke(String, Object) (at C:\buildslave\unity\build\Editor\Mono\HostView.cs:342)
UnityEditor.HostView:Invoke(String) (at C:\buildslave\unity\build\Editor\Mono\HostView.cs:336)
UnityEditor.HostView:InvokeOnGUI(Rect, Rect) (at C:\buildslave\unity\build\Editor\Mono\HostView.cs:302)
UnityEditor.DockArea:DrawView(Rect, Rect, Boolean, Boolean, Boolean) (at C:\buildslave\unity\build\Editor\Mono\GUI\DockArea.cs:361)
UnityEditor.DockArea:OldOnGUI() (at C:\buildslave\unity\build\Editor\Mono\GUI\DockArea.cs:320)
UnityEngine.Experimental.UIElements.IMGUIContainer:DoOnGUI(Event, Matrix4x4, Rect, Boolean) (at C:\buildslave\unity\build\Modules\UIElements\IMGUIContainer.cs:244)
UnityEngine.Experimental.UIElements.IMGUIContainer:HandleIMGUIEvent(Event, Matrix4x4, Rect) (at C:\buildslave\unity\build\Modules\UIElements\IMGUIContainer.cs:438)
UnityEngine.Experimental.UIElements.IMGUIContainer:HandleIMGUIEvent(Event) (at C:\buildslave\unity\build\Modules\UIElements\IMGUIContainer.cs:421)
UnityEngine.Experimental.UIElements.IMGUIContainer:HandleEvent(EventBase) (at C:\buildslave\unity\build\Modules\UIElements\IMGUIContainer.cs:401)
UnityEngine.Experimental.UIElements.EventDispatcher:PropagateEvent(EventBase) (at C:\buildslave\unity\build\Modules\UIElements\EventDispatcher.cs:754)
UnityEngine.Experimental.UIElements.EventDispatcher:ProcessEvent(EventBase, IPanel) (at C:\buildslave\unity\build\Modules\UIElements\EventDispatcher.cs:599)
UnityEngine.Experimental.UIElements.EventDispatcher:Dispatch(EventBase, IPanel, DispatchMode) (at C:\buildslave\unity\build\Modules\UIElements\EventDispatcher.cs:307)
UnityEngine.Experimental.UIElements.BaseVisualElementPanel:SendEvent(EventBase, DispatchMode) (at C:\buildslave\unity\build\Modules\UIElements\Panel.cs:176)
UnityEngine.Experimental.UIElements.UIElementsUtility:DoDispatch(BaseVisualElementPanel) (at C:\buildslave\unity\build\Modules\UIElements\UIElementsUtility.cs:245)
UnityEngine.Experimental.UIElements.UIElementsUtility:ProcessEvent(Int32, IntPtr) (at C:\buildslave\unity\build\Modules\UIElements\UIElementsUtility.cs:68)
UnityEngine.GUIUtility:ProcessEvent(Int32, IntPtr) (at C:\buildslave\unity\build\Modules\IMGUI\GUIUtility.cs:179)

[C:\buildslave\unity\build\Runtime/Camera/Camera.cpp line 3377] 
(Filename: C:/buildslave/unity/build/Runtime/Export/Camera.bindings.cs Line: 152)

Screen position out of view frustum (screen pos 899.115479, 356.000000) (Camera rect 2 356 1339 0)
UnityEngine.Camera:ScreenPointToRay_Injected()
UnityEngine.Camera:ScreenPointToRay(Vector2, MonoOrStereoscopicEye)
UnityEngine.Camera:ScreenPointToRay(Vector3, MonoOrStereoscopicEye) (at C:\buildslave\unity\build\Runtime\Export\Camera.bindings.cs:152)
UnityEngine.Camera:ScreenPointToRay(Vector3) (at C:\buildslave\unity\build\Runtime\Export\Camera.bindings.cs:153)
UnityEditor.HandleUtility:GUIPointToWorldRay(Vector2) (at C:\buildslave\unity\build\Editor\Mono\HandleUtility.cs:462)
UnityEditor.RectHandles:RaycastGUIPointToWorldHit(Vector2, Plane, Vector3&) (at C:\buildslave\unity\build\Editor\Mono\Inspector\RectHandles.cs:20)
UnityEditor.RectHandles:RotationSlider(Int32, Vector3, Single, Vector3, Vector3, Vector3, Vector3, Single, CapFunction, Vector2) (at C:\buildslave\unity\build\Editor\Mono\Inspector\RectHandles.cs:129)
UnityEditor.RectTool:RotationHandlesGUI(Rect, Vector3, Quaternion) (at C:\buildslave\unity\build\Editor\Mono\GUI\Tools\BuiltinTools.cs:929)
UnityEditor.RectTool:ToolGUI(SceneView, Vector3, Boolean) (at C:\buildslave\unity\build\Editor\Mono\GUI\Tools\BuiltinTools.cs:426)
UnityEditor.ManipulationTool:OnToolGUI(SceneView) (at C:\buildslave\unity\build\Editor\Mono\GUI\Tools\BuiltinTools.cs:24)
UnityEditor.RectTool:OnGUI(SceneView) (at C:\buildslave\unity\build\Editor\Mono\GUI\Tools\BuiltinTools.cs:318)
UnityEditor.SceneView:DefaultHandles() (at C:\buildslave\unity\build\Editor\Mono\SceneView\SceneView.cs:2509)
UnityEditor.SceneView:OnGUI() (at C:\buildslave\unity\build\Editor\Mono\SceneView\SceneView.cs:1992)
System.Reflection.MonoMethod:InternalInvoke()
System.Reflection.MonoMethod:Invoke(Object, BindingFlags, Binder, Object[], CultureInfo)
System.Reflection.MethodBase:Invoke(Object, Object[])
UnityEditor.HostView:Invoke(String, Object) (at C:\buildslave\unity\build\Editor\Mono\HostView.cs:342)
UnityEditor.HostView:Invoke(String) (at C:\buildslave\unity\build\Editor\Mono\HostView.cs:336)
UnityEditor.HostView:InvokeOnGUI(Rect, Rect) (at C:\buildslave\unity\build\Editor\Mono\HostView.cs:302)
UnityEditor.DockArea:DrawView(Rect, Rect, Boolean, Boolean, Boolean) (at C:\buildslave\unity\build\Editor\Mono\GUI\DockArea.cs:361)
UnityEditor.DockArea:OldOnGUI() (at C:\buildslave\unity\build\Editor\Mono\GUI\DockArea.cs:320)
UnityEngine.Experimental.UIElements.IMGUIContainer:DoOnGUI(Event, Matrix4x4, Rect, Boolean) (at C:\buildslave\unity\build\Modules\UIElements\IMGUIContainer.cs:244)
UnityEngine.Experimental.UIElements.IMGUIContainer:HandleIMGUIEvent(Event, Matrix4x4, Rect) (at C:\buildslave\unity\build\Modules\UIElements\IMGUIContainer.cs:438)
UnityEngine.Experimental.UIElements.IMGUIContainer:HandleIMGUIEvent(Event) (at C:\buildslave\unity\build\Modules\UIElements\IMGUIContainer.cs:421)
UnityEngine.Experimental.UIElements.IMGUIContainer:HandleEvent(EventBase) (at C:\buildslave\unity\build\Modules\UIElements\IMGUIContainer.cs:401)
UnityEngine.Experimental.UIElements.EventDispatcher:PropagateEvent(EventBase) (at C:\buildslave\unity\build\Modules\UIElements\EventDispatcher.cs:754)
UnityEngine.Experimental.UIElements.EventDispatcher:ProcessEvent(EventBase, IPanel) (at C:\buildslave\unity\build\Modules\UIElements\EventDispatcher.cs:599)
UnityEngine.Experimental.UIElements.EventDispatcher:Dispatch(EventBase, IPanel, DispatchMode) (at C:\buildslave\unity\build\Modules\UIElements\EventDispatcher.cs:307)
UnityEngine.Experimental.UIElements.BaseVisualElementPanel:SendEvent(EventBase, DispatchMode) (at C:\buildslave\unity\build\Modules\UIElements\Panel.cs:176)
UnityEngine.Experimental.UIElements.UIElementsUtility:DoDispatch(BaseVisualElementPanel) (at C:\buildslave\unity\build\Modules\UIElements\UIElementsUtility.cs:245)
UnityEngine.Experimental.UIElements.UIElementsUtility:ProcessEvent(Int32, IntPtr) (at C:\buildslave\unity\build\Modules\UIElements\UIElementsUtility.cs:68)
UnityEngine.GUIUtility:ProcessEvent(Int32, IntPtr) (at C:\buildslave\unity\build\Modules\IMGUI\GUIUtility.cs:179)

[C:\buildslave\unity\build\Runtime/Camera/Camera.cpp line 3377] 
(Filename: C:/buildslave/unity/build/Runtime/Export/Camera.bindings.cs Line: 152)

Screen position out of view frustum (screen pos -424.663177, 356.000000) (Camera rect 2 356 1339 0)
UnityEngine.Camera:ScreenPointToRay_Injected()
UnityEngine.Camera:ScreenPointToRay(Vector2, MonoOrStereoscopicEye)
UnityEngine.Camera:ScreenPointToRay(Vector3, MonoOrStereoscopicEye) (at C:\buildslave\unity\build\Runtime\Export\Camera.bindings.cs:152)
UnityEngine.Camera:ScreenPointToRay(Vector3) (at C:\buildslave\unity\build\Runtime\Export\Camera.bindings.cs:153)
UnityEditor.HandleUtility:GUIPointToWorldRay(Vector2) (at C:\buildslave\unity\build\Editor\Mono\HandleUtility.cs:462)
UnityEditor.RectHandles:RaycastGUIPointToWorldHit(Vector2, Plane, Vector3&) (at C:\buildslave\unity\build\Editor\Mono\Inspector\RectHandles.cs:20)
UnityEditor.RectHandles:RotationSlider(Int32, Vector3, Single, Vector3, Vector3, Vector3, Vector3, Single, CapFunction, Vector2) (at C:\buildslave\unity\build\Editor\Mono\Inspector\RectHandles.cs:129)
UnityEditor.RectTool:RotationHandlesGUI(Rect, Vector3, Quaternion) (at C:\buildslave\unity\build\Editor\Mono\GUI\Tools\BuiltinTools.cs:929)
UnityEditor.RectTool:ToolGUI(SceneView, Vector3, Boolean) (at C:\buildslave\unity\build\Editor\Mono\GUI\Tools\BuiltinTools.cs:426)
UnityEditor.ManipulationTool:OnToolGUI(SceneView) (at C:\buildslave\unity\build\Editor\Mono\GUI\Tools\BuiltinTools.cs:24)
UnityEditor.RectTool:OnGUI(SceneView) (at C:\buildslave\unity\build\Editor\Mono\GUI\Tools\BuiltinTools.cs:318)
UnityEditor.SceneView:DefaultHandles() (at C:\buildslave\unity\build\Editor\Mono\SceneView\SceneView.cs:2509)
UnityEditor.SceneView:OnGUI() (at C:\buildslave\unity\build\Editor\Mono\SceneView\SceneView.cs:1992)
System.Reflection.MonoMethod:InternalInvoke()
System.Reflection.MonoMethod:Invoke(Object, BindingFlags, Binder, Object[], CultureInfo)
System.Reflection.MethodBase:Invoke(Object, Object[])
UnityEditor.HostView:Invoke(String, Object) (at C:\buildslave\unity\build\Editor\Mono\HostView.cs:342)
UnityEditor.HostView:Invoke(String) (at C:\buildslave\unity\build\Editor\Mono\HostView.cs:336)
UnityEditor.HostView:InvokeOnGUI(Rect, Rect) (at C:\buildslave\unity\build\Editor\Mono\HostView.cs:302)
UnityEditor.DockArea:DrawView(Rect, Rect, Boolean, Boolean, Boolean) (at C:\buildslave\unity\build\Editor\Mono\GUI\DockArea.cs:361)
UnityEditor.DockArea:OldOnGUI() (at C:\buildslave\unity\build\Editor\Mono\GUI\DockArea.cs:320)
UnityEngine.Experimental.UIElements.IMGUIContainer:DoOnGUI(Event, Matrix4x4, Rect, Boolean) (at C:\buildslave\unity\build\Modules\UIElements\IMGUIContainer.cs:244)
UnityEngine.Experimental.UIElements.IMGUIContainer:HandleIMGUIEvent(Event, Matrix4x4, Rect) (at C:\buildslave\unity\build\Modules\UIElements\IMGUIContainer.cs:438)
UnityEngine.Experimental.UIElements.IMGUIContainer:HandleIMGUIEvent(Event) (at C:\buildslave\unity\build\Modules\UIElements\IMGUIContainer.cs:421)
UnityEngine.Experimental.UIElements.IMGUIContainer:HandleEvent(EventBase) (at C:\buildslave\unity\build\Modules\UIElements\IMGUIContainer.cs:401)
UnityEngine.Experimental.UIElements.EventDispatcher:PropagateEvent(EventBase) (at C:\buildslave\unity\build\Modules\UIElements\EventDispatcher.cs:754)
UnityEngine.Experimental.UIElements.EventDispatcher:ProcessEvent(EventBase, IPanel) (at C:\buildslave\unity\build\Modules\UIElements\EventDispatcher.cs:599)
UnityEngine.Experimental.UIElements.EventDispatcher:Dispatch(EventBase, IPanel, DispatchMode) (at C:\buildslave\unity\build\Modules\UIElements\EventDispatcher.cs:307)
UnityEngine.Experimental.UIElements.BaseVisualElementPanel:SendEvent(EventBase, DispatchMode) (at C:\buildslave\unity\build\Modules\UIElements\Panel.cs:176)
UnityEngine.Experimental.UIElements.UIElementsUtility:DoDispatch(BaseVisualElementPanel) (at C:\buildslave\unity\build\Modules\UIElements\UIElementsUtility.cs:245)
UnityEngine.Experimental.UIElements.UIElementsUtility:ProcessEvent(Int32, IntPtr) (at C:\buildslave\unity\build\Modules\UIElements\UIElementsUtility.cs:68)
UnityEngine.GUIUtility:ProcessEvent(Int32, IntPtr) (at C:\buildslave\unity\build\Modules\IMGUI\GUIUtility.cs:179)

[C:\buildslave\unity\build\Runtime/Camera/Camera.cpp line 3377] 
(Filename: C:/buildslave/unity/build/Runtime/Export/Camera.bindings.cs Line: 152)

Screen position out of view frustum (screen pos -424.663177, 356.000000) (Camera rect 2 356 1339 0)
UnityEngine.Camera:ScreenPointToRay_Injected()
UnityEngine.Camera:ScreenPointToRay(Vector2, MonoOrStereoscopicEye)
UnityEngine.Camera:ScreenPointToRay(Vector3, MonoOrStereoscopicEye) (at C:\buildslave\unity\build\Runtime\Export\Camera.bindings.cs:152)
UnityEngine.Camera:ScreenPointToRay(Vector3) (at C:\buildslave\unity\build\Runtime\Export\Camera.bindings.cs:153)
UnityEditor.HandleUtility:GUIPointToWorldRay(Vector2) (at C:\buildslave\unity\build\Editor\Mono\HandleUtility.cs:462)
UnityEditor.RectHandles:RaycastGUIPointToWorldHit(Vector2, Plane, Vector3&) (at C:\buildslave\unity\build\Editor\Mono\Inspector\RectHandles.cs:20)
UnityEditor.RectHandles:RotationSlider(Int32, Vector3, Single, Vector3, Vector3, Vector3, Vector3, Single, CapFunction, Vector2) (at C:\buildslave\unity\build\Editor\Mono\Inspector\RectHandles.cs:129)
UnityEditor.RectTool:RotationHandlesGUI(Rect, Vector3, Quaternion) (at C:\buildslave\unity\build\Editor\Mono\GUI\Tools\BuiltinTools.cs:929)
UnityEditor.RectTool:ToolGUI(SceneView, Vector3, Boolean) (at C:\buildslave\unity\build\Editor\Mono\GUI\Tools\BuiltinTools.cs:426)
UnityEditor.ManipulationTool:OnToolGUI(SceneView) (at C:\buildslave\unity\build\Editor\Mono\GUI\Tools\BuiltinTools.cs:24)
UnityEditor.RectTool:OnGUI(SceneView) (at C:\buildslave\unity\build\Editor\Mono\GUI\Tools\BuiltinTools.cs:318)
UnityEditor.SceneView:DefaultHandles() (at C:\buildslave\unity\build\Editor\Mono\SceneView\SceneView.cs:2509)
UnityEditor.SceneView:OnGUI() (at C:\buildslave\unity\build\Editor\Mono\SceneView\SceneView.cs:1992)
System.Reflection.MonoMethod:InternalInvoke()
System.Reflection.MonoMethod:Invoke(Object, BindingFlags, Binder, Object[], CultureInfo)
System.Reflection.MethodBase:Invoke(Object, Object[])
UnityEditor.HostView:Invoke(String, Object) (at C:\buildslave\unity\build\Editor\Mono\HostView.cs:342)
UnityEditor.HostView:Invoke(String) (at C:\buildslave\unity\build\Editor\Mono\HostView.cs:336)
UnityEditor.HostView:InvokeOnGUI(Rect, Rect) (at C:\buildslave\unity\build\Editor\Mono\HostView.cs:302)
UnityEditor.DockArea:DrawView(Rect, Rect, Boolean, Boolean, Boolean) (at C:\buildslave\unity\build\Editor\Mono\GUI\DockArea.cs:361)
UnityEditor.DockArea:OldOnGUI() (at C:\buildslave\unity\build\Editor\Mono\GUI\DockArea.cs:320)
UnityEngine.Experimental.UIElements.IMGUIContainer:DoOnGUI(Event, Matrix4x4, Rect, Boolean) (at C:\buildslave\unity\build\Modules\UIElements\IMGUIContainer.cs:244)
UnityEngine.Experimental.UIElements.IMGUIContainer:HandleIMGUIEvent(Event, Matrix4x4, Rect) (at C:\buildslave\unity\build\Modules\UIElements\IMGUIContainer.cs:438)
UnityEngine.Experimental.UIElements.IMGUIContainer:HandleIMGUIEvent(Event) (at C:\buildslave\unity\build\Modules\UIElements\IMGUIContainer.cs:421)
UnityEngine.Experimental.UIElements.IMGUIContainer:HandleEvent(EventBase) (at C:\buildslave\unity\build\Modules\UIElements\IMGUIContainer.cs:401)
UnityEngine.Experimental.UIElements.EventDispatcher:PropagateEvent(EventBase) (at C:\buildslave\unity\build\Modules\UIElements\EventDispatcher.cs:754)
UnityEngine.Experimental.UIElements.EventDispatcher:ProcessEvent(EventBase, IPanel) (at C:\buildslave\unity\build\Modules\UIElements\EventDispatcher.cs:599)
UnityEngine.Experimental.UIElements.EventDispatcher:Dispatch(EventBase, IPanel, DispatchMode) (at C:\buildslave\unity\build\Modules\UIElements\EventDispatcher.cs:307)
UnityEngine.Experimental.UIElements.BaseVisualElementPanel:SendEvent(EventBase, DispatchMode) (at C:\buildslave\unity\build\Modules\UIElements\Panel.cs:176)
UnityEngine.Experimental.UIElements.UIElementsUtility:DoDispatch(BaseVisualElementPanel) (at C:\buildslave\unity\build\Modules\UIElements\UIElementsUtility.cs:245)
UnityEngine.Experimental.UIElements.UIElementsUtility:ProcessEvent(Int32, IntPtr) (at C:\buildslave\unity\build\Modules\UIElements\UIElementsUtility.cs:68)
UnityEngine.GUIUtility:ProcessEvent(Int32, IntPtr) (at C:\buildslave\unity\build\Modules\IMGUI\GUIUtility.cs:179)

[C:\buildslave\unity\build\Runtime/Camera/Camera.cpp line 3377] 
(Filename: C:/buildslave/unity/build/Runtime/Export/Camera.bindings.cs Line: 152)


Hashing assets (1 files)... 0.001 seconds
  file read: 0.000 seconds (0.005 MB)
  wait for write: 0.000 seconds (I/O thread blocked by consumer, aka CPU bound)
  wait for read: 0.000 seconds (CPUT thread waiting for I/O thread, aka disk bound)
  hash: 0.000 seconds
Updating Assets/Prefabs/Player.prefab - GUID: 5de3212507d81664f8b4ab083a2ed668...
 done. [Time: 17.037736 ms] 
Script Compilation Pipeline Post Process Assets time: 0.000217s
Assembly Updater Post Process Assets time: 0.000065s
Refreshing native plugins compatible for Editor in 0.31 ms, found 3 plugins.
Refreshing native plugins compatible for Editor in 0.42 ms, found 3 plugins.
Preloading 1 native plugins for Editor in 0.27 ms.

Hashing assets (1 files)... 0.001 seconds
  file read: 0.000 seconds (0.005 MB)
  wait for write: 0.000 seconds (I/O thread blocked by consumer, aka CPU bound)
  wait for read: 0.000 seconds (CPUT thread waiting for I/O thread, aka disk bound)
  hash: 0.000 seconds
Updating Assets/Prefabs/Player.prefab - GUID: 5de3212507d81664f8b4ab083a2ed668...
 done. [Time: 10.890576 ms] 
Script Compilation Pipeline Post Process Assets time: 0.000011s
Assembly Updater Post Process Assets time: 0.000063s
Refreshing native plugins compatible for Editor in 0.40 ms, found 3 plugins.
Preloading 1 native plugins for Editor in 0.21 ms.

Hashing assets (1 files)... 0.001 seconds
  file read: 0.000 seconds (0.005 MB)
  wait for write: 0.000 seconds (I/O thread blocked by consumer, aka CPU bound)
  wait for read: 0.000 seconds (CPUT thread waiting for I/O thread, aka disk bound)
  hash: 0.000 seconds
Updating Assets/Prefabs/Player.prefab - GUID: 5de3212507d81664f8b4ab083a2ed668...
 done. [Time: 10.662665 ms] 
Script Compilation Pipeline Post Process Assets time: 0.000010s
Assembly Updater Post Process Assets time: 0.000064s
Refreshing native plugins compatible for Editor in 0.42 ms, found 3 plugins.
Preloading 1 native plugins for Editor in 0.20 ms.
Load scene 'Temp/__Backupscenes/0.backup' time: 0.274137 ms 
Unloading 70 Unused Serialized files (Serialized files now loaded: 0)
System memory in use before: 263.0 MB.
System memory in use after: 263.1 MB.

Unloading 73 unused Assets to reduce memory usage. Loaded Objects now: 1708.
Total: 5.604445 ms (FindLiveObjects: 0.330603 ms CreateObjectMapping: 0.039497 ms MarkObjects: 5.181391 ms  DeleteObjects: 0.052077 ms)

Setting up 4 worker threads for Enlighten.
  Thread -> id: 3dc4 -> priority: 1 
  Thread -> id: 3b90 -> priority: 1 
  Thread -> id: 9c4 -> priority: 1 
  Thread -> id: 52c4 -> priority: 1 

Hashing assets (1 files)... 0.001 seconds
  file read: 0.000 seconds (0.005 MB)
  wait for write: 0.000 seconds (I/O thread blocked by consumer, aka CPU bound)
  wait for read: 0.000 seconds (CPUT thread waiting for I/O thread, aka disk bound)
  hash: 0.000 seconds
Updating Assets/Prefabs/Player.prefab - GUID: 5de3212507d81664f8b4ab083a2ed668...
 done. [Time: 10.635749 ms] 
Script Compilation Pipeline Post Process Assets time: 0.000012s
Assembly Updater Post Process Assets time: 0.000064s
Refreshing native plugins compatible for Editor in 0.40 ms, found 3 plugins.
Preloading 1 native plugins for Editor in 0.20 ms.

Hashing assets (1 files)... 0.000 seconds
  file read: 0.000 seconds (0.005 MB)
  wait for write: 0.000 seconds (I/O thread blocked by consumer, aka CPU bound)
  wait for read: 0.000 seconds (CPUT thread waiting for I/O thread, aka disk bound)
  hash: 0.000 seconds
Updating Assets/Prefabs/Player.prefab - GUID: 5de3212507d81664f8b4ab083a2ed668...
 done. [Time: 8.983321 ms] 
Script Compilation Pipeline Post Process Assets time: 0.000009s
Assembly Updater Post Process Assets time: 0.000064s
Refreshing native plugins compatible for Editor in 0.38 ms, found 3 plugins.
Preloading 1 native plugins for Editor in 0.20 ms.

Hashing assets (1 files)... 0.000 seconds
  file read: 0.000 seconds (0.005 MB)
  wait for write: 0.000 seconds (I/O thread blocked by consumer, aka CPU bound)
  wait for read: 0.000 seconds (CPUT thread waiting for I/O thread, aka disk bound)
  hash: 0.000 seconds
Updating Assets/Prefabs/Player.prefab - GUID: 5de3212507d81664f8b4ab083a2ed668...
 done. [Time: 9.388236 ms] 
Script Compilation Pipeline Post Process Assets time: 0.000009s
Assembly Updater Post Process Assets time: 0.000062s
Refreshing native plugins compatible for Editor in 0.39 ms, found 3 plugins.
Preloading 1 native plugins for Editor in 0.21 ms.
Reloading assemblies for play mode.
Begin MonoManager ReloadAssembly
Initializing Unity.PackageManager (PackageManager) v2018.3.4 for Unity v2018.3.4f1
Registering platform support modules:
Registered platform support modules in: 0.0405837s.
Native extension for Android target not found
Native extension for WindowsStandalone target not found
Native extension for Facebook target not found
Refreshing native plugins compatible for Editor in 0.32 ms, found 3 plugins.
Preloading 1 native plugins for Editor in 0.18 ms.
Mono: successfully reloaded assembly
- Completed reload, in  1.395 seconds
Platform modules already initialized, skipping
Load scene 'Temp/__Backupscenes/0.backup' time: 0.336454 ms 
Setting up 4 worker threads for Enlighten.
  Thread -> id: 682c -> priority: 1 
  Thread -> id: 55e4 -> priority: 1 
  Thread -> id: 6964 -> priority: 1 
  Thread -> id: 5e68 -> priority: 1 
Load scene 'Temp/__Backupscenes/0.backup' time: 0.288180 ms 
Unloading 71 Unused Serialized files (Serialized files now loaded: 0)
System memory in use before: 266.7 MB.
System memory in use after: 266.8 MB.

Unloading 98 unused Assets to reduce memory usage. Loaded Objects now: 1715.
Total: 4.687535 ms (FindLiveObjects: 0.291984 ms CreateObjectMapping: 0.022528 ms MarkObjects: 4.288764 ms  DeleteObjects: 0.082797 ms)

Setting up 4 worker threads for Enlighten.
  Thread -> id: 2268 -> priority: 1 
  Thread -> id: 4bfc -> priority: 1 
  Thread -> id: 328c -> priority: 1 
  Thread -> id: 1db0 -> priority: 1 
Reloading assemblies for play mode.
Begin MonoManager ReloadAssembly
Initializing Unity.PackageManager (PackageManager) v2018.3.4 for Unity v2018.3.4f1
Registering platform support modules:
Registered platform support modules in: 0.0411173s.
Native extension for Android target not found
Native extension for WindowsStandalone target not found
Native extension for Facebook target not found
Refreshing native plugins compatible for Editor in 0.31 ms, found 3 plugins.
Refreshing native plugins compatible for Editor in 0.29 ms, found 3 plugins.
Preloading 1 native plugins for Editor in 0.18 ms.
Mono: successfully reloaded assembly
- Completed reload, in  1.481 seconds
Platform modules already initialized, skipping
Load scene 'Temp/__Backupscenes/0.backup' time: 0.338795 ms 
Setting up 4 worker threads for Enlighten.
  Thread -> id: 3274 -> priority: 1 
  Thread -> id: 1830 -> priority: 1 
  Thread -> id: a04 -> priority: 1 
  Thread -> id: 3e0c -> priority: 1 
Load scene 'Temp/__Backupscenes/0.backup' time: 0.272967 ms 
Unloading 18 Unused Serialized files (Serialized files now loaded: 0)
System memory in use before: 271.6 MB.
System memory in use after: 271.7 MB.

Unloading 17 unused Assets to reduce memory usage. Loaded Objects now: 1731.
Total: 5.222936 ms (FindLiveObjects: 0.299298 ms CreateObjectMapping: 0.020772 ms MarkObjects: 4.876827 ms  DeleteObjects: 0.025161 ms)

Setting up 4 worker threads for Enlighten.
  Thread -> id: 2658 -> priority: 1 
  Thread -> id: e04 -> priority: 1 
  Thread -> id: 2d20 -> priority: 1 
  Thread -> id: 23c4 -> priority: 1 
Reloading assemblies for play mode.
Begin MonoManager ReloadAssembly
Initializing Unity.PackageManager (PackageManager) v2018.3.4 for Unity v2018.3.4f1
Registering platform support modules:
Registered platform support modules in: 0.0400263s.
Native extension for Android target not found
Native extension for WindowsStandalone target not found
Native extension for Facebook target not found
Refreshing native plugins compatible for Editor in 0.31 ms, found 3 plugins.
Refreshing native plugins compatible for Editor in 0.29 ms, found 3 plugins.
Preloading 1 native plugins for Editor in 0.18 ms.
Mono: successfully reloaded assembly
- Completed reload, in  1.460 seconds
Platform modules already initialized, skipping
Load scene 'Temp/__Backupscenes/0.backup' time: 0.328262 ms 
Setting up 4 worker threads for Enlighten.
  Thread -> id: 668 -> priority: 1 
  Thread -> id: 5124 -> priority: 1 
  Thread -> id: 28ec -> priority: 1 
  Thread -> id: 63d4 -> priority: 1 
Load scene 'Temp/__Backupscenes/0.backup' time: 0.269748 ms 
Unloading 17 Unused Serialized files (Serialized files now loaded: 0)
System memory in use before: 273.0 MB.
System memory in use after: 273.1 MB.

Unloading 17 unused Assets to reduce memory usage. Loaded Objects now: 1735.
Total: 5.262725 ms (FindLiveObjects: 0.340550 ms CreateObjectMapping: 0.022528 ms MarkObjects: 4.873901 ms  DeleteObjects: 0.024576 ms)

Setting up 4 worker threads for Enlighten.
  Thread -> id: 45e4 -> priority: 1 
  Thread -> id: 31ec -> priority: 1 
  Thread -> id: af0 -> priority: 1 
  Thread -> id: 50c0 -> priority: 1 
Reloading assemblies for play mode.
Begin MonoManager ReloadAssembly
Initializing Unity.PackageManager (PackageManager) v2018.3.4 for Unity v2018.3.4f1
Registering platform support modules:
Registered platform support modules in: 0.0399889s.
Native extension for Android target not found
Native extension for WindowsStandalone target not found
Native extension for Facebook target not found
Refreshing native plugins compatible for Editor in 0.31 ms, found 3 plugins.
Refreshing native plugins compatible for Editor in 0.30 ms, found 3 plugins.
Preloading 1 native plugins for Editor in 0.18 ms.
Mono: successfully reloaded assembly
- Completed reload, in  1.460 seconds
Platform modules already initialized, skipping
Load scene 'Temp/__Backupscenes/0.backup' time: 0.328847 ms 
Setting up 4 worker threads for Enlighten.
  Thread -> id: 23d4 -> priority: 1 
  Thread -> id: 5610 -> priority: 1 
  Thread -> id: 3f48 -> priority: 1 
  Thread -> id: 6bb0 -> priority: 1 
Load scene 'Temp/__Backupscenes/0.backup' time: 0.272967 ms 
Unloading 17 Unused Serialized files (Serialized files now loaded: 0)
System memory in use before: 283.0 MB.
System memory in use after: 283.0 MB.

Unloading 17 unused Assets to reduce memory usage. Loaded Objects now: 1739.
Total: 5.480689 ms (FindLiveObjects: 0.363370 ms CreateObjectMapping: 0.037741 ms MarkObjects: 5.053246 ms  DeleteObjects: 0.024576 ms)

Setting up 4 worker threads for Enlighten.
  Thread -> id: 3d30 -> priority: 1 
  Thread -> id: 2ed8 -> priority: 1 
  Thread -> id: 4464 -> priority: 1 
  Thread -> id: 2aa8 -> priority: 1 
Script Compilation Pipeline Post Process Assets time: 0.000102s
Assembly Updater Post Process Assets time: 0.000065s
Refreshing native plugins compatible for Editor in 0.31 ms, found 3 plugins.

Hashing assets (1 files)... 0.001 seconds
  file read: 0.000 seconds (0.024 MB)
  wait for write: 0.000 seconds (I/O thread blocked by consumer, aka CPU bound)
  wait for read: 0.000 seconds (CPUT thread waiting for I/O thread, aka disk bound)
  hash: 0.000 seconds
Updating Assets/Scenes/Brad Pablo.unity - GUID: 738f4c5181f31b040a31f6008ad74556...
 done. [Time: 5.756581 ms] 
Script Compilation Pipeline Post Process Assets time: 0.000008s
Assembly Updater Post Process Assets time: 0.000057s
Refreshing native plugins compatible for Editor in 0.34 ms, found 3 plugins.
Preloading 1 native plugins for Editor in 0.19 ms.

Hashing assets (1 files)... 0.000 seconds
  file read: 0.000 seconds (0.022 MB)
  wait for write: 0.000 seconds (I/O thread blocked by consumer, aka CPU bound)
  wait for read: 0.000 seconds (CPUT thread waiting for I/O thread, aka disk bound)
  hash: 0.000 seconds
Updating Assets/Scenes/Brad Pablo.unity - GUID: 738f4c5181f31b040a31f6008ad74556...
 done. [Time: 3.311585 ms] 
Script Compilation Pipeline Post Process Assets time: 0.000007s
Assembly Updater Post Process Assets time: 0.000056s
Refreshing native plugins compatible for Editor in 0.41 ms, found 3 plugins.
Preloading 1 native plugins for Editor in 0.21 ms.
<RI> Initialized touch support.
Reloading assemblies for play mode.
Begin MonoManager ReloadAssembly
Initializing Unity.PackageManager (PackageManager) v2018.3.4 for Unity v2018.3.4f1
Registering platform support modules:
Registered platform support modules in: 0.0402786s.
Native extension for Android target not found
Native extension for WindowsStandalone target not found
Native extension for Facebook target not found
Refreshing native plugins compatible for Editor in 0.32 ms, found 3 plugins.
Preloading 1 native plugins for Editor in 0.18 ms.
Mono: successfully reloaded assembly
- Completed reload, in  1.396 seconds
Platform modules already initialized, skipping
Load scene 'Temp/__Backupscenes/0.backup' time: 0.274722 ms 
Setting up 4 worker threads for Enlighten.
  Thread -> id: 20c8 -> priority: 1 
  Thread -> id: 5760 -> priority: 1 
  Thread -> id: 20d8 -> priority: 1 
  Thread -> id: 49c0 -> priority: 1 
Load scene 'Temp/__Backupscenes/0.backup' time: 0.279988 ms 
Unloading 70 Unused Serialized files (Serialized files now loaded: 0)
System memory in use before: 293.6 MB.
System memory in use after: 293.7 MB.

Unloading 69 unused Assets to reduce memory usage. Loaded Objects now: 1767.
Total: 4.971034 ms (FindLiveObjects: 0.330017 ms CreateObjectMapping: 0.037741 ms MarkObjects: 4.567289 ms  DeleteObjects: 0.034816 ms)

Setting up 4 worker threads for Enlighten.
  Thread -> id: 3c10 -> priority: 1 
  Thread -> id: 2cb0 -> priority: 1 
  Thread -> id: 2690 -> priority: 1 
  Thread -> id: 3c18 -> priority: 1 
<RI> Initialized touch support.
Reloading assemblies for play mode.
Begin MonoManager ReloadAssembly
Initializing Unity.PackageManager (PackageManager) v2018.3.4 for Unity v2018.3.4f1
Registering platform support modules:
Registered platform support modules in: 0.0410819s.
Native extension for Android target not found
Native extension for WindowsStandalone target not found
Native extension for Facebook target not found
Refreshing native plugins compatible for Editor in 0.34 ms, found 3 plugins.
Refreshing native plugins compatible for Editor in 0.29 ms, found 3 plugins.
Preloading 1 native plugins for Editor in 0.18 ms.
Mono: successfully reloaded assembly
- Completed reload, in  1.417 seconds
Platform modules already initialized, skipping
Load scene 'Temp/__Backupscenes/0.backup' time: 0.323288 ms 
Setting up 4 worker threads for Enlighten.
  Thread -> id: 146c -> priority: 1 
  Thread -> id: 6190 -> priority: 1 
  Thread -> id: 5b50 -> priority: 1 
  Thread -> id: 49bc -> priority: 1 
Crash!!!
SymInit: Symbol-SearchPath: 'C:/Program Files/Unity/Hub/Editor/2018.3.4f1/Editor/Data/Mono;.;F:\University\GitHub\mgp-team-1\Unity\UnityProject;C:\Program Files\Unity\Hub\Editor\2018.3.4f1\Editor;C:\WINDOWS;C:\WINDOWS\system32;SRV*C:\websymbols*http://msdl.microsoft.com/download/symbols;', symOptions: 534, UserName: 'ElleMelMarta'
OS-Version: 10.0.0
C:\Program Files\Unity\Hub\Editor\2018.3.4f1\Editor\Unity.exe:Unity.exe (0000000140000000), size: 78761984 (result: 0), SymType: '-deferred-', PDB: '', fileVersion: 2018.3.4.38179
C:\WINDOWS\SYSTEM32\ntdll.dll:ntdll.dll (00007FFB7ECE0000), size: 1970176 (result: 0), SymType: '-deferred-', PDB: '', fileVersion: 10.0.17134.556
C:\WINDOWS\System32\KERNEL32.DLL:KERNEL32.DLL (00007FFB7CA70000), size: 729088 (result: 0), SymType: '-deferred-', PDB: '', fileVersion: 10.0.17134.556
C:\WINDOWS\System32\KERNELBASE.dll:KERNELBASE.dll (00007FFB7B080000), size: 2568192 (result: 0), SymType: '-deferred-', PDB: '', fileVersion: 10.0.17134.556
C:\WINDOWS\System32\CRYPT32.dll:CRYPT32.dll (00007FFB7BD80000), size: 1974272 (result: 0), SymType: '-deferred-', PDB: '', fileVersion: 10.0.17134.1
C:\Program Files\Unity\Hub\Editor\2018.3.4f1\Editor\FreeImage.dll:FreeImage.dll (0000000180000000), size: 6164480 (result: 0), SymType: '-deferred-', PDB: '', fileVersion: 3.11.0.0
C:\WINDOWS\System32\ucrtbase.dll:ucrtbase.dll (00007FFB7B300000), size: 1024000 (result: 0), SymType: '-deferred-', PDB: '', fileVersion: 10.0.17134.319
C:\WINDOWS\SYSTEM32\HID.DLL:HID.DLL (00007FFB79CF0000), size: 49152 (result: 0), SymType: '-deferred-', PDB: '', fileVersion: 10.0.17134.1
C:\Program Files\Unity\Hub\Editor\2018.3.4f1\Editor\libfbxsdk.dll:libfbxsdk.dll (00007FFB2F680000), size: 8511488 (result: 0), SymType: '-deferred-', PDB: '', fileVersion: 2018.1.1.0
C:\WINDOWS\System32\msvcrt.dll:msvcrt.dll (00007FFB7CE20000), size: 647168 (result: 0), SymType: '-deferred-', PDB: '', fileVersion: 7.0.17134.1
C:\WINDOWS\System32\MSASN1.dll:MSASN1.dll (00007FFB7B060000), size: 73728 (result: 0), SymType: '-deferred-', PDB: '', fileVersion: 10.0.17134.1
C:\WINDOWS\System32\USER32.dll:USER32.dll (00007FFB7D0C0000), size: 1638400 (result: 0), SymType: '-deferred-', PDB: '', fileVersion: 10.0.17134.376
C:\WINDOWS\System32\win32u.dll:win32u.dll (00007FFB7BD60000), size: 131072 (result: 0), SymType: '-deferred-', PDB: '', fileVersion: 10.0.17134.1
C:\Program Files\Unity\Hub\Editor\2018.3.4f1\Editor\umbraoptimizer64.dll:umbraoptimizer64.dll (00007FFB43AB0000), size: 1306624 (result: 0), SymType: '-deferred-', PDB: ''
C:\WINDOWS\System32\GDI32.dll:GDI32.dll (00007FFB7CC40000), size: 163840 (result: 0), SymType: '-deferred-', PDB: '', fileVersion: 10.0.17134.285
C:\WINDOWS\System32\WS2_32.dll:WS2_32.dll (00007FFB7D610000), size: 442368 (result: 0), SymType: '-deferred-', PDB: '', fileVersion: 10.0.17134.1
C:\WINDOWS\System32\gdi32full.dll:gdi32full.dll (00007FFB7BBC0000), size: 1646592 (result: 0), SymType: '-deferred-', PDB: '', fileVersion: 10.0.17134.590
C:\WINDOWS\System32\RPCRT4.dll:RPCRT4.dll (00007FFB7EB40000), size: 1196032 (result: 0), SymType: '-deferred-', PDB: '', fileVersion: 10.0.17134.471
C:\WINDOWS\System32\ADVAPI32.dll:ADVAPI32.dll (00007FFB7C1E0000), size: 659456 (result: 0), SymType: '-deferred-', PDB: '', fileVersion: 10.0.17134.471
C:\WINDOWS\System32\msvcp_win.dll:msvcp_win.dll (00007FFB7C020000), size: 651264 (result: 0), SymType: '-deferred-', PDB: '', fileVersion: 10.0.17134.137
C:\WINDOWS\System32\WLDAP32.dll:WLDAP32.dll (00007FFB7D5B0000), size: 389120 (result: 0), SymType: '-deferred-', PDB: '', fileVersion: 10.0.17134.1
C:\WINDOWS\System32\sechost.dll:sechost.dll (00007FFB7CEC0000), size: 372736 (result: 0), SymType: '-deferred-', PDB: '', fileVersion: 10.0.17134.319
C:\WINDOWS\System32\SHELL32.dll:SHELL32.dll (00007FFB7D700000), size: 21233664 (result: 0), SymType: '-deferred-', PDB: '', fileVersion: 10.0.17134.441
C:\WINDOWS\System32\Normaliz.dll:Normaliz.dll (00007FFB7D330000), size: 32768 (result: 0), SymType: '-deferred-', PDB: '', fileVersion: 10.0.17134.1
C:\WINDOWS\System32\cfgmgr32.dll:cfgmgr32.dll (00007FFB7B400000), size: 299008 (result: 0), SymType: '-deferred-', PDB: '', fileVersion: 10.0.17134.1
C:\Program Files\Unity\Hub\Editor\2018.3.4f1\Editor\ispc_texcomp.dll:ispc_texcomp.dll (00007FFB345B0000), size: 1523712 (result: 0), SymType: '-deferred-', PDB: ''
C:\WINDOWS\System32\shcore.dll:shcore.dll (00007FFB7CB30000), size: 692224 (result: 0), SymType: '-deferred-', PDB: '', fileVersion: 10.0.17134.112
C:\WINDOWS\System32\combase.dll:combase.dll (00007FFB7C6E0000), size: 3284992 (result: 0), SymType: '-deferred-', PDB: '', fileVersion: 10.0.17134.523
C:\Program Files\Unity\Hub\Editor\2018.3.4f1\Editor\RadeonRays.dll:RadeonRays.dll (00007FFB5CC80000), size: 618496 (result: 0), SymType: '-deferred-', PDB: ''
C:\Program Files\Unity\Hub\Editor\2018.3.4f1\Editor\libcef.dll:libcef.dll (00007FFB2C4B0000), size: 52219904 (result: 0), SymType: '-deferred-', PDB: '', fileVersion: 3.2062.1930.0
C:\WINDOWS\System32\bcryptPrimitives.dll:bcryptPrimitives.dll (00007FFB7C0C0000), size: 499712 (result: 0), SymType: '-deferred-', PDB: '', fileVersion: 10.0.17134.1
C:\Program Files\Unity\Hub\Editor\2018.3.4f1\Editor\OpenCL.dll:OpenCL.dll (00007FFB56490000), size: 552960 (result: 0), SymType: '-deferred-', PDB: '', fileVersion: 2.2.1.0
C:\WINDOWS\System32\windows.storage.dll:windows.storage.dll (00007FFB7B450000), size: 7393280 (result: 0), SymType: '-deferred-', PDB: '', fileVersion: 10.0.17134.556
C:\WINDOWS\System32\ole32.dll:ole32.dll (00007FFB7D340000), size: 1380352 (result: 0), SymType: '-deferred-', PDB: '', fileVersion: 10.0.17134.407
C:\WINDOWS\System32\PSAPI.DLL:PSAPI.DLL (00007FFB7D320000), size: 32768 (result: 0), SymType: '-deferred-', PDB: '', fileVersion: 10.0.17134.1
C:\WINDOWS\System32\shlwapi.dll:shlwapi.dll (00007FFB7CA10000), size: 331776 (result: 0), SymType: '-deferred-', PDB: '', fileVersion: 10.0.17134.1
C:\WINDOWS\System32\COMDLG32.dll:COMDLG32.dll (00007FFB7D4A0000), size: 970752 (result: 0), SymType: '-deferred-', PDB: '', fileVersion: 10.0.17134.1
C:\WINDOWS\System32\kernel.appcore.dll:kernel.appcore.dll (00007FFB7B040000), size: 69632 (result: 0), SymType: '-deferred-', PDB: '', fileVersion: 10.0.17134.112
C:\WINDOWS\System32\profapi.dll:profapi.dll (00007FFB7B020000), size: 126976 (result: 0), SymType: '-deferred-', PDB: '', fileVersion: 10.0.17134.1
C:\Program Files\Unity\Hub\Editor\2018.3.4f1\Editor\SketchUpAPI.dll:SketchUpAPI.dll (00007FFB2BC40000), size: 8822784 (result: 0), SymType: '-deferred-', PDB: '', fileVersion: 18.0.18664.0
C:\WINDOWS\SYSTEM32\VCRUNTIME140.dll:VCRUNTIME140.dll (00007FFB67180000), size: 86016 (result: 0), SymType: '-deferred-', PDB: '', fileVersion: 14.16.27024.1
C:\WINDOWS\System32\OLEAUT32.dll:OLEAUT32.dll (00007FFB7D250000), size: 798720 (result: 0), SymType: '-deferred-', PDB: '', fileVersion: 10.0.17134.556
C:\WINDOWS\System32\powrprof.dll:powrprof.dll (00007FFB7AFC0000), size: 311296 (result: 0), SymType: '-deferred-', PDB: '', fileVersion: 10.0.17134.1
C:\WINDOWS\System32\FLTLIB.DLL:FLTLIB.DLL (00007FFB7B010000), size: 40960 (result: 0), SymType: '-deferred-', PDB: '', fileVersion: 10.0.17134.1
C:\WINDOWS\System32\IMM32.dll:IMM32.dll (00007FFB7CDF0000), size: 184320 (result: 0), SymType: '-deferred-', PDB: '', fileVersion: 10.0.17134.1
C:\WINDOWS\System32\SETUPAPI.dll:SETUPAPI.dll (00007FFB7C290000), size: 4501504 (result: 0), SymType: '-deferred-', PDB: '', fileVersion: 10.0.17134.1
C:\WINDOWS\SYSTEM32\MSVCP140.dll:MSVCP140.dll (00007FFB555D0000), size: 634880 (result: 0), SymType: '-deferred-', PDB: '', fileVersion: 14.16.27024.1
C:\WINDOWS\SYSTEM32\WINSPOOL.DRV:WINSPOOL.DRV (00007FFB66B80000), size: 544768 (result: 0), SymType: '-deferred-', PDB: '', fileVersion: 10.0.17134.319
C:\Program Files\Unity\Hub\Editor\2018.3.4f1\Editor\embree.dll:embree.dll (00007FFB25120000), size: 16711680 (result: 0), SymType: '-deferred-', PDB: '', fileVersion: 2.14.0.0
C:\WINDOWS\WinSxS\amd64_microsoft.windows.common-controls_6595b64144ccf1df_6.0.17134.590_none_fb3d9bff3069e088\COMCTL32.dll:COMCTL32.dll (00007FFB6E7D0000), size: 2527232 (result: 0), SymType: '-deferred-', PDB: '', fileVersion: 6.10.17134.590
C:\WINDOWS\SYSTEM32\WINHTTP.dll:WINHTTP.dll (00007FFB76CE0000), size: 905216 (result: 0), SymType: '-deferred-', PDB: '', fileVersion: 10.0.17134.590
C:\WINDOWS\SYSTEM32\urlmon.dll:urlmon.dll (00007FFB72F70000), size: 1871872 (result: 0), SymType: '-deferred-', PDB: '', fileVersion: 11.0.17134.523
C:\WINDOWS\SYSTEM32\USERENV.dll:USERENV.dll (00007FFB7AEF0000), size: 163840 (result: 0), SymType: '-deferred-', PDB: '', fileVersion: 10.0.17134.1
C:\WINDOWS\SYSTEM32\dhcpcsvc.DLL:dhcpcsvc.DLL (00007FFB75C30000), size: 106496 (result: 0), SymType: '-deferred-', PDB: '', fileVersion: 10.0.17134.1
C:\WINDOWS\System32\NSI.dll:NSI.dll (00007FFB7EC70000), size: 32768 (result: 0), SymType: '-deferred-', PDB: '', fileVersion: 10.0.17134.1
C:\WINDOWS\SYSTEM32\WTSAPI32.dll:WTSAPI32.dll (00007FFB78200000), size: 77824 (result: 0), SymType: '-deferred-', PDB: '', fileVersion: 10.0.17134.1
C:\Program Files\Unity\Hub\Editor\2018.3.4f1\Editor\SketchUpCommonPreferences.dll:SketchUpCommonPreferences.dll (00007FFB60D30000), size: 471040 (result: 0), SymType: '-deferred-', PDB: ''
C:\WINDOWS\SYSTEM32\Secur32.dll:Secur32.dll (00007FFB6FCA0000), size: 49152 (result: 0), SymType: '-deferred-', PDB: '', fileVersion: 10.0.17134.1
C:\WINDOWS\SYSTEM32\IPHLPAPI.DLL:IPHLPAPI.DLL (00007FFB7A560000), size: 229376 (result: 0), SymType: '-deferred-', PDB: '', fileVersion: 10.0.17134.1
C:\WINDOWS\SYSTEM32\OPENGL32.dll:OPENGL32.dll (00007FFB43990000), size: 1179648 (result: 0), SymType: '-deferred-', PDB: '', fileVersion: 10.0.17134.1
C:\WINDOWS\SYSTEM32\GLU32.dll:GLU32.dll (00007FFB668D0000), size: 180224 (result: 0), SymType: '-deferred-', PDB: '', fileVersion: 10.0.17134.1
C:\WINDOWS\SYSTEM32\OLEACC.dll:OLEACC.dll (00007FFB75300000), size: 438272 (result: 0), SymType: '-deferred-', PDB: '', fileVersion: 7.2.17134.1
C:\WINDOWS\SYSTEM32\WINMM.dll:WINMM.dll (00007FFB79250000), size: 143360 (result: 0), SymType: '-deferred-', PDB: '', fileVersion: 10.0.17134.1
C:\WINDOWS\SYSTEM32\VERSION.dll:VERSION.dll (00007FFB76850000), size: 40960 (result: 0), SymType: '-deferred-', PDB: '', fileVersion: 10.0.17134.1
C:\WINDOWS\SYSTEM32\USP10.dll:USP10.dll (00007FFB56D20000), size: 102400 (result: 0), SymType: '-deferred-', PDB: '', fileVersion: 10.0.17134.1
C:\WINDOWS\SYSTEM32\bcrypt.dll:bcrypt.dll (00007FFB7AB20000), size: 151552 (result: 0), SymType: '-deferred-', PDB: '', fileVersion: 10.0.17134.112
C:\WINDOWS\SYSTEM32\WSOCK32.dll:WSOCK32.dll (00007FFB74BC0000), size: 36864 (result: 0), SymType: '-deferred-', PDB: '', fileVersion: 10.0.17134.1
C:\WINDOWS\SYSTEM32\CRYPTBASE.DLL:CRYPTBASE.DLL (00007FFB7A990000), size: 45056 (result: 0), SymType: '-deferred-', PDB: '', fileVersion: 10.0.17134.1
C:\Program Files\Unity\Hub\Editor\2018.3.4f1\Editor\WinPixEventRuntime.dll:WinPixEventRuntime.dll (00007FFB24110000), size: 16826368 (result: 0), SymType: '-deferred-', PDB: '', fileVersion: 1.0.1701.26001
C:\WINDOWS\SYSTEM32\PROPSYS.dll:PROPSYS.dll (00007FFB77600000), size: 1785856 (result: 0), SymType: '-deferred-', PDB: '', fileVersion: 7.0.17134.112
C:\Program Files\Unity\Hub\Editor\2018.3.4f1\Editor\tbb.dll:tbb.dll (00007FFB578D0000), size: 413696 (result: 0), SymType: '-deferred-', PDB: '', fileVersion: 2017.0.2016.1004
C:\WINDOWS\SYSTEM32\iertutil.dll:iertutil.dll (00007FFB6FD30000), size: 2772992 (result: 0), SymType: '-deferred-', PDB: '', fileVersion: 11.0.17134.556
C:\WINDOWS\SYSTEM32\WINMMBASE.dll:WINMMBASE.dll (00007FFB79220000), size: 172032 (result: 0), SymType: '-deferred-', PDB: '', fileVersion: 10.0.17134.1
C:\WINDOWS\SYSTEM32\MSVCR120.dll:MSVCR120.dll (00007FFB344C0000), size: 978944 (result: 0), SymType: '-deferred-', PDB: '', fileVersion: 12.0.40649.5
C:\WINDOWS\SYSTEM32\SSPICLI.DLL:SSPICLI.DLL (00007FFB7AEC0000), size: 196608 (result: 0), SymType: '-deferred-', PDB: '', fileVersion: 10.0.17134.376
C:\WINDOWS\SYSTEM32\MSVCP120.dll:MSVCP120.dll (00007FFB54180000), size: 679936 (result: 0), SymType: '-deferred-', PDB: '', fileVersion: 12.0.40649.5
C:\Program Files\Unity\Hub\Editor\2018.3.4f1\Editor\OpenRL.dll:OpenRL.dll (0000000000D20000), size: 12779520 (result: 0), SymType: '-deferred-', PDB: '', fileVersion: 1.5.100.0
C:\WINDOWS\SYSTEM32\MSVCP100.dll:MSVCP100.dll (0000000054990000), size: 622592 (result: 0), SymType: '-deferred-', PDB: '', fileVersion: 10.0.40219.325
C:\WINDOWS\SYSTEM32\MSVCR100.dll:MSVCR100.dll (00000000548B0000), size: 860160 (result: 0), SymType: '-deferred-', PDB: '', fileVersion: 10.0.40219.325
C:\WINDOWS\SYSTEM32\MSWSOCK.DLL:MSWSOCK.DLL (00007FFB7A7E0000), size: 417792 (result: 0), SymType: '-deferred-', PDB: '', fileVersion: 10.0.17134.1
C:\Program Files\Unity\Hub\Editor\2018.3.4f1\Editor\OpenRL_pthread.dll:OpenRL_pthread.dll (0000000001960000), size: 61440 (result: 0), SymType: '-deferred-', PDB: '', fileVersion: 2.9.0.0
C:\WINDOWS\system32\uxtheme.dll:uxtheme.dll (00007FFB79500000), size: 622592 (result: 0), SymType: '-deferred-', PDB: '', fileVersion: 10.0.17134.1
C:\WINDOWS\SYSTEM32\dhcpcsvc6.DLL:dhcpcsvc6.DLL (00007FFB75F10000), size: 90112 (result: 0), SymType: '-deferred-', PDB: '', fileVersion: 10.0.17134.1
C:\WINDOWS\System32\clbcatq.dll:clbcatq.dll (00007FFB7C140000), size: 655360 (result: 0), SymType: '-deferred-', PDB: '', fileVersion: 2001.12.10941.16384
C:\WINDOWS\system32\wbem\wbemprox.dll:wbemprox.dll (00007FFB74E30000), size: 69632 (result: 0), SymType: '-deferred-', PDB: '', fileVersion: 10.0.17134.1
C:\WINDOWS\SYSTEM32\wbemcomn.dll:wbemcomn.dll (00007FFB74DA0000), size: 536576 (result: 0), SymType: '-deferred-', PDB: '', fileVersion: 10.0.17134.1
C:\WINDOWS\system32\wbem\wbemsvc.dll:wbemsvc.dll (00007FFB74320000), size: 81920 (result: 0), SymType: '-deferred-', PDB: '', fileVersion: 10.0.17134.1
C:\WINDOWS\system32\wbem\fastprox.dll:fastprox.dll (00007FFB74340000), size: 991232 (result: 0), SymType: '-deferred-', PDB: '', fileVersion: 10.0.17134.1
C:\WINDOWS\SYSTEM32\CRYPTSP.dll:CRYPTSP.dll (00007FFB7A9A0000), size: 94208 (result: 0), SymType: '-deferred-', PDB: '', fileVersion: 10.0.17134.1
C:\WINDOWS\system32\rsaenh.dll:rsaenh.dll (00007FFB7A3C0000), size: 208896 (result: 0), SymType: '-deferred-', PDB: '', fileVersion: 10.0.17134.254
C:\WINDOWS\System32\MSCTF.dll:MSCTF.dll (00007FFB7CC70000), size: 1519616 (result: 0), SymType: '-deferred-', PDB: '', fileVersion: 10.0.17134.376
C:\WINDOWS\SYSTEM32\TextInputFramework.dll:TextInputFramework.dll (00007FFB6AD50000), size: 614400 (result: 0), SymType: '-deferred-', PDB: '', fileVersion: 10.0.17134.376
C:\WINDOWS\SYSTEM32\CoreMessaging.dll:CoreMessaging.dll (00007FFB78B80000), size: 892928 (result: 0), SymType: '-deferred-', PDB: '', fileVersion: 10.0.17134.471
C:\WINDOWS\SYSTEM32\CoreUIComponents.dll:CoreUIComponents.dll (00007FFB6F960000), size: 3268608 (result: 0), SymType: '-deferred-', PDB: '', fileVersion: 10.0.17134.376
C:\WINDOWS\SYSTEM32\ntmarta.dll:ntmarta.dll (00007FFB7A0B0000), size: 200704 (result: 0), SymType: '-deferred-', PDB: '', fileVersion: 10.0.17134.1
C:\WINDOWS\SYSTEM32\wintypes.dll:wintypes.dll (00007FFB76A10000), size: 1363968 (result: 0), SymType: '-deferred-', PDB: '', fileVersion: 10.0.17134.523
C:\WINDOWS\system32\dwmapi.dll:dwmapi.dll (00007FFB79750000), size: 167936 (result: 0), SymType: '-deferred-', PDB: '', fileVersion: 10.0.17134.1
C:\WINDOWS\System32\netprofm.dll:netprofm.dll (00007FFB774E0000), size: 221184 (result: 0), SymType: '-deferred-', PDB: '', fileVersion: 10.0.17134.1
C:\WINDOWS\System32\npmproxy.dll:npmproxy.dll (00007FFB756D0000), size: 61440 (result: 0), SymType: '-deferred-', PDB: '', fileVersion: 10.0.17134.590
C:\WINDOWS\SYSTEM32\DNSAPI.dll:DNSAPI.dll (00007FFB7A5A0000), size: 778240 (result: 0), SymType: '-deferred-', PDB: '', fileVersion: 10.0.17134.441
C:\WINDOWS\System32\fwpuclnt.dll:fwpuclnt.dll (00007FFB755B0000), size: 466944 (result: 0), SymType: '-deferred-', PDB: '', fileVersion: 10.0.17134.1
C:\Windows\System32\rasadhlp.dll:rasadhlp.dll (00007FFB756C0000), size: 40960 (result: 0), SymType: '-deferred-', PDB: '', fileVersion: 10.0.17134.1
C:\WINDOWS\System32\MMDevApi.dll:MMDevApi.dll (00007FFB75730000), size: 483328 (result: 0), SymType: '-deferred-', PDB: '', fileVersion: 10.0.17134.1
C:\WINDOWS\System32\DEVOBJ.dll:DEVOBJ.dll (00007FFB7ADD0000), size: 159744 (result: 0), SymType: '-deferred-', PDB: '', fileVersion: 10.0.17134.1
C:\WINDOWS\SYSTEM32\AUDIOSES.DLL:AUDIOSES.DLL (00007FFB623E0000), size: 1228800 (result: 0), SymType: '-deferred-', PDB: '', fileVersion: 10.0.17134.471
C:\WINDOWS\SYSTEM32\AVRT.dll:AVRT.dll (00007FFB70760000), size: 40960 (result: 0), SymType: '-deferred-', PDB: '', fileVersion: 10.0.17134.1
C:\WINDOWS\system32\explorerframe.dll:explorerframe.dll (00007FFB63A70000), size: 4804608 (result: 0), SymType: '-deferred-', PDB: '', fileVersion: 10.0.17134.1
C:\WINDOWS\SYSTEM32\d3d11.dll:d3d11.dll (00007FFB77EE0000), size: 3190784 (result: 0), SymType: '-deferred-', PDB: '', fileVersion: 10.0.17134.441
C:\WINDOWS\SYSTEM32\dxgi.dll:dxgi.dll (00007FFB79D80000), size: 765952 (result: 0), SymType: '-deferred-', PDB: '', fileVersion: 10.0.17134.112
C:\WINDOWS\System32\DriverStore\FileRepository\nv_dispi.inf_amd64_21a764822be8dff8\nvldumdx.dll:nvldumdx.dll (00007FFB74C20000), size: 974848 (result: 0), SymType: '-deferred-', PDB: '', fileVersion: 25.21.14.1891
C:\WINDOWS\System32\WINTRUST.DLL:WINTRUST.DLL (00007FFB7BB60000), size: 356352 (result: 0), SymType: '-deferred-', PDB: '', fileVersion: 10.0.17134.556
C:\WINDOWS\System32\imagehlp.dll:imagehlp.dll (00007FFB7D590000), size: 118784 (result: 0), SymType: '-deferred-', PDB: '', fileVersion: 10.0.17134.1
C:\WINDOWS\System32\DriverStore\FileRepository\nv_dispi.inf_amd64_21a764822be8dff8\nvwgf2umx.dll:nvwgf2umx.dll (00007FFB3AFE0000), size: 38019072 (result: 0), SymType: '-deferred-', PDB: '', fileVersion: 25.21.14.1891
C:\WINDOWS\SYSTEM32\dbghelp.dll:dbghelp.dll (00007FFB6F310000), size: 1871872 (result: 0), SymType: '-deferred-', PDB: '', fileVersion: 10.0.17134.1
C:\Program Files\Unity\Hub\Editor\2018.3.4f1\Editor\tbbmalloc.dll:tbbmalloc.dll (00007FFB577C0000), size: 372736 (result: 0), SymType: '-deferred-', PDB: '', fileVersion: 2017.0.2016.1004
C:\Program Files\Unity\Hub\Editor\2018.3.4f1\Editor\Data\MonoBleedingEdge\EmbedRuntime\mono-2.0-bdwgc.dll:mono-2.0-bdwgc.dll (00007FFB239A0000), size: 7757824 (result: 0), SymType: '-deferred-', PDB: ''
C:\Program Files\Unity\Hub\Editor\2018.3.4f1\Editor\Data\UnityExtensions\Unity\VR\Win64\audiopluginresonanceaudio.dll:audiopluginresonanceaudio.dll (00007FFB235A0000), size: 4165632 (result: 0), SymType: '-deferred-', PDB: ''
C:\ProgramData\Microsoft\VisualStudio\Setup\x64\Microsoft.VisualStudio.Setup.Configuration.Native.dll:Microsoft.VisualStudio.Setup.Configuration.Native.dll (00007FFB56E10000), size: 421888 (result: 0), SymType: '-deferred-', PDB: '', fileVersion: 1.17.1230.42073
C:\WINDOWS\system32\dataexchange.dll:dataexchange.dll (00007FFB65620000), size: 360448 (result: 0), SymType: '-deferred-', PDB: '', fileVersion: 10.0.17134.1
C:\WINDOWS\system32\dcomp.dll:dcomp.dll (00007FFB789E0000), size: 1687552 (result: 0), SymType: '-deferred-', PDB: '', fileVersion: 10.0.17134.1
C:\WINDOWS\system32\twinapi.appcore.dll:twinapi.appcore.dll (00007FFB79830000), size: 1802240 (result: 0), SymType: '-deferred-', PDB: '', fileVersion: 10.0.17134.137
C:\WINDOWS\system32\RMCLIENT.dll:RMCLIENT.dll (00007FFB79780000), size: 167936 (result: 0), SymType: '-deferred-', PDB: '', fileVersion: 10.0.17134.556
C:\WINDOWS\SYSTEM32\xinput1_3.dll:xinput1_3.dll (000000003BEA0000), size: 122880 (result: 0), SymType: '-deferred-', PDB: '', fileVersion: 9.18.944.0
C:\WINDOWS\system32\NLAapi.dll:NLAapi.dll (00007FFB78880000), size: 102400 (result: 0), SymType: '-deferred-', PDB: '', fileVersion: 10.0.17134.1
C:\WINDOWS\SYSTEM32\WINSTA.dll:WINSTA.dll (00007FFB7AA50000), size: 352256 (result: 0), SymType: '-deferred-', PDB: '', fileVersion: 10.0.17134.1
C:\WINDOWS\SYSTEM32\gpapi.dll:gpapi.dll (00007FFB79D00000), size: 139264 (result: 0), SymType: '-deferred-', PDB: '', fileVersion: 10.0.17134.1
C:\Windows\System32\cryptnet.dll:cryptnet.dll (00007FFB758E0000), size: 188416 (result: 0), SymType: '-deferred-', PDB: '', fileVersion: 10.0.17134.1
C:\WINDOWS\SYSTEM32\edputil.dll:edputil.dll (00007FFB77280000), size: 278528 (result: 0), SymType: '-deferred-', PDB: '', fileVersion: 10.0.17134.1
C:\WINDOWS\SYSTEM32\mscms.dll:mscms.dll (00007FFB74B10000), size: 688128 (result: 0), SymType: '-deferred-', PDB: '', fileVersion: 10.0.17134.1
C:\WINDOWS\SYSTEM32\ColorAdapterClient.dll:ColorAdapterClient.dll (00007FFB792C0000), size: 65536 (result: 0), SymType: '-deferred-', PDB: '', fileVersion: 10.0.17134.1
C:\WINDOWS\SYSTEM32\icm32.dll:icm32.dll (00007FFB519E0000), size: 274432 (result: 0), SymType: '-deferred-', PDB: '', fileVersion: 10.0.17134.1

========== OUTPUTTING STACK TRACE ==================

0x0000000141C4BE45 (Unity) WorldContactFilter2D::ShouldCollide
0x0000000141BACB95 (Unity) b2BroadPhase::UpdatePairs<b2ContactManager>
0x0000000141BB066A (Unity) b2World::Solve
0x0000000141BB1B08 (Unity) b2World::Step
0x0000000141BFFDCB (Unity) PhysicsManager2D::Simulate
0x0000000141BF41EA (Unity) PhysicsManager2D::FixedUpdate
0x0000000141BF43A1 (Unity) `PhysicsManager2D::Initialize'::`2'::FixedUpdatePhysics2DFixedUpdateRegistrator::Forward
0x000000014095FFD7 (Unity) ExecutePlayerLoop
0x00000001409600A3 (Unity) ExecutePlayerLoop
0x0000000140963351 (Unity) PlayerLoop
0x000000014133DD4F (Unity) PlayerLoopController::UpdateScene
0x000000014133C300 (Unity) Application::TickTimer
0x00000001414981CB (Unity) MainMessageLoop
0x0000000141499E66 (Unity) WinMain
0x000000014247DE8A (Unity) __scrt_common_main_seh
0x00007FFB7CA83DC4 (KERNEL32) BaseThreadInitThunk
0x00007FFB7ED53691 (ntdll) RtlUserThreadStart

========== END OF STACKTRACE ===========

A crash has been intercepted by the crash handler. For call stack and other details, see the latest crash report generated in:
 * C:/Users/ELLEME~1/AppData/Local/Temp/Unity/Editor/Crashes
