Unity Editor by Unity Technologies [version: Unity 2018.3.4f1_1d952368ca3a]

Unity.exe caused an Access Violation (0xc0000005)
  in module Unity.exe at 0033:00000000.

Error occurred at 2019-02-28_173718.
C:\Program Files\Unity\Hub\Editor\2018.3.4f1\Editor\Unity.exe, run by ElleMelMarta.

32% physical memory in use.
16333 MB physical memory [11081 MB free].
993 MB process peak paging file [893 MB used].
610 MB process peak working set [544 MB used].
System Commit Total/Limit/Peak: 8609MB/20543MB/26192MB
System Physical Total/Available: 16333MB/11081MB
System Process Count: 201
System Thread Count: 2926
System Handle Count: 95795
Disk space data for 'C:\Users\ELLEME~1\AppData\Local\Temp\Unity\Editor\Crashes\Crash_2019-02-28_173623374\': 45397716992 bytes free of 125440094208 total.

Write to location 0000000000000000 caused an access violation.

Context:
RDI:    0x0000000038031200  RSI: 0x000000004a008880  RAX:   0x0000000007c26bb0
RBX:    0x000000003802f400  RCX: 0x000000004a00a500  RDX:   0x000000003802f400
RIP:    0x0000000000000000  RBP: 0x0000000004ed36b0  SegCs: 0x0000000000000033
EFlags: 0x0000000000010202  RSP: 0x00000000005fda08  SegSs: 0x000000000000002b
R8:     0x0000000038031200  R9:  0x0000000038031200  R10:   0x0000000000000000
R11:    0x000000003807b760  R12: 0x0000000000000000  R13:   0x00000000377c9f48
R14:    0x000000004a00a500  R15: 0x0000000000000000


Bytes at CS:EIP:
?? ?? ?? ?? ?? ?? ?? ?? ?? ?? ?? ?? ?? ?? ?? ?? 

Mono DLL loaded successfully at 'C:\Program Files\Unity\Hub\Editor\2018.3.4f1\Editor\Data\MonoBleedingEdge\EmbedRuntime\mono-2.0-bdwgc.dll'.


Stack Trace of Crashed Thread 4528:
ERROR: SymGetSymFromAddr64, GetLastError: 'The specified module could not be found.' (Address: 00000267A831D1C0)
ERROR: SymGetModuleInfo64, GetLastError: 'A dynamic link library (DLL) initialization routine failed.' (Address: 00000267A831D1C0)
0x00000267A831D1C0 ((<unknown>)) (function-name not available)
ERROR: SymGetSymFromAddr64, GetLastError: 'Attempt to access invalid address.' (Address: 0000000141C4BE37)
0x0000000141C4BE37 (Unity) (function-name not available)
ERROR: SymGetSymFromAddr64, GetLastError: 'Attempt to access invalid address.' (Address: 0000000141BACB95)
0x0000000141BACB95 (Unity) (function-name not available)
ERROR: SymGetSymFromAddr64, GetLastError: 'Attempt to access invalid address.' (Address: 0000000141BB066A)
0x0000000141BB066A (Unity) (function-name not available)
ERROR: SymGetSymFromAddr64, GetLastError: 'Attempt to access invalid address.' (Address: 0000000141BB1B08)
0x0000000141BB1B08 (Unity) (function-name not available)
ERROR: SymGetSymFromAddr64, GetLastError: 'Attempt to access invalid address.' (Address: 0000000141BFFDCB)
0x0000000141BFFDCB (Unity) (function-name not available)
ERROR: SymGetSymFromAddr64, GetLastError: 'Attempt to access invalid address.' (Address: 0000000141BF41EA)
0x0000000141BF41EA (Unity) (function-name not available)
ERROR: SymGetSymFromAddr64, GetLastError: 'Attempt to access invalid address.' (Address: 0000000141BF43A1)
0x0000000141BF43A1 (Unity) (function-name not available)
ERROR: SymGetSymFromAddr64, GetLastError: 'Attempt to access invalid address.' (Address: 000000014095FFD7)
0x000000014095FFD7 (Unity) (function-name not available)
ERROR: SymGetSymFromAddr64, GetLastError: 'Attempt to access invalid address.' (Address: 00000001409600A3)
0x00000001409600A3 (Unity) (function-name not available)
ERROR: SymGetSymFromAddr64, GetLastError: 'Attempt to access invalid address.' (Address: 0000000140963351)
0x0000000140963351 (Unity) (function-name not available)
ERROR: SymGetSymFromAddr64, GetLastError: 'Attempt to access invalid address.' (Address: 000000014133DD4F)
0x000000014133DD4F (Unity) (function-name not available)
ERROR: SymGetSymFromAddr64, GetLastError: 'Attempt to access invalid address.' (Address: 000000014133C300)
0x000000014133C300 (Unity) (function-name not available)
ERROR: SymGetSymFromAddr64, GetLastError: 'Attempt to access invalid address.' (Address: 00000001414981CB)
0x00000001414981CB (Unity) (function-name not available)
ERROR: SymGetSymFromAddr64, GetLastError: 'Attempt to access invalid address.' (Address: 0000000141499E66)
0x0000000141499E66 (Unity) (function-name not available)
ERROR: SymGetSymFromAddr64, GetLastError: 'Attempt to access invalid address.' (Address: 000000014247DE8A)
0x000000014247DE8A (Unity) (function-name not available)
0x00007FFB7CA83DC4 (KERNEL32) BaseThreadInitThunk
0x00007FFB7ED53691 (ntdll) RtlUserThreadStart

Stacks for Running Threads:

Call Stack for Thread 1436:
0x00007FFB7ED7AA24 (ntdll) NtWaitForSingleObject
0x00007FFB7B0B9252 (KERNELBASE) WaitForSingleObjectEx
ERROR: SymGetSymFromAddr64, GetLastError: 'Attempt to access invalid address.' (Address: 0000000140AF6A28)
0x0000000140AF6A28 (Unity) (function-name not available)
ERROR: SymGetSymFromAddr64, GetLastError: 'Attempt to access invalid address.' (Address: 0000000140AF6C2E)
0x0000000140AF6C2E (Unity) (function-name not available)
ERROR: SymGetSymFromAddr64, GetLastError: 'Attempt to access invalid address.' (Address: 0000000140A70D24)
0x0000000140A70D24 (Unity) (function-name not available)
0x00007FFB7CA83DC4 (KERNEL32) BaseThreadInitThunk
0x00007FFB7ED53691 (ntdll) RtlUserThreadStart


Call Stack for Thread 8736:
0x00007FFB7ED7E2F4 (ntdll) ZwWaitForWorkViaWorkerFactory
0x00007FFB7ED06866 (ntdll) RtlReleaseSRWLockExclusive
0x00007FFB7CA83DC4 (KERNEL32) BaseThreadInitThunk
0x00007FFB7ED53691 (ntdll) RtlUserThreadStart


Call Stack for Thread 3932:
0x00007FFB7ED7E2F4 (ntdll) ZwWaitForWorkViaWorkerFactory
0x00007FFB7ED06866 (ntdll) RtlReleaseSRWLockExclusive
0x00007FFB7CA83DC4 (KERNEL32) BaseThreadInitThunk
0x00007FFB7ED53691 (ntdll) RtlUserThreadStart


Call Stack for Thread 15076:
0x00007FFB7ED7B4F4 (ntdll) NtWaitForMultipleObjects
0x00007FFB7B0C6099 (KERNELBASE) WaitForMultipleObjectsEx
0x00007FFB7C723E77 (combase) CoGetTreatAsClass
0x00007FFB7C7A2D30 (combase) CoDisableCallCancellation
0x00007FFB7C7212D1 (combase) CoGetTreatAsClass
0x00007FFB7C7A65DC (combase) CoRegisterPSClsid
0x00007FFB7CA83DC4 (KERNEL32) BaseThreadInitThunk
0x00007FFB7ED53691 (ntdll) RtlUserThreadStart


Call Stack for Thread 4456:
0x00007FFB7ED7B024 (ntdll) NtDelayExecution
0x00007FFB7B0C5E9A (KERNELBASE) SleepEx
ERROR: SymGetSymFromAddr64, GetLastError: 'Attempt to access invalid address.' (Address: 00000001412DFA62)
0x00000001412DFA62 (Unity) (function-name not available)
ERROR: SymGetSymFromAddr64, GetLastError: 'Attempt to access invalid address.' (Address: 0000000140A70D24)
0x0000000140A70D24 (Unity) (function-name not available)
0x00007FFB7CA83DC4 (KERNEL32) BaseThreadInitThunk
0x00007FFB7ED53691 (ntdll) RtlUserThreadStart


Call Stack for Thread 11288:
0x00007FFB7ED7B024 (ntdll) NtDelayExecution
0x00007FFB7B0C5E9A (KERNELBASE) SleepEx
ERROR: SymGetSymFromAddr64, GetLastError: 'Attempt to access invalid address.' (Address: 00000001401DFA75)
0x00000001401DFA75 (Unity) (function-name not available)
ERROR: SymGetSymFromAddr64, GetLastError: 'Attempt to access invalid address.' (Address: 00000001401E1129)
0x00000001401E1129 (Unity) (function-name not available)
ERROR: SymGetSymFromAddr64, GetLastError: 'Attempt to access invalid address.' (Address: 0000000140A70D24)
0x0000000140A70D24 (Unity) (function-name not available)
0x00007FFB7CA83DC4 (KERNEL32) BaseThreadInitThunk
0x00007FFB7ED53691 (ntdll) RtlUserThreadStart


Call Stack for Thread 25864:
0x00007FFB7ED7AAC4 (ntdll) NtRemoveIoCompletion
0x00007FFB7A7EF338 (MSWSOCK) Tcpip6_WSHStringToAddress
0x00007FFB7CA83DC4 (KERNEL32) BaseThreadInitThunk
0x00007FFB7ED53691 (ntdll) RtlUserThreadStart


Call Stack for Thread 2332:
0x00007FFB7ED7AA24 (ntdll) NtWaitForSingleObject
0x00007FFB7B0B9252 (KERNELBASE) WaitForSingleObjectEx
ERROR: SymGetSymFromAddr64, GetLastError: 'Attempt to access invalid address.' (Address: 00000001408A6FD6)
0x00000001408A6FD6 (Unity) (function-name not available)
ERROR: SymGetSymFromAddr64, GetLastError: 'Attempt to access invalid address.' (Address: 00000001408A8F83)
0x00000001408A8F83 (Unity) (function-name not available)
ERROR: SymGetSymFromAddr64, GetLastError: 'Attempt to access invalid address.' (Address: 0000000140A70D24)
0x0000000140A70D24 (Unity) (function-name not available)
0x00007FFB7CA83DC4 (KERNEL32) BaseThreadInitThunk
0x00007FFB7ED53691 (ntdll) RtlUserThreadStart


Call Stack for Thread 24096:
0x00007FFB7ED7AA24 (ntdll) NtWaitForSingleObject
0x00007FFB7B0B9252 (KERNELBASE) WaitForSingleObjectEx
ERROR: SymGetSymFromAddr64, GetLastError: 'Attempt to access invalid address.' (Address: 00000001408A6FD6)
0x00000001408A6FD6 (Unity) (function-name not available)
ERROR: SymGetSymFromAddr64, GetLastError: 'Attempt to access invalid address.' (Address: 00000001408A8F83)
0x00000001408A8F83 (Unity) (function-name not available)
ERROR: SymGetSymFromAddr64, GetLastError: 'Attempt to access invalid address.' (Address: 0000000140A70D24)
0x0000000140A70D24 (Unity) (function-name not available)
0x00007FFB7CA83DC4 (KERNEL32) BaseThreadInitThunk
0x00007FFB7ED53691 (ntdll) RtlUserThreadStart


Call Stack for Thread 8656:
0x00007FFB7ED7AA24 (ntdll) NtWaitForSingleObject
0x00007FFB7B0B9252 (KERNELBASE) WaitForSingleObjectEx
ERROR: SymGetSymFromAddr64, GetLastError: 'Attempt to access invalid address.' (Address: 00000001408A6FD6)
0x00000001408A6FD6 (Unity) (function-name not available)
ERROR: SymGetSymFromAddr64, GetLastError: 'Attempt to access invalid address.' (Address: 00000001408A8F83)
0x00000001408A8F83 (Unity) (function-name not available)
ERROR: SymGetSymFromAddr64, GetLastError: 'Attempt to access invalid address.' (Address: 0000000140A70D24)
0x0000000140A70D24 (Unity) (function-name not available)
0x00007FFB7CA83DC4 (KERNEL32) BaseThreadInitThunk
0x00007FFB7ED53691 (ntdll) RtlUserThreadStart


Call Stack for Thread 25076:
0x00007FFB7ED7AA24 (ntdll) NtWaitForSingleObject
0x00007FFB7B0B9252 (KERNELBASE) WaitForSingleObjectEx
ERROR: SymGetSymFromAddr64, GetLastError: 'Attempt to access invalid address.' (Address: 00000001408A6FD6)
0x00000001408A6FD6 (Unity) (function-name not available)
ERROR: SymGetSymFromAddr64, GetLastError: 'Attempt to access invalid address.' (Address: 00000001408A8F83)
0x00000001408A8F83 (Unity) (function-name not available)
ERROR: SymGetSymFromAddr64, GetLastError: 'Attempt to access invalid address.' (Address: 0000000140A70D24)
0x0000000140A70D24 (Unity) (function-name not available)
0x00007FFB7CA83DC4 (KERNEL32) BaseThreadInitThunk
0x00007FFB7ED53691 (ntdll) RtlUserThreadStart


Call Stack for Thread 6456:
0x00007FFB7ED7AA24 (ntdll) NtWaitForSingleObject
0x00007FFB7B0B9252 (KERNELBASE) WaitForSingleObjectEx
ERROR: SymGetSymFromAddr64, GetLastError: 'Attempt to access invalid address.' (Address: 00000001408A6FD6)
0x00000001408A6FD6 (Unity) (function-name not available)
ERROR: SymGetSymFromAddr64, GetLastError: 'Attempt to access invalid address.' (Address: 00000001408A8F83)
0x00000001408A8F83 (Unity) (function-name not available)
ERROR: SymGetSymFromAddr64, GetLastError: 'Attempt to access invalid address.' (Address: 0000000140A70D24)
0x0000000140A70D24 (Unity) (function-name not available)
0x00007FFB7CA83DC4 (KERNEL32) BaseThreadInitThunk
0x00007FFB7ED53691 (ntdll) RtlUserThreadStart


Call Stack for Thread 14864:
0x00007FFB7ED7AA24 (ntdll) NtWaitForSingleObject
0x00007FFB7B0B9252 (KERNELBASE) WaitForSingleObjectEx
ERROR: SymGetSymFromAddr64, GetLastError: 'Attempt to access invalid address.' (Address: 00000001408A6FD6)
0x00000001408A6FD6 (Unity) (function-name not available)
ERROR: SymGetSymFromAddr64, GetLastError: 'Attempt to access invalid address.' (Address: 00000001408A8F83)
0x00000001408A8F83 (Unity) (function-name not available)
ERROR: SymGetSymFromAddr64, GetLastError: 'Attempt to access invalid address.' (Address: 0000000140A70D24)
0x0000000140A70D24 (Unity) (function-name not available)
0x00007FFB7CA83DC4 (KERNEL32) BaseThreadInitThunk
0x00007FFB7ED53691 (ntdll) RtlUserThreadStart


Call Stack for Thread 9412:
0x00007FFB7ED7AA24 (ntdll) NtWaitForSingleObject
0x00007FFB7B0B9252 (KERNELBASE) WaitForSingleObjectEx
ERROR: SymGetSymFromAddr64, GetLastError: 'Attempt to access invalid address.' (Address: 00000001408A6FD6)
0x00000001408A6FD6 (Unity) (function-name not available)
ERROR: SymGetSymFromAddr64, GetLastError: 'Attempt to access invalid address.' (Address: 00000001408A8F83)
0x00000001408A8F83 (Unity) (function-name not available)
ERROR: SymGetSymFromAddr64, GetLastError: 'Attempt to access invalid address.' (Address: 0000000140A70D24)
0x0000000140A70D24 (Unity) (function-name not available)
0x00007FFB7CA83DC4 (KERNEL32) BaseThreadInitThunk
0x00007FFB7ED53691 (ntdll) RtlUserThreadStart


Call Stack for Thread 9472:
0x00007FFB7ED7AA24 (ntdll) NtWaitForSingleObject
0x00007FFB7B0B9252 (KERNELBASE) WaitForSingleObjectEx
ERROR: SymGetSymFromAddr64, GetLastError: 'Attempt to access invalid address.' (Address: 00000001408A6FD6)
0x00000001408A6FD6 (Unity) (function-name not available)
ERROR: SymGetSymFromAddr64, GetLastError: 'Attempt to access invalid address.' (Address: 00000001408A8F83)
0x00000001408A8F83 (Unity) (function-name not available)
ERROR: SymGetSymFromAddr64, GetLastError: 'Attempt to access invalid address.' (Address: 0000000140A70D24)
0x0000000140A70D24 (Unity) (function-name not available)
0x00007FFB7CA83DC4 (KERNEL32) BaseThreadInitThunk
0x00007FFB7ED53691 (ntdll) RtlUserThreadStart


Call Stack for Thread 12368:
0x00007FFB7ED7AA24 (ntdll) NtWaitForSingleObject
0x00007FFB7B0B9252 (KERNELBASE) WaitForSingleObjectEx
ERROR: SymGetSymFromAddr64, GetLastError: 'Attempt to access invalid address.' (Address: 00000001408A6FD6)
0x00000001408A6FD6 (Unity) (function-name not available)
ERROR: SymGetSymFromAddr64, GetLastError: 'Attempt to access invalid address.' (Address: 00000001408A8F83)
0x00000001408A8F83 (Unity) (function-name not available)
ERROR: SymGetSymFromAddr64, GetLastError: 'Attempt to access invalid address.' (Address: 0000000140A70D24)
0x0000000140A70D24 (Unity) (function-name not available)
0x00007FFB7CA83DC4 (KERNEL32) BaseThreadInitThunk
0x00007FFB7ED53691 (ntdll) RtlUserThreadStart


Call Stack for Thread 19632:
0x00007FFB7ED7AA24 (ntdll) NtWaitForSingleObject
0x00007FFB7B0B9252 (KERNELBASE) WaitForSingleObjectEx
ERROR: SymGetSymFromAddr64, GetLastError: 'Attempt to access invalid address.' (Address: 00000001408A6FD6)
0x00000001408A6FD6 (Unity) (function-name not available)
ERROR: SymGetSymFromAddr64, GetLastError: 'Attempt to access invalid address.' (Address: 00000001408A8F83)
0x00000001408A8F83 (Unity) (function-name not available)
ERROR: SymGetSymFromAddr64, GetLastError: 'Attempt to access invalid address.' (Address: 0000000140A70D24)
0x0000000140A70D24 (Unity) (function-name not available)
0x00007FFB7CA83DC4 (KERNEL32) BaseThreadInitThunk
0x00007FFB7ED53691 (ntdll) RtlUserThreadStart


Call Stack for Thread 19496:
0x00007FFB7ED7AA24 (ntdll) NtWaitForSingleObject
0x00007FFB7B0B9252 (KERNELBASE) WaitForSingleObjectEx
ERROR: SymGetSymFromAddr64, GetLastError: 'Attempt to access invalid address.' (Address: 00000001408A6FD6)
0x00000001408A6FD6 (Unity) (function-name not available)
ERROR: SymGetSymFromAddr64, GetLastError: 'Attempt to access invalid address.' (Address: 00000001408A8F83)
0x00000001408A8F83 (Unity) (function-name not available)
ERROR: SymGetSymFromAddr64, GetLastError: 'Attempt to access invalid address.' (Address: 0000000140A70D24)
0x0000000140A70D24 (Unity) (function-name not available)
0x00007FFB7CA83DC4 (KERNEL32) BaseThreadInitThunk
0x00007FFB7ED53691 (ntdll) RtlUserThreadStart


Call Stack for Thread 16804:
0x00007FFB7ED7AA24 (ntdll) NtWaitForSingleObject
0x00007FFB7B0B9252 (KERNELBASE) WaitForSingleObjectEx
ERROR: SymGetSymFromAddr64, GetLastError: 'Attempt to access invalid address.' (Address: 00000001408A6FD6)
0x00000001408A6FD6 (Unity) (function-name not available)
ERROR: SymGetSymFromAddr64, GetLastError: 'Attempt to access invalid address.' (Address: 00000001408A8F83)
0x00000001408A8F83 (Unity) (function-name not available)
ERROR: SymGetSymFromAddr64, GetLastError: 'Attempt to access invalid address.' (Address: 0000000140A70D24)
0x0000000140A70D24 (Unity) (function-name not available)
0x00007FFB7CA83DC4 (KERNEL32) BaseThreadInitThunk
0x00007FFB7ED53691 (ntdll) RtlUserThreadStart


Call Stack for Thread 26336:
0x00007FFB7ED7AA24 (ntdll) NtWaitForSingleObject
0x00007FFB7B0B9252 (KERNELBASE) WaitForSingleObjectEx
ERROR: SymGetSymFromAddr64, GetLastError: 'Attempt to access invalid address.' (Address: 00000001408A6FD6)
0x00000001408A6FD6 (Unity) (function-name not available)
ERROR: SymGetSymFromAddr64, GetLastError: 'Attempt to access invalid address.' (Address: 00000001408A8F83)
0x00000001408A8F83 (Unity) (function-name not available)
ERROR: SymGetSymFromAddr64, GetLastError: 'Attempt to access invalid address.' (Address: 0000000140A70D24)
0x0000000140A70D24 (Unity) (function-name not available)
0x00007FFB7CA83DC4 (KERNEL32) BaseThreadInitThunk
0x00007FFB7ED53691 (ntdll) RtlUserThreadStart


Call Stack for Thread 24672:
0x00007FFB7ED7AA24 (ntdll) NtWaitForSingleObject
0x00007FFB7B0B9252 (KERNELBASE) WaitForSingleObjectEx
ERROR: SymGetSymFromAddr64, GetLastError: 'Attempt to access invalid address.' (Address: 00000001408A6FD6)
0x00000001408A6FD6 (Unity) (function-name not available)
ERROR: SymGetSymFromAddr64, GetLastError: 'Attempt to access invalid address.' (Address: 00000001408A8F83)
0x00000001408A8F83 (Unity) (function-name not available)
ERROR: SymGetSymFromAddr64, GetLastError: 'Attempt to access invalid address.' (Address: 0000000140A70D24)
0x0000000140A70D24 (Unity) (function-name not available)
0x00007FFB7CA83DC4 (KERNEL32) BaseThreadInitThunk
0x00007FFB7ED53691 (ntdll) RtlUserThreadStart


Call Stack for Thread 18128:
0x00007FFB7ED7AA24 (ntdll) NtWaitForSingleObject
0x00007FFB7B0B9252 (KERNELBASE) WaitForSingleObjectEx
ERROR: SymGetSymFromAddr64, GetLastError: 'Attempt to access invalid address.' (Address: 00000001408A6FD6)
0x00000001408A6FD6 (Unity) (function-name not available)
ERROR: SymGetSymFromAddr64, GetLastError: 'Attempt to access invalid address.' (Address: 00000001408A8F83)
0x00000001408A8F83 (Unity) (function-name not available)
ERROR: SymGetSymFromAddr64, GetLastError: 'Attempt to access invalid address.' (Address: 0000000140A70D24)
0x0000000140A70D24 (Unity) (function-name not available)
0x00007FFB7CA83DC4 (KERNEL32) BaseThreadInitThunk
0x00007FFB7ED53691 (ntdll) RtlUserThreadStart


Call Stack for Thread 996:
0x00007FFB7ED7AA24 (ntdll) NtWaitForSingleObject
0x00007FFB7B0B9252 (KERNELBASE) WaitForSingleObjectEx
ERROR: SymGetSymFromAddr64, GetLastError: 'Attempt to access invalid address.' (Address: 00000001408A6FD6)
0x00000001408A6FD6 (Unity) (function-name not available)
ERROR: SymGetSymFromAddr64, GetLastError: 'Attempt to access invalid address.' (Address: 00000001408A8F83)
0x00000001408A8F83 (Unity) (function-name not available)
ERROR: SymGetSymFromAddr64, GetLastError: 'Attempt to access invalid address.' (Address: 0000000140A70D24)
0x0000000140A70D24 (Unity) (function-name not available)
0x00007FFB7CA83DC4 (KERNEL32) BaseThreadInitThunk
0x00007FFB7ED53691 (ntdll) RtlUserThreadStart


Call Stack for Thread 15504:
0x00007FFB7ED7AA24 (ntdll) NtWaitForSingleObject
0x00007FFB7B0B9252 (KERNELBASE) WaitForSingleObjectEx
ERROR: SymGetSymFromAddr64, GetLastError: 'Attempt to access invalid address.' (Address: 00000001408A6FD6)
0x00000001408A6FD6 (Unity) (function-name not available)
ERROR: SymGetSymFromAddr64, GetLastError: 'Attempt to access invalid address.' (Address: 00000001408A8F83)
0x00000001408A8F83 (Unity) (function-name not available)
ERROR: SymGetSymFromAddr64, GetLastError: 'Attempt to access invalid address.' (Address: 0000000140A70D24)
0x0000000140A70D24 (Unity) (function-name not available)
0x00007FFB7CA83DC4 (KERNEL32) BaseThreadInitThunk
0x00007FFB7ED53691 (ntdll) RtlUserThreadStart


Call Stack for Thread 988:
0x00007FFB7ED7AA24 (ntdll) NtWaitForSingleObject
0x00007FFB7B0B9252 (KERNELBASE) WaitForSingleObjectEx
ERROR: SymGetSymFromAddr64, GetLastError: 'Attempt to access invalid address.' (Address: 00000001408A6FD6)
0x00000001408A6FD6 (Unity) (function-name not available)
ERROR: SymGetSymFromAddr64, GetLastError: 'Attempt to access invalid address.' (Address: 00000001408A8F83)
0x00000001408A8F83 (Unity) (function-name not available)
ERROR: SymGetSymFromAddr64, GetLastError: 'Attempt to access invalid address.' (Address: 0000000140A70D24)
0x0000000140A70D24 (Unity) (function-name not available)
0x00007FFB7CA83DC4 (KERNEL32) BaseThreadInitThunk
0x00007FFB7ED53691 (ntdll) RtlUserThreadStart


Call Stack for Thread 19996:
0x00007FFB7ED7AA24 (ntdll) NtWaitForSingleObject
0x00007FFB7B0B9252 (KERNELBASE) WaitForSingleObjectEx
ERROR: SymGetSymFromAddr64, GetLastError: 'Attempt to access invalid address.' (Address: 00000001408A6FD6)
0x00000001408A6FD6 (Unity) (function-name not available)
ERROR: SymGetSymFromAddr64, GetLastError: 'Attempt to access invalid address.' (Address: 00000001408A8F83)
0x00000001408A8F83 (Unity) (function-name not available)
ERROR: SymGetSymFromAddr64, GetLastError: 'Attempt to access invalid address.' (Address: 0000000140A70D24)
0x0000000140A70D24 (Unity) (function-name not available)
0x00007FFB7CA83DC4 (KERNEL32) BaseThreadInitThunk
0x00007FFB7ED53691 (ntdll) RtlUserThreadStart


Call Stack for Thread 23696:
0x00007FFB7ED7AA24 (ntdll) NtWaitForSingleObject
0x00007FFB7B0B9252 (KERNELBASE) WaitForSingleObjectEx
ERROR: SymGetSymFromAddr64, GetLastError: 'Attempt to access invalid address.' (Address: 00000001408A6FD6)
0x00000001408A6FD6 (Unity) (function-name not available)
ERROR: SymGetSymFromAddr64, GetLastError: 'Attempt to access invalid address.' (Address: 00000001408A8F83)
0x00000001408A8F83 (Unity) (function-name not available)
ERROR: SymGetSymFromAddr64, GetLastError: 'Attempt to access invalid address.' (Address: 0000000140A70D24)
0x0000000140A70D24 (Unity) (function-name not available)
0x00007FFB7CA83DC4 (KERNEL32) BaseThreadInitThunk
0x00007FFB7ED53691 (ntdll) RtlUserThreadStart


Call Stack for Thread 10688:
0x00007FFB7ED7AA24 (ntdll) NtWaitForSingleObject
0x00007FFB7B0B9252 (KERNELBASE) WaitForSingleObjectEx
ERROR: SymGetSymFromAddr64, GetLastError: 'Attempt to access invalid address.' (Address: 00000001408A6FD6)
0x00000001408A6FD6 (Unity) (function-name not available)
ERROR: SymGetSymFromAddr64, GetLastError: 'Attempt to access invalid address.' (Address: 00000001408A8F83)
0x00000001408A8F83 (Unity) (function-name not available)
ERROR: SymGetSymFromAddr64, GetLastError: 'Attempt to access invalid address.' (Address: 0000000140A70D24)
0x0000000140A70D24 (Unity) (function-name not available)
0x00007FFB7CA83DC4 (KERNEL32) BaseThreadInitThunk
0x00007FFB7ED53691 (ntdll) RtlUserThreadStart


Call Stack for Thread 7216:
0x00007FFB7ED7AA24 (ntdll) NtWaitForSingleObject
0x00007FFB7B0B9252 (KERNELBASE) WaitForSingleObjectEx
ERROR: SymGetSymFromAddr64, GetLastError: 'Attempt to access invalid address.' (Address: 00000001408A6FD6)
0x00000001408A6FD6 (Unity) (function-name not available)
ERROR: SymGetSymFromAddr64, GetLastError: 'Attempt to access invalid address.' (Address: 00000001408A8F83)
0x00000001408A8F83 (Unity) (function-name not available)
ERROR: SymGetSymFromAddr64, GetLastError: 'Attempt to access invalid address.' (Address: 0000000140A70D24)
0x0000000140A70D24 (Unity) (function-name not available)
0x00007FFB7CA83DC4 (KERNEL32) BaseThreadInitThunk
0x00007FFB7ED53691 (ntdll) RtlUserThreadStart


Call Stack for Thread 1420:
0x00007FFB7ED7AA24 (ntdll) NtWaitForSingleObject
0x00007FFB7B0B9252 (KERNELBASE) WaitForSingleObjectEx
ERROR: SymGetSymFromAddr64, GetLastError: 'Attempt to access invalid address.' (Address: 00000001408A6FD6)
0x00000001408A6FD6 (Unity) (function-name not available)
ERROR: SymGetSymFromAddr64, GetLastError: 'Attempt to access invalid address.' (Address: 00000001408A8F83)
0x00000001408A8F83 (Unity) (function-name not available)
ERROR: SymGetSymFromAddr64, GetLastError: 'Attempt to access invalid address.' (Address: 0000000140A70D24)
0x0000000140A70D24 (Unity) (function-name not available)
0x00007FFB7CA83DC4 (KERNEL32) BaseThreadInitThunk
0x00007FFB7ED53691 (ntdll) RtlUserThreadStart


Call Stack for Thread 13540:
0x00007FFB7ED7AA24 (ntdll) NtWaitForSingleObject
0x00007FFB7B0B9252 (KERNELBASE) WaitForSingleObjectEx
ERROR: SymGetSymFromAddr64, GetLastError: 'Attempt to access invalid address.' (Address: 0000000140A739A7)
0x0000000140A739A7 (Unity) (function-name not available)
ERROR: SymGetSymFromAddr64, GetLastError: 'Attempt to access invalid address.' (Address: 0000000140A73AC7)
0x0000000140A73AC7 (Unity) (function-name not available)
ERROR: SymGetSymFromAddr64, GetLastError: 'Attempt to access invalid address.' (Address: 00000001408E0B0B)
0x00000001408E0B0B (Unity) (function-name not available)
ERROR: SymGetSymFromAddr64, GetLastError: 'Attempt to access invalid address.' (Address: 0000000140A70D24)
0x0000000140A70D24 (Unity) (function-name not available)
0x00007FFB7CA83DC4 (KERNEL32) BaseThreadInitThunk
0x00007FFB7ED53691 (ntdll) RtlUserThreadStart


Call Stack for Thread 20008:
0x00007FFB7ED7AA24 (ntdll) NtWaitForSingleObject
0x00007FFB7B0B9252 (KERNELBASE) WaitForSingleObjectEx
ERROR: SymGetSymFromAddr64, GetLastError: 'Attempt to access invalid address.' (Address: 00000001406EE82D)
0x00000001406EE82D (Unity) (function-name not available)
ERROR: SymGetSymFromAddr64, GetLastError: 'Attempt to access invalid address.' (Address: 00000001406EE609)
0x00000001406EE609 (Unity) (function-name not available)
ERROR: SymGetSymFromAddr64, GetLastError: 'Attempt to access invalid address.' (Address: 0000000140A70D24)
0x0000000140A70D24 (Unity) (function-name not available)
0x00007FFB7CA83DC4 (KERNEL32) BaseThreadInitThunk
0x00007FFB7ED53691 (ntdll) RtlUserThreadStart


Call Stack for Thread 628:
0x00007FFB7ED7AA24 (ntdll) NtWaitForSingleObject
0x00007FFB7A7E6A42 (MSWSOCK) Tcpip4_WSHOpenSocket2
0x00007FFB7A7ED359 (MSWSOCK) NSPStartup
0x00007FFB7D6266D0 (WS2_32) select
ERROR: SymGetSymFromAddr64, GetLastError: 'Attempt to access invalid address.' (Address: 00000001404FB7CF)
0x00000001404FB7CF (Unity) (function-name not available)
ERROR: SymGetSymFromAddr64, GetLastError: 'Attempt to access invalid address.' (Address: 00000001421198EE)
0x00000001421198EE (Unity) (function-name not available)
ERROR: SymGetSymFromAddr64, GetLastError: 'Attempt to access invalid address.' (Address: 0000000140A70D24)
0x0000000140A70D24 (Unity) (function-name not available)
0x00007FFB7CA83DC4 (KERNEL32) BaseThreadInitThunk
0x00007FFB7ED53691 (ntdll) RtlUserThreadStart


Call Stack for Thread 24396:
0x00007FFB7ED7AA24 (ntdll) NtWaitForSingleObject
0x00007FFB7B0B9252 (KERNELBASE) WaitForSingleObjectEx
ERROR: SymGetSymFromAddr64, GetLastError: 'Attempt to access invalid address.' (Address: 000000014210E105)
0x000000014210E105 (Unity) (function-name not available)
ERROR: SymGetSymFromAddr64, GetLastError: 'Attempt to access invalid address.' (Address: 0000000140A70D24)
0x0000000140A70D24 (Unity) (function-name not available)
0x00007FFB7CA83DC4 (KERNEL32) BaseThreadInitThunk
0x00007FFB7ED53691 (ntdll) RtlUserThreadStart


Call Stack for Thread 1572:
0x00007FFB7ED7AA24 (ntdll) NtWaitForSingleObject
0x00007FFB7B0B9252 (KERNELBASE) WaitForSingleObjectEx
ERROR: SymGetSymFromAddr64, GetLastError: 'Attempt to access invalid address.' (Address: 0000000142A2CD0A)
0x0000000142A2CD0A (Unity) (function-name not available)
ERROR: SymGetSymFromAddr64, GetLastError: 'Attempt to access invalid address.' (Address: 0000000142A2CC5E)
0x0000000142A2CC5E (Unity) (function-name not available)
ERROR: SymGetSymFromAddr64, GetLastError: 'Attempt to access invalid address.' (Address: 00000001429BDD61)
0x00000001429BDD61 (Unity) (function-name not available)
ERROR: SymGetSymFromAddr64, GetLastError: 'Attempt to access invalid address.' (Address: 0000000142B79350)
0x0000000142B79350 (Unity) (function-name not available)
0x00007FFB7CA83DC4 (KERNEL32) BaseThreadInitThunk
0x00007FFB7ED53691 (ntdll) RtlUserThreadStart


Call Stack for Thread 6192:
0x00007FFB7ED7AA24 (ntdll) NtWaitForSingleObject
0x00007FFB7B0B9252 (KERNELBASE) WaitForSingleObjectEx
ERROR: SymGetSymFromAddr64, GetLastError: 'Attempt to access invalid address.' (Address: 0000000142A0ECD5)
0x0000000142A0ECD5 (Unity) (function-name not available)
ERROR: SymGetSymFromAddr64, GetLastError: 'Attempt to access invalid address.' (Address: 00000001429BD2EA)
0x00000001429BD2EA (Unity) (function-name not available)
ERROR: SymGetSymFromAddr64, GetLastError: 'Attempt to access invalid address.' (Address: 00000001429BDD41)
0x00000001429BDD41 (Unity) (function-name not available)
ERROR: SymGetSymFromAddr64, GetLastError: 'Attempt to access invalid address.' (Address: 0000000142B79350)
0x0000000142B79350 (Unity) (function-name not available)
0x00007FFB7CA83DC4 (KERNEL32) BaseThreadInitThunk
0x00007FFB7ED53691 (ntdll) RtlUserThreadStart


Call Stack for Thread 26356:
0x00007FFB7ED7B024 (ntdll) NtDelayExecution
0x00007FFB7B0C5E9A (KERNELBASE) SleepEx
ERROR: SymGetSymFromAddr64, GetLastError: 'Attempt to access invalid address.' (Address: 00000001429BD49A)
0x00000001429BD49A (Unity) (function-name not available)
ERROR: SymGetSymFromAddr64, GetLastError: 'Attempt to access invalid address.' (Address: 00000001429BDD7A)
0x00000001429BDD7A (Unity) (function-name not available)
ERROR: SymGetSymFromAddr64, GetLastError: 'Attempt to access invalid address.' (Address: 0000000142B79350)
0x0000000142B79350 (Unity) (function-name not available)
0x00007FFB7CA83DC4 (KERNEL32) BaseThreadInitThunk
0x00007FFB7ED53691 (ntdll) RtlUserThreadStart


Call Stack for Thread 23436:
0x00007FFB7ED7AA24 (ntdll) NtWaitForSingleObject
0x00007FFB7B0B9252 (KERNELBASE) WaitForSingleObjectEx
0x00007FFB3B366363 (nvwgf2umx) OpenAdapter12
0x00007FFB3B36554D (nvwgf2umx) OpenAdapter12
0x00007FFB3B35D17D (nvwgf2umx) OpenAdapter12
0x00007FFB3BBC528A (nvwgf2umx) NVAPI_Thunk
0x00007FFB3C23851C (nvwgf2umx) NVAPI_Thunk
0x00007FFB7CA83DC4 (KERNEL32) BaseThreadInitThunk
0x00007FFB7ED53691 (ntdll) RtlUserThreadStart


Call Stack for Thread 15340:
0x00007FFB7ED7AA24 (ntdll) NtWaitForSingleObject
0x00007FFB7B0B9252 (KERNELBASE) WaitForSingleObjectEx
ERROR: SymGetSymFromAddr64, GetLastError: 'Attempt to access invalid address.' (Address: 0000000140A739A7)
0x0000000140A739A7 (Unity) (function-name not available)
ERROR: SymGetSymFromAddr64, GetLastError: 'Attempt to access invalid address.' (Address: 0000000140A73AC7)
0x0000000140A73AC7 (Unity) (function-name not available)
ERROR: SymGetSymFromAddr64, GetLastError: 'Attempt to access invalid address.' (Address: 00000001422072D5)
0x00000001422072D5 (Unity) (function-name not available)
ERROR: SymGetSymFromAddr64, GetLastError: 'Attempt to access invalid address.' (Address: 00000001422107CB)
0x00000001422107CB (Unity) (function-name not available)
ERROR: SymGetSymFromAddr64, GetLastError: 'Attempt to access invalid address.' (Address: 00000001422108C4)
0x00000001422108C4 (Unity) (function-name not available)
ERROR: SymGetSymFromAddr64, GetLastError: 'Attempt to access invalid address.' (Address: 0000000140A70D24)
0x0000000140A70D24 (Unity) (function-name not available)
0x00007FFB7CA83DC4 (KERNEL32) BaseThreadInitThunk
0x00007FFB7ED53691 (ntdll) RtlUserThreadStart


Call Stack for Thread 22576:
0x00007FFB7ED7AA24 (ntdll) NtWaitForSingleObject
0x00007FFB7B0B9252 (KERNELBASE) WaitForSingleObjectEx
0x00007FFB3B480EFF (nvwgf2umx) OpenAdapter12
0x00007FFB3B480DFF (nvwgf2umx) OpenAdapter12
0x00007FFB3C23851C (nvwgf2umx) NVAPI_Thunk
0x00007FFB7CA83DC4 (KERNEL32) BaseThreadInitThunk
0x00007FFB7ED53691 (ntdll) RtlUserThreadStart


Call Stack for Thread 15192:
0x00007FFB7ED7AA24 (ntdll) NtWaitForSingleObject
0x00007FFB7B0B9252 (KERNELBASE) WaitForSingleObjectEx
0x00007FFB3B480EFF (nvwgf2umx) OpenAdapter12
0x00007FFB3B480DFF (nvwgf2umx) OpenAdapter12
0x00007FFB3C23851C (nvwgf2umx) NVAPI_Thunk
0x00007FFB7CA83DC4 (KERNEL32) BaseThreadInitThunk
0x00007FFB7ED53691 (ntdll) RtlUserThreadStart


Call Stack for Thread 22888:
0x00007FFB7ED7AA24 (ntdll) NtWaitForSingleObject
0x00007FFB7B0B9252 (KERNELBASE) WaitForSingleObjectEx
0x00007FFB3B480EFF (nvwgf2umx) OpenAdapter12
0x00007FFB3B480DFF (nvwgf2umx) OpenAdapter12
0x00007FFB3C23851C (nvwgf2umx) NVAPI_Thunk
0x00007FFB7CA83DC4 (KERNEL32) BaseThreadInitThunk
0x00007FFB7ED53691 (ntdll) RtlUserThreadStart


Call Stack for Thread 5000:
0x00007FFB7ED7AA24 (ntdll) NtWaitForSingleObject
0x00007FFB7B0B9252 (KERNELBASE) WaitForSingleObjectEx
0x00007FFB3B480EFF (nvwgf2umx) OpenAdapter12
0x00007FFB3B480DFF (nvwgf2umx) OpenAdapter12
0x00007FFB3C23851C (nvwgf2umx) NVAPI_Thunk
0x00007FFB7CA83DC4 (KERNEL32) BaseThreadInitThunk
0x00007FFB7ED53691 (ntdll) RtlUserThreadStart


Call Stack for Thread 26436:
0x00007FFB7ED7AA24 (ntdll) NtWaitForSingleObject
0x00007FFB7B0B9252 (KERNELBASE) WaitForSingleObjectEx
ERROR: SymGetSymFromAddr64, GetLastError: 'Attempt to access invalid address.' (Address: 00000001408A6FD6)
0x00000001408A6FD6 (Unity) (function-name not available)
ERROR: SymGetSymFromAddr64, GetLastError: 'Attempt to access invalid address.' (Address: 00000001408A8F83)
0x00000001408A8F83 (Unity) (function-name not available)
ERROR: SymGetSymFromAddr64, GetLastError: 'Attempt to access invalid address.' (Address: 0000000140A70D24)
0x0000000140A70D24 (Unity) (function-name not available)
0x00007FFB7CA83DC4 (KERNEL32) BaseThreadInitThunk
0x00007FFB7ED53691 (ntdll) RtlUserThreadStart


Call Stack for Thread 25608:
0x00007FFB7ED7AA24 (ntdll) NtWaitForSingleObject
0x00007FFB7B0B9252 (KERNELBASE) WaitForSingleObjectEx
ERROR: SymGetSymFromAddr64, GetLastError: 'Attempt to access invalid address.' (Address: 00000001408A6FD6)
0x00000001408A6FD6 (Unity) (function-name not available)
ERROR: SymGetSymFromAddr64, GetLastError: 'Attempt to access invalid address.' (Address: 00000001408A8F83)
0x00000001408A8F83 (Unity) (function-name not available)
ERROR: SymGetSymFromAddr64, GetLastError: 'Attempt to access invalid address.' (Address: 0000000140A70D24)
0x0000000140A70D24 (Unity) (function-name not available)
0x00007FFB7CA83DC4 (KERNEL32) BaseThreadInitThunk
0x00007FFB7ED53691 (ntdll) RtlUserThreadStart


Call Stack for Thread 17316:
0x00007FFB7ED7AA24 (ntdll) NtWaitForSingleObject
0x00007FFB7B0B9252 (KERNELBASE) WaitForSingleObjectEx
ERROR: SymGetSymFromAddr64, GetLastError: 'Attempt to access invalid address.' (Address: 00000001408A6FD6)
0x00000001408A6FD6 (Unity) (function-name not available)
ERROR: SymGetSymFromAddr64, GetLastError: 'Attempt to access invalid address.' (Address: 00000001408A8F83)
0x00000001408A8F83 (Unity) (function-name not available)
ERROR: SymGetSymFromAddr64, GetLastError: 'Attempt to access invalid address.' (Address: 0000000140A70D24)
0x0000000140A70D24 (Unity) (function-name not available)
0x00007FFB7CA83DC4 (KERNEL32) BaseThreadInitThunk
0x00007FFB7ED53691 (ntdll) RtlUserThreadStart


Call Stack for Thread 27036:
0x00007FFB7ED7AA24 (ntdll) NtWaitForSingleObject
0x00007FFB7B0B9252 (KERNELBASE) WaitForSingleObjectEx
ERROR: SymGetSymFromAddr64, GetLastError: 'Attempt to access invalid address.' (Address: 00000001408A6FD6)
0x00000001408A6FD6 (Unity) (function-name not available)
ERROR: SymGetSymFromAddr64, GetLastError: 'Attempt to access invalid address.' (Address: 00000001408A8F83)
0x00000001408A8F83 (Unity) (function-name not available)
ERROR: SymGetSymFromAddr64, GetLastError: 'Attempt to access invalid address.' (Address: 0000000140A70D24)
0x0000000140A70D24 (Unity) (function-name not available)
0x00007FFB7CA83DC4 (KERNEL32) BaseThreadInitThunk
0x00007FFB7ED53691 (ntdll) RtlUserThreadStart


Call Stack for Thread 25436:
0x00007FFB7ED7E294 (ntdll) ZwWaitForAlertByThreadId
0x00007FFB7ED55EE2 (ntdll) RtlSleepConditionVariableCS
0x00007FFB7B0EF318 (KERNELBASE) SleepConditionVariableCS
0x0000000000F1C2C7 (OpenRL) rlRenderFrame
0x0000000000F1C5EC (OpenRL) rlRenderFrame
0x0000000000F1C8C6 (OpenRL) rlRenderFrame
0x0000000000F501D8 (OpenRL) rlRenderFrame
0x0000000000633F2A (OpenRL_pthread) pthread_setspecific
0x00000000548F1D9F (MSVCR100) endthreadex
0x00000000548F1E3B (MSVCR100) endthreadex
0x00007FFB7CA83DC4 (KERNEL32) BaseThreadInitThunk
0x00007FFB7ED53691 (ntdll) RtlUserThreadStart


Call Stack for Thread 11576:
0x00007FFB7ED7E294 (ntdll) ZwWaitForAlertByThreadId
0x00007FFB7ED55EE2 (ntdll) RtlSleepConditionVariableCS
0x00007FFB7B0EF318 (KERNELBASE) SleepConditionVariableCS
0x0000000000F1C2C7 (OpenRL) rlRenderFrame
0x0000000000F1C5EC (OpenRL) rlRenderFrame
0x0000000000F1C8C6 (OpenRL) rlRenderFrame
0x0000000000F501D8 (OpenRL) rlRenderFrame
0x0000000000633F2A (OpenRL_pthread) pthread_setspecific
0x00000000548F1D9F (MSVCR100) endthreadex
0x00000000548F1E3B (MSVCR100) endthreadex
0x00007FFB7CA83DC4 (KERNEL32) BaseThreadInitThunk
0x00007FFB7ED53691 (ntdll) RtlUserThreadStart


Call Stack for Thread 11928:
0x00007FFB7ED7E294 (ntdll) ZwWaitForAlertByThreadId
0x00007FFB7ED55EE2 (ntdll) RtlSleepConditionVariableCS
0x00007FFB7B0EF318 (KERNELBASE) SleepConditionVariableCS
0x0000000000F1C2C7 (OpenRL) rlRenderFrame
0x0000000000F1C5EC (OpenRL) rlRenderFrame
0x0000000000F1C8C6 (OpenRL) rlRenderFrame
0x0000000000F501D8 (OpenRL) rlRenderFrame
0x0000000000633F2A (OpenRL_pthread) pthread_setspecific
0x00000000548F1D9F (MSVCR100) endthreadex
0x00000000548F1E3B (MSVCR100) endthreadex
0x00007FFB7CA83DC4 (KERNEL32) BaseThreadInitThunk
0x00007FFB7ED53691 (ntdll) RtlUserThreadStart


Call Stack for Thread 7036:
0x00007FFB7ED7E294 (ntdll) ZwWaitForAlertByThreadId
0x00007FFB7ED55EE2 (ntdll) RtlSleepConditionVariableCS
0x00007FFB7B0EF318 (KERNELBASE) SleepConditionVariableCS
0x0000000000F1C2C7 (OpenRL) rlRenderFrame
0x0000000000F1C5EC (OpenRL) rlRenderFrame
0x0000000000F1C8C6 (OpenRL) rlRenderFrame
0x0000000000F501D8 (OpenRL) rlRenderFrame
0x0000000000633F2A (OpenRL_pthread) pthread_setspecific
0x00000000548F1D9F (MSVCR100) endthreadex
0x00000000548F1E3B (MSVCR100) endthreadex
0x00007FFB7CA83DC4 (KERNEL32) BaseThreadInitThunk
0x00007FFB7ED53691 (ntdll) RtlUserThreadStart


Call Stack for Thread 8796:
0x00007FFB7ED7E294 (ntdll) ZwWaitForAlertByThreadId
0x00007FFB7ED55EE2 (ntdll) RtlSleepConditionVariableCS
0x00007FFB7B0EF318 (KERNELBASE) SleepConditionVariableCS
0x0000000000F1C2C7 (OpenRL) rlRenderFrame
0x0000000000F1C5EC (OpenRL) rlRenderFrame
0x0000000000F1C8C6 (OpenRL) rlRenderFrame
0x0000000000F501D8 (OpenRL) rlRenderFrame
0x0000000000633F2A (OpenRL_pthread) pthread_setspecific
0x00000000548F1D9F (MSVCR100) endthreadex
0x00000000548F1E3B (MSVCR100) endthreadex
0x00007FFB7CA83DC4 (KERNEL32) BaseThreadInitThunk
0x00007FFB7ED53691 (ntdll) RtlUserThreadStart


Call Stack for Thread 23992:
0x00007FFB7ED7E294 (ntdll) ZwWaitForAlertByThreadId
0x00007FFB7ED55EE2 (ntdll) RtlSleepConditionVariableCS
0x00007FFB7B0EF318 (KERNELBASE) SleepConditionVariableCS
0x0000000000F1C2C7 (OpenRL) rlRenderFrame
0x0000000000F1C5EC (OpenRL) rlRenderFrame
0x0000000000F1C8C6 (OpenRL) rlRenderFrame
0x0000000000F501D8 (OpenRL) rlRenderFrame
0x0000000000633F2A (OpenRL_pthread) pthread_setspecific
0x00000000548F1D9F (MSVCR100) endthreadex
0x00000000548F1E3B (MSVCR100) endthreadex
0x00007FFB7CA83DC4 (KERNEL32) BaseThreadInitThunk
0x00007FFB7ED53691 (ntdll) RtlUserThreadStart


Call Stack for Thread 17504:
0x00007FFB7ED7E294 (ntdll) ZwWaitForAlertByThreadId
0x00007FFB7ED55EE2 (ntdll) RtlSleepConditionVariableCS
0x00007FFB7B0EF318 (KERNELBASE) SleepConditionVariableCS
0x0000000000F1C2C7 (OpenRL) rlRenderFrame
0x0000000000F1C5EC (OpenRL) rlRenderFrame
0x0000000000F1C8C6 (OpenRL) rlRenderFrame
0x0000000000F501D8 (OpenRL) rlRenderFrame
0x0000000000633F2A (OpenRL_pthread) pthread_setspecific
0x00000000548F1D9F (MSVCR100) endthreadex
0x00000000548F1E3B (MSVCR100) endthreadex
0x00007FFB7CA83DC4 (KERNEL32) BaseThreadInitThunk
0x00007FFB7ED53691 (ntdll) RtlUserThreadStart


Call Stack for Thread 10036:
0x00007FFB7ED7E294 (ntdll) ZwWaitForAlertByThreadId
0x00007FFB7ED55EE2 (ntdll) RtlSleepConditionVariableCS
0x00007FFB7B0EF318 (KERNELBASE) SleepConditionVariableCS
0x0000000000F1C2C7 (OpenRL) rlRenderFrame
0x0000000000F1C5EC (OpenRL) rlRenderFrame
0x0000000000F1C8C6 (OpenRL) rlRenderFrame
0x0000000000F501D8 (OpenRL) rlRenderFrame
0x0000000000633F2A (OpenRL_pthread) pthread_setspecific
0x00000000548F1D9F (MSVCR100) endthreadex
0x00000000548F1E3B (MSVCR100) endthreadex
0x00007FFB7CA83DC4 (KERNEL32) BaseThreadInitThunk
0x00007FFB7ED53691 (ntdll) RtlUserThreadStart


Call Stack for Thread 14688:
0x00007FFB7BD61144 (win32u) NtUserGetMessage
0x00007FFB7D0E1B8B (USER32) GetMessageW
0x0000000000F343D5 (OpenRL) rlRenderFrame
0x0000000000F501D8 (OpenRL) rlRenderFrame
0x0000000000633F2A (OpenRL_pthread) pthread_setspecific
0x00000000548F1D9F (MSVCR100) endthreadex
0x00000000548F1E3B (MSVCR100) endthreadex
0x00007FFB7CA83DC4 (KERNEL32) BaseThreadInitThunk
0x00007FFB7ED53691 (ntdll) RtlUserThreadStart


Call Stack for Thread 2440:
0x00007FFB7ED7B024 (ntdll) NtDelayExecution
0x00007FFB7B0C5E9A (KERNELBASE) SleepEx
ERROR: SymGetSymFromAddr64, GetLastError: 'Attempt to access invalid address.' (Address: 0000000141157843)
0x0000000141157843 (Unity) (function-name not available)
ERROR: SymGetSymFromAddr64, GetLastError: 'Attempt to access invalid address.' (Address: 00000001408A68B8)
0x00000001408A68B8 (Unity) (function-name not available)
ERROR: SymGetSymFromAddr64, GetLastError: 'Attempt to access invalid address.' (Address: 00000001408A87FD)
0x00000001408A87FD (Unity) (function-name not available)
ERROR: SymGetSymFromAddr64, GetLastError: 'Attempt to access invalid address.' (Address: 00000001408A6B42)
0x00000001408A6B42 (Unity) (function-name not available)
ERROR: SymGetSymFromAddr64, GetLastError: 'Attempt to access invalid address.' (Address: 00000001408A6F42)
0x00000001408A6F42 (Unity) (function-name not available)
ERROR: SymGetSymFromAddr64, GetLastError: 'Attempt to access invalid address.' (Address: 00000001408A8F83)
0x00000001408A8F83 (Unity) (function-name not available)
ERROR: SymGetSymFromAddr64, GetLastError: 'Attempt to access invalid address.' (Address: 0000000140A70D24)
0x0000000140A70D24 (Unity) (function-name not available)
0x00007FFB7CA83DC4 (KERNEL32) BaseThreadInitThunk
0x00007FFB7ED53691 (ntdll) RtlUserThreadStart


Call Stack for Thread 22360:
0x00007FFB7ED7AA24 (ntdll) NtWaitForSingleObject
0x00007FFB7B0B9252 (KERNELBASE) WaitForSingleObjectEx
0x00007FFB2CEB5D88 (mono-2.0-bdwgc) mono_conc_hashtable_remove
0x00007FFB2CFA318D (mono-2.0-bdwgc) mono_gc_reference_queue_new
0x00007FFB2CFA1F25 (mono-2.0-bdwgc) mono_callspec_parse
0x00007FFB2CF65458 (mono-2.0-bdwgc) mono_threads_set_shutting_down
0x00007FFB2CF651E6 (mono-2.0-bdwgc) mono_threads_set_shutting_down
0x00007FFB7CA83DC4 (KERNEL32) BaseThreadInitThunk
0x00007FFB7ED53691 (ntdll) RtlUserThreadStart


Call Stack for Thread 21572:
0x00007FFB7ED7B4F4 (ntdll) NtWaitForMultipleObjects
0x00007FFB7B0C6099 (KERNELBASE) WaitForMultipleObjectsEx
0x00007FFB2CEB5E0C (mono-2.0-bdwgc) mono_conc_hashtable_remove
0x00007FFB2CFAA57D (mono-2.0-bdwgc) mono_object_is_alive
0x00007FFB2CFAA708 (mono-2.0-bdwgc) mono_object_is_alive
0x00007FFB2D0C04CD (mono-2.0-bdwgc) mono_debugger_agent_transport_handshake
0x00007FFB2D0C5C53 (mono-2.0-bdwgc) mono_debugger_agent_transport_handshake
0x00007FFB2D0B3709 (mono-2.0-bdwgc) mono_unity_backtrace_from_context
0x00007FFB2CF65458 (mono-2.0-bdwgc) mono_threads_set_shutting_down
0x00007FFB2CF651E6 (mono-2.0-bdwgc) mono_threads_set_shutting_down
0x00007FFB7CA83DC4 (KERNEL32) BaseThreadInitThunk
0x00007FFB7ED53691 (ntdll) RtlUserThreadStart


Call Stack for Thread 25548:
0x00007FFB7ED7AA24 (ntdll) NtWaitForSingleObject
0x00007FFB7B0B9252 (KERNELBASE) WaitForSingleObjectEx
ERROR: SymGetSymFromAddr64, GetLastError: 'Attempt to access invalid address.' (Address: 00000001408A6FD6)
0x00000001408A6FD6 (Unity) (function-name not available)
ERROR: SymGetSymFromAddr64, GetLastError: 'Attempt to access invalid address.' (Address: 00000001408A8F83)
0x00000001408A8F83 (Unity) (function-name not available)
ERROR: SymGetSymFromAddr64, GetLastError: 'Attempt to access invalid address.' (Address: 0000000140A70D24)
0x0000000140A70D24 (Unity) (function-name not available)
0x00007FFB7CA83DC4 (KERNEL32) BaseThreadInitThunk
0x00007FFB7ED53691 (ntdll) RtlUserThreadStart


Call Stack for Thread 22516:
0x00007FFB7ED7B4F4 (ntdll) NtWaitForMultipleObjects
0x00007FFB7B0C6099 (KERNELBASE) WaitForMultipleObjectsEx
0x00007FFB7B0C5F8E (KERNELBASE) WaitForMultipleObjects
0x00007FFB3BB8BB96 (nvwgf2umx) NVAPI_Thunk
0x00007FFB3BBC528A (nvwgf2umx) NVAPI_Thunk
0x00007FFB3C23851C (nvwgf2umx) NVAPI_Thunk
0x00007FFB7CA83DC4 (KERNEL32) BaseThreadInitThunk
0x00007FFB7ED53691 (ntdll) RtlUserThreadStart


Call Stack for Thread 16652:
0x00007FFB7ED7AA24 (ntdll) NtWaitForSingleObject
0x00007FFB7B0B9252 (KERNELBASE) WaitForSingleObjectEx
0x00007FFB3B480EFF (nvwgf2umx) OpenAdapter12
0x00007FFB3B480DFF (nvwgf2umx) OpenAdapter12
0x00007FFB3C23851C (nvwgf2umx) NVAPI_Thunk
0x00007FFB7CA83DC4 (KERNEL32) BaseThreadInitThunk
0x00007FFB7ED53691 (ntdll) RtlUserThreadStart


Call Stack for Thread 8824:
0x00007FFB7ED7AA24 (ntdll) NtWaitForSingleObject
0x00007FFB7B0B9252 (KERNELBASE) WaitForSingleObjectEx
0x00007FFB3B480EFF (nvwgf2umx) OpenAdapter12
0x00007FFB3B480DFF (nvwgf2umx) OpenAdapter12
0x00007FFB3C23851C (nvwgf2umx) NVAPI_Thunk
0x00007FFB7CA83DC4 (KERNEL32) BaseThreadInitThunk
0x00007FFB7ED53691 (ntdll) RtlUserThreadStart


Call Stack for Thread 21984:
0x00007FFB7ED7AA24 (ntdll) NtWaitForSingleObject
0x00007FFB7B0B9252 (KERNELBASE) WaitForSingleObjectEx
0x00007FFB3B480EFF (nvwgf2umx) OpenAdapter12
0x00007FFB3B480DFF (nvwgf2umx) OpenAdapter12
0x00007FFB3C23851C (nvwgf2umx) NVAPI_Thunk
0x00007FFB7CA83DC4 (KERNEL32) BaseThreadInitThunk
0x00007FFB7ED53691 (ntdll) RtlUserThreadStart


Call Stack for Thread 19524:
0x00007FFB7ED7AA24 (ntdll) NtWaitForSingleObject
0x00007FFB7B0B9252 (KERNELBASE) WaitForSingleObjectEx
0x00007FFB3B480EFF (nvwgf2umx) OpenAdapter12
0x00007FFB3B480DFF (nvwgf2umx) OpenAdapter12
0x00007FFB3C23851C (nvwgf2umx) NVAPI_Thunk
0x00007FFB7CA83DC4 (KERNEL32) BaseThreadInitThunk
0x00007FFB7ED53691 (ntdll) RtlUserThreadStart


Call Stack for Thread 19572:
0x00007FFB7ED7AA24 (ntdll) NtWaitForSingleObject
0x00007FFB7B0B9252 (KERNELBASE) WaitForSingleObjectEx
0x00007FFB3B480EFF (nvwgf2umx) OpenAdapter12
0x00007FFB3B480DFF (nvwgf2umx) OpenAdapter12
0x00007FFB3C23851C (nvwgf2umx) NVAPI_Thunk
0x00007FFB7CA83DC4 (KERNEL32) BaseThreadInitThunk
0x00007FFB7ED53691 (ntdll) RtlUserThreadStart


Call Stack for Thread 21720:
0x00007FFB7ED7E2F4 (ntdll) ZwWaitForWorkViaWorkerFactory
0x00007FFB7ED06866 (ntdll) RtlReleaseSRWLockExclusive
0x00007FFB7CA83DC4 (KERNEL32) BaseThreadInitThunk
0x00007FFB7ED53691 (ntdll) RtlUserThreadStart


Call Stack for Thread 5468:
0x00007FFB7ED7AA24 (ntdll) NtWaitForSingleObject
0x00007FFB7A7E6A42 (MSWSOCK) Tcpip4_WSHOpenSocket2
0x00007FFB7A7ED359 (MSWSOCK) NSPStartup
0x00007FFB7D6266D0 (WS2_32) select
0x00007FFB2CEA9750 (mono-2.0-bdwgc) mono_poll
0x00007FFB2CF6BD05 (mono-2.0-bdwgc) mono_threads_set_shutting_down
0x00007FFB2CF6C797 (mono-2.0-bdwgc) mono_threads_set_shutting_down
0x00007FFB2CF65458 (mono-2.0-bdwgc) mono_threads_set_shutting_down
0x00007FFB2CF651E6 (mono-2.0-bdwgc) mono_threads_set_shutting_down
0x00007FFB7CA83DC4 (KERNEL32) BaseThreadInitThunk
0x00007FFB7ED53691 (ntdll) RtlUserThreadStart


Call Stack for Thread 24736:
0x00007FFB7ED7AAC4 (ntdll) NtRemoveIoCompletion
0x00007FFB7B0D3682 (KERNELBASE) GetQueuedCompletionStatus
0x00007FFB31FAE581 (libcef) IsSandboxedProcess
0x00007FFB7CA83DC4 (KERNEL32) BaseThreadInitThunk
0x00007FFB7ED53691 (ntdll) RtlUserThreadStart


Call Stack for Thread 8060:
0x00007FFB7ED7AAC4 (ntdll) NtRemoveIoCompletion
0x00007FFB7B0D3682 (KERNELBASE) GetQueuedCompletionStatus
0x00007FFB2FFE592F (libcef) cef_trace_event_instant
0x00007FFB2FFE4F3E (libcef) cef_trace_event_instant
0x00007FFB2FFE551B (libcef) cef_trace_event_instant
0x00007FFB2FFD08B0 (libcef) cef_trace_event_instant
0x00007FFB2FFB7DF8 (libcef) cef_trace_event_instant
0x00007FFB2FFD0F57 (libcef) cef_trace_event_instant
0x00007FFB2FFB5A4F (libcef) cef_trace_event_instant
0x00007FFB7CA83DC4 (KERNEL32) BaseThreadInitThunk
0x00007FFB7ED53691 (ntdll) RtlUserThreadStart


Call Stack for Thread 21256:
0x00007FFB7ED7AA24 (ntdll) NtWaitForSingleObject
0x00007FFB7B0B9252 (KERNELBASE) WaitForSingleObjectEx
0x00007FFB2FFE60FE (libcef) cef_trace_event_instant
0x00007FFB2FFD08B0 (libcef) cef_trace_event_instant
0x00007FFB2FFB7DF8 (libcef) cef_trace_event_instant
0x00007FFB2FFD0F57 (libcef) cef_trace_event_instant
0x00007FFB2FFB5A4F (libcef) cef_trace_event_instant
0x00007FFB7CA83DC4 (KERNEL32) BaseThreadInitThunk
0x00007FFB7ED53691 (ntdll) RtlUserThreadStart


Call Stack for Thread 16844:
0x00007FFB7ED7AA24 (ntdll) NtWaitForSingleObject
0x00007FFB7B0B9252 (KERNELBASE) WaitForSingleObjectEx
0x00007FFB309FFD09 (libcef) cef_get_min_log_level
0x00007FFB30891B10 (libcef) cef_get_min_log_level
0x00007FFB31A3DB87 (libcef) cef_get_min_log_level
0x00007FFB31A3DD2E (libcef) cef_get_min_log_level
0x00007FFB7CA83DC4 (KERNEL32) BaseThreadInitThunk
0x00007FFB7ED53691 (ntdll) RtlUserThreadStart


Call Stack for Thread 19236:
0x00007FFB7ED7AA24 (ntdll) NtWaitForSingleObject
0x00007FFB7B0B9252 (KERNELBASE) WaitForSingleObjectEx
0x00007FFB30A7CEC1 (libcef) cef_get_min_log_level
0x00007FFB30891B10 (libcef) cef_get_min_log_level
0x00007FFB31A3DB87 (libcef) cef_get_min_log_level
0x00007FFB31A3DD2E (libcef) cef_get_min_log_level
0x00007FFB7CA83DC4 (KERNEL32) BaseThreadInitThunk
0x00007FFB7ED53691 (ntdll) RtlUserThreadStart


Call Stack for Thread 21748:
0x00007FFB7ED7AA24 (ntdll) NtWaitForSingleObject
0x00007FFB7B0B9252 (KERNELBASE) WaitForSingleObjectEx
0x00007FFB30A7CEC1 (libcef) cef_get_min_log_level
0x00007FFB30891B10 (libcef) cef_get_min_log_level
0x00007FFB31A3DB87 (libcef) cef_get_min_log_level
0x00007FFB31A3DD2E (libcef) cef_get_min_log_level
0x00007FFB7CA83DC4 (KERNEL32) BaseThreadInitThunk
0x00007FFB7ED53691 (ntdll) RtlUserThreadStart


Call Stack for Thread 2004:
0x00007FFB7ED7AA24 (ntdll) NtWaitForSingleObject
0x00007FFB7B0B9252 (KERNELBASE) WaitForSingleObjectEx
0x00007FFB30A7CEC1 (libcef) cef_get_min_log_level
0x00007FFB30891B10 (libcef) cef_get_min_log_level
0x00007FFB31A3DB87 (libcef) cef_get_min_log_level
0x00007FFB31A3DD2E (libcef) cef_get_min_log_level
0x00007FFB7CA83DC4 (KERNEL32) BaseThreadInitThunk
0x00007FFB7ED53691 (ntdll) RtlUserThreadStart


Call Stack for Thread 20660:
0x00007FFB7ED7AA24 (ntdll) NtWaitForSingleObject
0x00007FFB7B0B9252 (KERNELBASE) WaitForSingleObjectEx
0x00007FFB2FFE60FE (libcef) cef_trace_event_instant
0x00007FFB2FFD08B0 (libcef) cef_trace_event_instant
0x00007FFB2FFB7DF8 (libcef) cef_trace_event_instant
0x00007FFB302A7C6E (libcef) SetCrashKeyValueImpl
0x00007FFB302A86E3 (libcef) SetCrashKeyValueImpl
0x00007FFB2FFD0F57 (libcef) cef_trace_event_instant
0x00007FFB2FFB5A4F (libcef) cef_trace_event_instant
0x00007FFB7CA83DC4 (KERNEL32) BaseThreadInitThunk
0x00007FFB7ED53691 (ntdll) RtlUserThreadStart


Call Stack for Thread 26228:
0x00007FFB7BD696E4 (win32u) NtUserMsgWaitForMultipleObjectsEx
0x00007FFB7D0E031D (USER32) MsgWaitForMultipleObjectsEx
0x00007FFB2FFE5AB7 (libcef) cef_trace_event_instant
0x00007FFB2FFE500E (libcef) cef_trace_event_instant
0x00007FFB2FFE551B (libcef) cef_trace_event_instant
0x00007FFB2FFD08B0 (libcef) cef_trace_event_instant
0x00007FFB2FFB7DF8 (libcef) cef_trace_event_instant
0x00007FFB302A7CFE (libcef) SetCrashKeyValueImpl
0x00007FFB302A86FF (libcef) SetCrashKeyValueImpl
0x00007FFB2FFD0F57 (libcef) cef_trace_event_instant
0x00007FFB2FFB5A4F (libcef) cef_trace_event_instant
0x00007FFB7CA83DC4 (KERNEL32) BaseThreadInitThunk
0x00007FFB7ED53691 (ntdll) RtlUserThreadStart


Call Stack for Thread 15904:
0x00007FFB7ED7AA24 (ntdll) NtWaitForSingleObject
0x00007FFB7B0B9252 (KERNELBASE) WaitForSingleObjectEx
0x00007FFB2FFE60FE (libcef) cef_trace_event_instant
0x00007FFB2FFD08B0 (libcef) cef_trace_event_instant
0x00007FFB2FFB7DF8 (libcef) cef_trace_event_instant
0x00007FFB302A7D8E (libcef) SetCrashKeyValueImpl
0x00007FFB302A871B (libcef) SetCrashKeyValueImpl
0x00007FFB2FFD0F57 (libcef) cef_trace_event_instant
0x00007FFB2FFB5A4F (libcef) cef_trace_event_instant
0x00007FFB7CA83DC4 (KERNEL32) BaseThreadInitThunk
0x00007FFB7ED53691 (ntdll) RtlUserThreadStart


Call Stack for Thread 25584:
0x00007FFB7ED7AA24 (ntdll) NtWaitForSingleObject
0x00007FFB7B0B9252 (KERNELBASE) WaitForSingleObjectEx
0x00007FFB2FFE60FE (libcef) cef_trace_event_instant
0x00007FFB2FFD08B0 (libcef) cef_trace_event_instant
0x00007FFB2FFB7DF8 (libcef) cef_trace_event_instant
0x00007FFB302A85FE (libcef) SetCrashKeyValueImpl
0x00007FFB302A8737 (libcef) SetCrashKeyValueImpl
0x00007FFB2FFD0F57 (libcef) cef_trace_event_instant
0x00007FFB2FFB5A4F (libcef) cef_trace_event_instant
0x00007FFB7CA83DC4 (KERNEL32) BaseThreadInitThunk
0x00007FFB7ED53691 (ntdll) RtlUserThreadStart


Call Stack for Thread 11816:
0x00007FFB7ED7AAC4 (ntdll) NtRemoveIoCompletion
0x00007FFB7B0D3682 (KERNELBASE) GetQueuedCompletionStatus
0x00007FFB2FFE592F (libcef) cef_trace_event_instant
0x00007FFB2FFE4F3E (libcef) cef_trace_event_instant
0x00007FFB2FFE551B (libcef) cef_trace_event_instant
0x00007FFB2FFD08B0 (libcef) cef_trace_event_instant
0x00007FFB2FFB7DF8 (libcef) cef_trace_event_instant
0x00007FFB302A7ABE (libcef) SetCrashKeyValueImpl
0x00007FFB302A8753 (libcef) SetCrashKeyValueImpl
0x00007FFB2FFD0F57 (libcef) cef_trace_event_instant
0x00007FFB2FFB5A4F (libcef) cef_trace_event_instant
0x00007FFB7CA83DC4 (KERNEL32) BaseThreadInitThunk
0x00007FFB7ED53691 (ntdll) RtlUserThreadStart


Call Stack for Thread 14320:
0x00007FFB7ED7AAC4 (ntdll) NtRemoveIoCompletion
0x00007FFB7B0D3682 (KERNELBASE) GetQueuedCompletionStatus
0x00007FFB2FFE592F (libcef) cef_trace_event_instant
0x00007FFB2FFE4F3E (libcef) cef_trace_event_instant
0x00007FFB2FFE551B (libcef) cef_trace_event_instant
0x00007FFB2FFD08B0 (libcef) cef_trace_event_instant
0x00007FFB2FFB7DF8 (libcef) cef_trace_event_instant
0x00007FFB302A7FEE (libcef) SetCrashKeyValueImpl
0x00007FFB302A876F (libcef) SetCrashKeyValueImpl
0x00007FFB2FFD0F57 (libcef) cef_trace_event_instant
0x00007FFB2FFB5A4F (libcef) cef_trace_event_instant
0x00007FFB7CA83DC4 (KERNEL32) BaseThreadInitThunk
0x00007FFB7ED53691 (ntdll) RtlUserThreadStart


Call Stack for Thread 8180:
0x00007FFB7ED7AA24 (ntdll) NtWaitForSingleObject
0x00007FFB7B0B9252 (KERNELBASE) WaitForSingleObjectEx
0x00007FFB2FFE60FE (libcef) cef_trace_event_instant
0x00007FFB2FFD08B0 (libcef) cef_trace_event_instant
0x00007FFB2FFB7DF8 (libcef) cef_trace_event_instant
0x00007FFB2FFD0F57 (libcef) cef_trace_event_instant
0x00007FFB2FFB5A4F (libcef) cef_trace_event_instant
0x00007FFB7CA83DC4 (KERNEL32) BaseThreadInitThunk
0x00007FFB7ED53691 (ntdll) RtlUserThreadStart


Call Stack for Thread 18428:
0x00007FFB7ED7E294 (ntdll) ZwWaitForAlertByThreadId
0x00007FFB7ED55EE2 (ntdll) RtlSleepConditionVariableCS
0x00007FFB7B0EF318 (KERNELBASE) SleepConditionVariableCS
0x00007FFB2FFEBB5E (libcef) cef_trace_event_instant
0x00007FFB2FFCF8AE (libcef) cef_trace_event_instant
0x00007FFB2FFCEE73 (libcef) cef_trace_event_instant
0x00007FFB2FFEBEDD (libcef) cef_trace_event_instant
0x00007FFB2FFB5A4F (libcef) cef_trace_event_instant
0x00007FFB7CA83DC4 (KERNEL32) BaseThreadInitThunk
0x00007FFB7ED53691 (ntdll) RtlUserThreadStart


Call Stack for Thread 18848:
0x00007FFB7ED7AA24 (ntdll) NtWaitForSingleObject
0x00007FFB7B0B9252 (KERNELBASE) WaitForSingleObjectEx
ERROR: SymGetSymFromAddr64, GetLastError: 'Attempt to access invalid address.' (Address: 00000001426A4A82)
0x00000001426A4A82 (Unity) (function-name not available)
ERROR: SymGetSymFromAddr64, GetLastError: 'Attempt to access invalid address.' (Address: 000000014257057F)
0x000000014257057F (Unity) (function-name not available)
0x00007FFB7CA83DC4 (KERNEL32) BaseThreadInitThunk
0x00007FFB7ED53691 (ntdll) RtlUserThreadStart


Call Stack for Thread 8988:
0x00007FFB7ED7AA24 (ntdll) NtWaitForSingleObject
0x00007FFB7B0B9252 (KERNELBASE) WaitForSingleObjectEx
0x00007FFB2FFE60FE (libcef) cef_trace_event_instant
0x00007FFB2FFD08B0 (libcef) cef_trace_event_instant
0x00007FFB2FFB7DF8 (libcef) cef_trace_event_instant
0x00007FFB2FFD0F57 (libcef) cef_trace_event_instant
0x00007FFB2FFB5A4F (libcef) cef_trace_event_instant
0x00007FFB7CA83DC4 (KERNEL32) BaseThreadInitThunk
0x00007FFB7ED53691 (ntdll) RtlUserThreadStart


Call Stack for Thread 16704:
0x00007FFB7ED7AA24 (ntdll) NtWaitForSingleObject
0x00007FFB7B0B9252 (KERNELBASE) WaitForSingleObjectEx
ERROR: SymGetSymFromAddr64, GetLastError: 'Attempt to access invalid address.' (Address: 00000001421804A6)
0x00000001421804A6 (Unity) (function-name not available)
ERROR: SymGetSymFromAddr64, GetLastError: 'Attempt to access invalid address.' (Address: 0000000140A70D24)
0x0000000140A70D24 (Unity) (function-name not available)
0x00007FFB7CA83DC4 (KERNEL32) BaseThreadInitThunk
0x00007FFB7ED53691 (ntdll) RtlUserThreadStart


Call Stack for Thread 10356:
0x00007FFB7ED7AA24 (ntdll) NtWaitForSingleObject
0x00007FFB7B0B9252 (KERNELBASE) WaitForSingleObjectEx
ERROR: SymGetSymFromAddr64, GetLastError: 'Attempt to access invalid address.' (Address: 00000001421804A6)
0x00000001421804A6 (Unity) (function-name not available)
ERROR: SymGetSymFromAddr64, GetLastError: 'Attempt to access invalid address.' (Address: 0000000140A70D24)
0x0000000140A70D24 (Unity) (function-name not available)
0x00007FFB7CA83DC4 (KERNEL32) BaseThreadInitThunk
0x00007FFB7ED53691 (ntdll) RtlUserThreadStart


Call Stack for Thread 4668:
0x00007FFB7ED7AA24 (ntdll) NtWaitForSingleObject
0x00007FFB7B0B9252 (KERNELBASE) WaitForSingleObjectEx
ERROR: SymGetSymFromAddr64, GetLastError: 'Attempt to access invalid address.' (Address: 00000001421804A6)
0x00000001421804A6 (Unity) (function-name not available)
ERROR: SymGetSymFromAddr64, GetLastError: 'Attempt to access invalid address.' (Address: 0000000140A70D24)
0x0000000140A70D24 (Unity) (function-name not available)
0x00007FFB7CA83DC4 (KERNEL32) BaseThreadInitThunk
0x00007FFB7ED53691 (ntdll) RtlUserThreadStart


Call Stack for Thread 7568:
0x00007FFB7ED7AA24 (ntdll) NtWaitForSingleObject
0x00007FFB7B0B9252 (KERNELBASE) WaitForSingleObjectEx
ERROR: SymGetSymFromAddr64, GetLastError: 'Attempt to access invalid address.' (Address: 00000001421804A6)
0x00000001421804A6 (Unity) (function-name not available)
ERROR: SymGetSymFromAddr64, GetLastError: 'Attempt to access invalid address.' (Address: 0000000140A70D24)
0x0000000140A70D24 (Unity) (function-name not available)
0x00007FFB7CA83DC4 (KERNEL32) BaseThreadInitThunk
0x00007FFB7ED53691 (ntdll) RtlUserThreadStart


Call Stack for Thread 23044:
0x00007FFB7ED7E2F4 (ntdll) ZwWaitForWorkViaWorkerFactory
0x00007FFB7ED06866 (ntdll) RtlReleaseSRWLockExclusive
0x00007FFB7CA83DC4 (KERNEL32) BaseThreadInitThunk
0x00007FFB7ED53691 (ntdll) RtlUserThreadStart


Call Stack for Thread 14456:
0x00007FFB7ED7E2F4 (ntdll) ZwWaitForWorkViaWorkerFactory
0x00007FFB7ED06866 (ntdll) RtlReleaseSRWLockExclusive
0x00007FFB7CA83DC4 (KERNEL32) BaseThreadInitThunk
0x00007FFB7ED53691 (ntdll) RtlUserThreadStart


Call Stack for Thread 960:
0x00007FFB7ED7E2F4 (ntdll) ZwWaitForWorkViaWorkerFactory
0x00007FFB7ED06866 (ntdll) RtlReleaseSRWLockExclusive
0x00007FFB7CA83DC4 (KERNEL32) BaseThreadInitThunk
0x00007FFB7ED53691 (ntdll) RtlUserThreadStart


Call Stack for Thread 15608:
0x00007FFB7ED7E294 (ntdll) ZwWaitForAlertByThreadId
0x00007FFB7ED55EE2 (ntdll) RtlSleepConditionVariableCS
0x00007FFB7B0EF318 (KERNELBASE) SleepConditionVariableCS
0x00007FFB2CEB11CC (mono-2.0-bdwgc) mono_threads_attach_tools_thread
0x00007FFB2CF69CA1 (mono-2.0-bdwgc) mono_threads_set_shutting_down
0x00007FFB2CF65458 (mono-2.0-bdwgc) mono_threads_set_shutting_down
0x00007FFB2CF651E6 (mono-2.0-bdwgc) mono_threads_set_shutting_down
0x00007FFB7CA83DC4 (KERNEL32) BaseThreadInitThunk
0x00007FFB7ED53691 (ntdll) RtlUserThreadStart


Call Stack for Thread 8900:
0x00007FFB7ED7E294 (ntdll) ZwWaitForAlertByThreadId
0x00007FFB7ED55EE2 (ntdll) RtlSleepConditionVariableCS
0x00007FFB7B0EF318 (KERNELBASE) SleepConditionVariableCS
0x00007FFB2CF6AAA7 (mono-2.0-bdwgc) mono_threads_set_shutting_down
0x00007FFB2CF6AE58 (mono-2.0-bdwgc) mono_threads_set_shutting_down
0x00007FFB2CF65458 (mono-2.0-bdwgc) mono_threads_set_shutting_down
0x00007FFB2CF651E6 (mono-2.0-bdwgc) mono_threads_set_shutting_down
0x00007FFB7CA83DC4 (KERNEL32) BaseThreadInitThunk
0x00007FFB7ED53691 (ntdll) RtlUserThreadStart


Call Stack for Thread 17612:
0x00007FFB7ED7AA24 (ntdll) NtWaitForSingleObject
0x00007FFB7B0B9252 (KERNELBASE) WaitForSingleObjectEx
ERROR: SymGetSymFromAddr64, GetLastError: 'Attempt to access invalid address.' (Address: 00000001409AB855)
0x00000001409AB855 (Unity) (function-name not available)
ERROR: SymGetSymFromAddr64, GetLastError: 'Attempt to access invalid address.' (Address: 00000001409ABB8E)
0x00000001409ABB8E (Unity) (function-name not available)
ERROR: SymGetSymFromAddr64, GetLastError: 'Attempt to access invalid address.' (Address: 0000000140A70D24)
0x0000000140A70D24 (Unity) (function-name not available)
0x00007FFB7CA83DC4 (KERNEL32) BaseThreadInitThunk
0x00007FFB7ED53691 (ntdll) RtlUserThreadStart


Call Stack for Thread 13160:
0x00007FFB7ED7AA24 (ntdll) NtWaitForSingleObject
0x00007FFB7B0B9252 (KERNELBASE) WaitForSingleObjectEx
ERROR: SymGetSymFromAddr64, GetLastError: 'Attempt to access invalid address.' (Address: 00000001408A6FD6)
0x00000001408A6FD6 (Unity) (function-name not available)
ERROR: SymGetSymFromAddr64, GetLastError: 'Attempt to access invalid address.' (Address: 00000001408A8F83)
0x00000001408A8F83 (Unity) (function-name not available)
ERROR: SymGetSymFromAddr64, GetLastError: 'Attempt to access invalid address.' (Address: 0000000140A70D24)
0x0000000140A70D24 (Unity) (function-name not available)
0x00007FFB7CA83DC4 (KERNEL32) BaseThreadInitThunk
0x00007FFB7ED53691 (ntdll) RtlUserThreadStart




Stack Memory [0x00000000005FDA08-0x0000000000600000]:
0x005fda08: 41c4be37 00000001 377b0d30 00000000 7..A....0.{7....
0x005fda18: 377b0d60 00000000 00000001 00000000 `.{7............
0x005fda28: 00000004 00000000 38031200 00000000 ...........8....
0x005fda38: 41bacb95 00000001 00000000 00000000 ...A............
0x005fda48: 377c9f48 00000000 3802f400 00000000 H.|7.......8....
0x005fda58: 00000000 00000000 00000000 be650940 ............@.e.
0x005fda68: 38031200 00000000 377b0d20 00000000 ...8.... .{7....
0x005fda78: 377b0d48 00000000 377b0d30 00000000 H.{7....0.{7....
0x005fda88: 446746b0 00000001 00000001 00000000 .FgD............
0x005fda98: 005fdb39 00000000 00000000 00000000 9._.............
0x005fdaa8: 41bb066a 00000001 377c9f48 00000000 j..A....H.|7....
0x005fdab8: 377c9f48 00000000 3760f2f0 00000000 H.|7......`7....
0x005fdac8: 377b0d60 00000000 377b0d20 00000000 `.{7.... .{7....
0x005fdad8: 04f0fe30 00000000 377b0c90 00000000 0.........{7....
0x005fdae8: 377b0d20 00000000 377b0d30 00000000  .{7....0.{7....
0x005fdaf8: 377b0d48 00000000 377b0d60 00000000 H.{7....`.{7....
0x005fdb08: 377b0d48 00000000 00000001 00000000 H.{7............
0x005fdb18: 00000000 00000002 00000003 00000000 ................
0x005fdb28: 00000040 00000000 377c9f48 00000000 @.......H.|7....
0x005fdb38: fffffffe ffffffff 44674958 00000001 ........XIgD....
0x005fdb48: 44674980 00000001 3f800000 00000000 .IgD.......?....
0x005fdb58: 42d3a140 00000001 44674908 00000001 @..B.....IgD....
0x005fdb68: 0dd6b420 00000000 0d941010 00000000  ...............
0x005fdb78: 00000008 00000000 377b0c90 00000000 ..........{7....
0x005fdb88: 00000000 00000000 44674930 00000001 ........0IgD....
0x005fdb98: 41bb1b08 00000001 446746b0 00000001 ...A.....FgD....
0x005fdba8: 005fdbd8 00000000 44674a98 00000001 .._......JgD....
0x005fdbb8: 00000008 00000000 44674930 00000001 ........0IgD....
0x005fdbc8: fffffffe ffffffff 44674908 00000001 .........IgD....
0x005fdbd8: 3ca3d70a 42480000 3f800000 00000008 ...<..HB...?....
0x005fdbe8: 00000003 00000001 81a13e4e 00006027 ........N>..'`..
0x005fdbf8: 00000000 00000000 3d4ccccd 00000000 ..........L=....
0x005fdc08: 00000000 00000000 3ca3d70a 00000000 ...........<....
0x005fdc18: 00000000 00000000 3770ac10 00000000 ..........p7....
0x005fdc28: 00000000 00000000 0d940f90 00000000 ................
0x005fdc38: 005fdd50 00000000 00000000 00000000 P._.............
0x005fdc48: 41bffdcb 00000001 00000000 00000000 ...A............
0x005fdc58: 005fdd50 00000000 0d940f90 00000000 P._.............
0x005fdc68: 00000000 00000000 00000000 00000000 ................
0x005fdc78: 00000000 00000000 00000000 00000000 ................
0x005fdc88: 3ca3d70a 00000000 00000000 00000000 ...<............
0x005fdc98: 00000000 00000000 00000000 00000000 ................
0x005fdca8: 00000000 00000000 00000000 00000000 ................
0x005fdcb8: 0d940f90 00000000 00000000 00000000 ................
0x005fdcc8: 00000000 00000000 00000000 00000000 ................
0x005fdcd8: 00000000 00000000 00000000 00000000 ................
0x005fdce8: 00000000 00000000 00000000 00000000 ................
0x005fdcf8: 00000000 00000000 00000000 00000000 ................
0x005fdd08: 00000000 00000000 00000000 00000000 ................
0x005fdd18: 00000000 00000000 00000000 00000000 ................
0x005fdd28: 00000000 00000000 00000000 00000000 ................
0x005fdd38: 00000000 00000000 00000000 00000000 ................
0x005fdd48: 00000000 00000000 00000000 00000000 ................
0x005fdd58: 00000000 00000000 06d4a070 00000000 ........p.......
0x005fdd68: fffffffe ffffffff 44675938 00000001 ........8YgD....
0x005fdd78: 00000000 00000000 00000000 00000000 ................
0x005fdd88: 00000000 00000000 0d941010 00000000 ................
0x005fdd98: 005fdd40 00000000 00000000 00000000 @._.............
0x005fdda8: 00000000 00000000 00000000 00000000 ................
0x005fddb8: 00000000 00000000 00000000 00000000 ................
0x005fddc8: 00000000 00000000 00000000 00000000 ................
0x005fddd8: 00000000 00000000 00000000 00000000 ................
0x005fdde8: 00000000 00000000 00000000 00000000 ................
0x005fddf8: 00000000 00000000 00000000 00000000 ................
0x005fde08: 00000000 00000000 00000000 00000000 ................
0x005fde18: 00000000 00000000 00000000 00000000 ................
0x005fde28: 00000000 00000000 00000000 00000000 ................
0x005fde38: 00000000 00000000 00000000 00000000 ................
0x005fde48: 00000000 00000000 00000000 00000000 ................
0x005fde58: 00000000 00000000 00000000 00000000 ................
0x005fde68: 00000000 00000000 00000000 00000000 ................
0x005fde78: 00000000 00000000 00000000 00000000 ................
0x005fde88: 00000000 00000000 00000000 00000000 ................
0x005fde98: 00000000 00000000 00000000 00000000 ................
0x005fdea8: 00000000 00000000 00000000 00000000 ................
0x005fdeb8: 00000000 00000000 00000000 00000000 ................
0x005fdec8: 00000000 00000000 00000000 00000000 ................
0x005fded8: 00000000 00000000 00000000 00000000 ................
0x005fdee8: 00000000 00000000 fffffffe ffffffff ................
0x005fdef8: 00000000 00000000 fffffffe ffffffff ................
0x005fdf08: 00000000 00000000 00000000 00000000 ................
0x005fdf18: 00000000 00000000 81a139be 00006027 .........9..'`..
0x005fdf28: 00000000 00000000 00000000 00000000 ................
0x005fdf38: 00000000 00000000 00000000 00000000 ................
0x005fdf48: 00000000 00000000 00000000 00000000 ................
0x005fdf58: 00000000 00000000 00000000 00000000 ................
0x005fdf68: 00000000 00000000 00000000 00000000 ................
0x005fdf78: 00000000 00000000 00000000 00000000 ................
0x005fdf88: 00000000 00000000 2042431f 406e59ae .........CB .Yn@
0x005fdf98: 00000000 00000000 00000000 00000000 ................
0x005fdfa8: 00000000 00000000 3d4ccccd 00000000 ..........L=....
0x005fdfb8: 00000000 00000000 bb583d44 406e59af ........D=X..Yn@
0x005fdfc8: 00000000 00000000 007d2e90 00000000 ..........}.....
0x005fdfd8: 3770ac10 00000000 0dd6b420 00000000 ..p7.... .......
0x005fdfe8: 00000010 00000000 06d4a070 00000000 ........p.......
0x005fdff8: 00000009 00000000 00000001 00000000 ................
0x005fe008: 41bf41ea 00000001 00000001 00000000 .A.A............
0x005fe018: 0d940f90 00000000 0dd6b420 00000000 ........ .......
0x005fe028: 0d940f90 00000000 3770b070 00000000 ........p.p7....
0x005fe038: 41bf43a1 00000001 00000001 00000000 .C.A............
0x005fe048: 00000000 00000000 00000009 00000000 ................
0x005fe058: 3770b070 00000000 fffffffe ffffffff p.p7............
0x005fe068: 00000000 00000000 00000000 00000000 ................
0x005fe078: 4095ffd7 00000001 00000000 00000000 ...@............
0x005fe088: 00000000 00000000 00000001 00000000 ................
0x005fe098: 44a7a000 441dc000 042af960 00000000 ...D...D`.*.....
0x005fe0a8: 4067b139 00000001 fffffffe ffffffff 9.g@............
0x005fe0b8: 00002a2c 00000000 03b1b0e0 00000000 ,*..............
0x005fe0c8: 3dfc1ddb 00000000 00002a2c 00000000 ...=....,*......
0x005fe0d8: 005fe508 00000000 00000000 00000000 .._.............
0x005fe0e8: 00000000 00000000 000b2990 00000000 .........)......
0x005fe0f8: 7d0d7f68 00007ffb 005fe228 00000000 h..}....(._.....
0x005fe108: 005fe290 00000000 00000000 00000000 .._.............
0x005fe118: 00000000 00000000 e7a0fec3 0000dc14 ................
0x005fe128: 4148a5f1 00000001 005fe388 00000000 ..HA......_.....
0x005fe138: 00000000 00000000 00000000 00000000 ................
0x005fe148: 0dd6b420 00000000 00000010 00000000  ...............
0x005fe158: 427686f8 00000000 005fe370 00000000 ..vB....p._.....
0x005fe168: 005fe200 00000000 005fe430 00000000 .._.....0._.....
0x005fe178: 2cf41e4f 00007ffb 000b2990 00000000 O..,.....)......
0x005fe188: 41454d10 00000001 000002b8 fffffff4 .MEA............
0x005fe198: 000b2990 00000000 005fe200 00000000 .)........_.....
0x005fe1a8: 005fe388 00000000 005fe370 00000000 .._.....p._.....
0x005fe1b8: 005fe368 00000000 00000000 00000000 h._.............
0x005fe1c8: 2cf4ae72 00007ffb 005fe370 00000000 r..,....p._.....
0x005fe1d8: 00000000 00000000 005fe430 00000000 ........0._.....
0x005fe1e8: 00000001 00000000 005fe200 00000000 .........._.....
0x005fe1f8: 00000010 00000000 0000ffff 00000000 ................
0x005fe208: 7ece83d0 00007ffb 005fe388 00000000 ...~......_.....
0x005fe218: 40bdb542 00000001 fffffffe ffffffff B..@............
0x005fe228: 3f800000 00000000 fffffffe ffffffff ...?............
0x005fe238: 405ba2ab 00000001 913abdeb 00001e72 ..[@......:.r...
0x005fe248: 40000000 42100000 81a1056e 00006027 ...@...Bn...'`..
0x005fe258: 7b0b2d18 00007ffb 37709a90 00000000 .-.{......p7....
0x005fe268: 3770ac10 00000000 00000027 00000000 ..p7....'.......
0x005fe278: 409600a3 00000001 00000000 00000000 ...@............
0x005fe288: 00000000 00000000 00000001 00000000 ................
0x005fe298: 40bf7272 00000001 00000000 00000000 rr.@............
0x005fe2a8: 40bf30ba 00000001 fffffffe ffffffff .0.@............
0x005fe2b8: 00000000 00000000 005fe3d0 00000000 .........._.....
0x005fe2c8: 005fe3d0 00000000 005fe370 00000000 .._.....p._.....
0x005fe2d8: 075ef000 00000000 fffffffe ffffffff ..^.............
0x005fe2e8: 81a107ae 00006027 007d2e90 00000000 ....'`....}.....
0x005fe2f8: 00000001 00000000 0dd6b988 00000000 ................
0x005fe308: 0dd6b901 00000000 00000001 00000000 ................
0x005fe318: 40bed0f5 00000001 00000000 00000000 ...@............
0x005fe328: 00000000 00000000 00000000 00000000 ................
0x005fe338: 00000001 00000000 00000001 00000000 ................
0x005fe348: 4042e99f 00000001 00000000 00000000 ..B@............
0x005fe358: 00000000 00000000 00000000 00000000 ................
0x005fe368: 00000000 00000000 00000000 00000000 ................
0x005fe378: 0d92eb30 00000000 2042431f 406e59ae 0........CB .Yn@
0x005fe388: 00000000 00000000 00000000 00000000 ................
0x005fe398: 81a1074e 00006027 007d2e90 00000000 N...'`....}.....
0x005fe3a8: 075ef020 00000000 fffffffe ffffffff  .^.............
0x005fe3b8: 0dd6b901 00000000 00000001 00000000 ................
0x005fe3c8: 4145e4fd 00000001 00000000 00000000 ..EA............
0x005fe3d8: 03d36638 00000000 075ef020 00000000 8f...... .^.....
0x005fe3e8: 81a106ae 00006027 0dd6b988 00000000 ....'`..........
0x005fe3f8: 4145cb84 00000001 00000000 00000000 ..EA............
0x005fe408: 00000000 00000000 005fe520 00000000 ........ ._.....
0x005fe418: 409bcf67 00000001 07a69b00 00000000 g..@............
0x005fe428: 40000000 42100000 005fe3d0 00000000 ...@...B.._.....
0x005fe438: 00000000 00000000 00000000 00000000 ................
0x005fe448: 00000000 00000000 81a1076e 00006027 ........n...'`..
0x005fe458: 00000000 00000000 00000001 00000000 ................
0x005fe468: 0dd6b901 00000000 0dd6b901 00000000 ................
0x005fe478: 40963351 00000001 00000000 00000000 Q3.@............
0x005fe488: 00000000 00000000 00000001 00000000 ................
0x005fe498: 00000010 00000000 fffffffe ffffffff ................
0x005fe4a8: 44604731 00000001 44669401 00000001 1G`D......fD....
0x005fe4b8: 44669478 00000001 00000001 00000000 x.fD............
0x005fe4c8: 427686f8 00000000 00000000 00000000 ..vB............
0x005fe4d8: 00000000 00000000 00000000 ffffffff ................
0x005fe4e8: 00000000 00000000 00000000 00000000 ................
0x005fe4f8: 40000101 42100000 81a106be 00006027 ...@...B....'`..
0x005fe508: 00000010 00000000 0dd6b988 00000000 ................
0x005fe518: 4133dd4f 00000001 0e4a9980 00000000 O.3A......J.....
0x005fe528: 0dd6b901 00000000 44a7a000 441dc000 ...........D...D
0x005fe538: 0dd6b988 00000000 00000000 00000000 ................
0x005fe548: 40bf7272 00000001 fffffffe ffffffff rr.@............
0x005fe558: 40c02aaa 00000001 42d43fc0 00000001 .*.@.....?.B....
0x005fe568: 00000000 00000000 0dd6b420 00000000 ........ .......
0x005fe578: 00000000 ffffffff 00000048 00000000 ........H.......
0x005fe588: 40bf30ba 00000001 00000000 00000000 .0.@............
0x005fe598: 00000000 00000000 005fe700 00000000 .........._.....
0x005fe5a8: 005fe700 00000000 005fe650 00000000 .._.....P._.....
0x005fe5b8: 005fe700 00000000 3d4ccccd 00000000 .._.......L=....
0x005fe5c8: 00000000 00000000 bb583d44 406e59af ........D=X..Yn@
0x005fe5d8: 00000000 00000000 007d2e90 00000000 ..........}.....
0x005fe5e8: 00000000 00000000 04d9e9a0 00000000 ................
0x005fe5f8: 4133c300 00000001 00000000 00000000 ..3A............
0x005fe608: 00000000 00000000 005fe700 00000000 .........._.....
0x005fe618: 0dd6b988 00000000 00000000 00000000 ................
0x005fe628: 12f4ddd8 00000333 bb583d44 406e59af ....3...D=X..Yn@
0x005fe638: 04d9e9a0 00000000 913aba00 00001e72 ..........:.r...
0x005fe648: 00000001 00000000 00000000 00000000 ................
0x005fe658: 04ead820 00000000 2042431f 406e59ae  ........CB .Yn@
0x005fe668: 04ead820 00000000 005fe900 00000000  ........._.....
0x005fe678: fffffffe ffffffff 4464d3a0 00000001 ..........dD....
0x005fe688: 00000010 00000000 00000000 00000000 ................
0x005fe698: 80000022 00000000 00000000 00000000 "...............
0x005fe6a8: 0000007f 00007ffb 00000000 00000000 ................
0x005fe6b8: 7d0e1083 00007ffb 00000000 00000000 ...}............
0x005fe6c8: 00000000 00000000 00000001 80000022 ............"...
0x005fe6d8: 00000000 00000000 00000000 00000000 ................
0x005fe6e8: 00000038 00000000 00000048 00000000 8.......H.......
0x005fe6f8: 00000001 00000000 00000000 00000000 ................
0x005fe708: 00000000 00000000 00000070 00000000 ........p.......
0x005fe718: 00000000 00000000 00000000 ffffffff ................
0x005fe728: 00000045 00007ffb 00000000 00000000 E...............
0x005fe738: 7d143000 00007ffb 005fe778 00000000 .0.}....x._.....
0x005fe748: 00000000 00000000 00000000 ffffffff ................
0x005fe758: 00000045 0000002c 00000000 00000000 E...,...........
0x005fe768: 00000000 00000000 00000000 00000000 ................
0x005fe778: 00000000 00000000 00000000 00000000 ................
0x005fe788: 00000000 00000000 00000000 00000000 ................
0x005fe798: 00000000 00000000 00000000 00000000 ................
0x005fe7a8: 00000000 00000000 00000000 00000000 ................
0x005fe7b8: 00000000 00000000 0000003d 00000000 ........=.......
0x005fe7c8: 00000000 00000000 00000000 00000000 ................
0x005fe7d8: 7d0d86b3 00007ffb c00000bb 00007ffb ...}............
0x005fe7e8: 00000000 00000000 00000000 00000000 ................
0x005fe7f8: 4276c738 00000000 00000000 00000000 8.vB............
0x005fe808: 00000000 00000000 00000000 00000000 ................
0x005fe818: 00000000 00000000 00000000 00000000 ................
0x005fe828: 00000101 00007ffb 6bb8d3c4 00000166 ...........kf...
0x005fe838: 81a103ee 00006027 00000000 00000000 ....'`..........
0x005fe848: 00000000 00000000 00000000 00000000 ................
0x005fe858: 00000000 00000000 00000000 408f4000 .............@.@
0x005fe868: 00000000 00000000 42d4d300 00000001 ...........B....
0x005fe878: 41498a01 00000001 03a00005 00000000 ..IA............
0x005fe888: 1a9fbe77 0624dd2f 005fe9a0 00000000 w.../.$..._.....
0x005fe898: 414981cb 00000001 00000000 00000000 ..IA............
0x005fe8a8: 00000000 00000000 00000000 00000000 ................
0x005fe8b8: 6bb8d3c4 00000166 00000000 00000000 ...kf...........
0x005fe8c8: 00000000 00000000 000829ae 00000000 .........)......
0x005fe8d8: 00000113 00000000 00000001 00000000 ................
0x005fe8e8: 00000000 00000000 1ad7e300 0000039f ................
0x005fe8f8: 0000003d 00000000 6bb8d3c4 00000166 =..........kf...
0x005fe908: 6bad445b 00000166 6bb37c7b 00000166 [D.kf...{|.kf...
0x005fe918: 1a9fbe77 0624dd2f 005fea00 00000000 w.../.$..._.....
0x005fe928: 00000000 00000000 0005280a 00000000 .........(......
0x005fe938: 00000000 00000000 00000000 00000000 ................
0x005fe948: 0012039f 00000000 1ad7e2c2 0000039f ................
0x005fe958: 0000003d 00000000 00000000 00000000 =...............
0x005fe968: 00000000 00000000 00000000 00000000 ................
0x005fe978: fffffffe ffffffff 5443534d 454d4946 ........MSCTFIME
0x005fe988: 00495520 43646e57 7373616c 77007300  UI.WndClass.s.w
0x005fe998: 3030305f 30303030 36333030 41353544 _00000000036D55A
0x005fe9a8: 00000030 00000000 43028018 00000001 0..........C....
0x005fe9b8: 00000000 00000000 72617473 54707574 ........startupT
0x005fe9c8: 00656d69 00000001 0000000b 00000000 ime.............
0x005fe9d8: 00000000 ffffffff 00000045 00000001 ........E.......
0x005fe9e8: 00000001 00000001 352a225c 00000169 ........\"*5i...
0x005fe9f8: 41497a2f 00000001 00001cba 00000000 /zIA............
0x005fea08: 00000000 00000000 00001b80 00000000 ................
0x005fea18: 00000379 00000000 00000167 00000000 y.......g.......
0x005fea28: 00000115 00000000 00000113 00000000 ................
0x005fea38: 00000ea5 00000000 81a10cee 00006027 ............'`..
0x005fea48: 00000014 00000000 000000e8 00000000 ................
0x005fea58: 4141d5d9 00000001 00000000 ffffffff ..AA............
0x005fea68: 00000001 00000000 fffffffe ffffffff ................
0x005fea78: 00000000 00000001 00010005 00000000 ................
0x005fea88: 000004f0 000002fb 81a10d4e 00006027 ........N...'`..
0x005fea98: 00000002 00000000 00000000 00000000 ................
0x005feaa8: 00000000 00000000 42d4d330 00000001 ........0..B....
0x005feab8: 41498ad0 00000001 40000000 00000001 ..IA.......@....
0x005feac8: 0000001b 00000000 005febe0 00000000 .........._.....
0x005fead8: 41499e66 00000001 00000000 00000000 f.IA............
0x005feae8: 42d3a140 00000001 445dfee0 00000001 @..B......]D....
0x005feaf8: 00032972 00000000 00000001 00000000 r)..............
0x005feb08: 00000000 00000000 446530c0 00000001 .........0eD....
0x005feb18: 42e270c0 00000001 0000001b 00000000 .p.B............
0x005feb28: fffffffe ffffffff 00000000 00000000 ................
0x005feb38: 72676f6e 69687061 69007363 0000656c nographics.ile..
0x005feb48: 0000000a 00000000 00000000 ffffffff ................
0x005feb58: 00000045 00000000 00000000 00000000 E...............
0x005feb68: 00000000 00000000 00000000 00000000 ................
0x005feb78: 00000000 00000000 03b12b40 00000000 ........@+......
0x005feb88: 00000030 00000000 00000000 00000000 0...............
0x005feb98: 00000030 00000000 00000000 ffffffff 0...............
0x005feba8: 00000045 00000000 03b12ae0 00000000 E........*......
0x005febb8: 0000003b 00000000 00000000 00000000 ;...............
0x005febc8: 0000003b 00000000 00000000 ffffffff ;...............
0x005febd8: 00000045 00000000 03b2e2e0 00000000 E...............
0x005febe8: 0000001a 00000000 0067006e 00630020 ........n.g. .c.
0x005febf8: 0000001a 00000000 00000000 ffffffff ................
0x005fec08: 00000045 00000000 00000000 00000000 E...............
0x005fec18: 00000000 00000000 00000000 00000000 ................
0x005fec28: 00000000 00000000 03b117c0 00000000 ................
0x005fec38: 00000038 00000000 00000000 00000000 8...............
0x005fec48: 00000038 00000000 00000000 ffffffff 8...............
0x005fec58: 00000045 00000000 03b116a0 00000000 E...............
0x005fec68: 00000033 00000000 00000000 00000000 3...............
0x005fec78: 00000033 00000000 00000000 ffffffff 3...............
0x005fec88: 00000045 00000000 003a0043 0055005c E.......C.:.\.U.
0x005fec98: 00650073 00730072 0045005c 006c006c s.e.r.s.\.E.l.l.
0x005feca8: 004d0065 006c0065 0061004d 00740072 e.M.e.l.M.a.r.t.
0x005fecb8: 005c0061 00700041 00440070 00740061 a.\.A.p.p.D.a.t.
0x005fecc8: 005c0061 006f004c 00610063 0000006c a.\.L.o.c.a.l...
0x005fecd8: 00000000 00000000 00000000 00000000 ................
0x005fece8: 00000000 00000000 00000000 00000000 ................
0x005fecf8: 00000000 00000000 00000000 00000000 ................
0x005fed08: 00000000 00000000 00000000 00000000 ................
0x005fed18: 00000000 00000000 00000000 00000000 ................
0x005fed28: 00000000 00000000 00000000 00000000 ................
0x005fed38: 00000000 00000000 00000000 00000000 ................
0x005fed48: 00000000 00000000 00000000 00000000 ................
0x005fed58: 00000000 00000000 00000000 00000000 ................
0x005fed68: 00000000 00000000 00000000 00000000 ................
0x005fed78: 00000000 00000000 00000000 00000000 ................
0x005fed88: 00000000 00000000 00000000 00000000 ................
0x005fed98: 00000000 00000000 00000000 00000000 ................
0x005feda8: 00000000 00000000 00000000 00000000 ................
0x005fedb8: 00000000 00000000 84885b00 0000840a .........[......
0x005fedc8: 005f0101 00000000 000003f8 00000000 .._.............
0x005fedd8: 0000008a 00000000 00010730 00000000 ........0.......
0x005fede8: 00000001 00000000 005ff000 00000000 .........._.....
0x005fedf8: 0000008a 00000000 00000328 00000000 ........(.......
0x005fee08: 0000002a 00000001 007e6000 00000000 *........`~.....
0x005fee18: 0000007f 00000000 00000000 00000000 ................
0x005fee28: 0000007f 00000000 00000048 00000000 ........H.......
0x005fee38: 00000031 00000001 00000000 0000000a 1...............
0x005fee48: 00000080 000042ee 00000000 00000000 .....B..........
0x005fee58: 00010720 00000000 00000000 00000000  ...............
0x005fee68: 00000000 00000000 00000065 00000000 ........e.......
0x005fee78: 00000000 00000000 00000000 00000000 ................
0x005fee88: 0000007f 00000000 00000000 00000000 ................
0x005fee98: 00000000 00000000 003a0043 0055005c ........C.:.\.U.
0x005feea8: 00650073 00730072 0045005c 006c006c s.e.r.s.\.E.l.l.
0x005feeb8: 004d0065 006c0065 0061004d 00740072 e.M.e.l.M.a.r.t.
0x005feec8: 005c0061 00700041 00440070 00740061 a.\.A.p.p.D.a.t.
0x005feed8: 005c0061 006f004c 00610063 005c006c a.\.L.o.c.a.l.\.
0x005feee8: 006e0055 00740069 005c0079 00640045 U.n.i.t.y.\.E.d.
0x005feef8: 00740069 0072006f 0045005c 00690064 i.t.o.r.\.E.d.i.
0x005fef08: 006f0074 002e0072 006f006c 00000067 t.o.r...l.o.g...
0x005fef18: 00000000 00000000 0a00000a 00000000 ................
0x005fef28: 00000000 00000000 20000121 00000000 ........!.. ....
0x005fef38: 00000000 00000000 02000002 00000000 ................
0x005fef48: 00000000 00000000 00000005 00000000 ................
0x005fef58: 00010720 00000000 00000002 00000000  ...............
0x005fef68: 00000000 00000000 00010000 00000000 ................
0x005fef78: 7ecf6ff8 00007ffb 00010000 00000000 .o.~............
0x005fef88: 00000000 00000000 00000000 00000000 ................
0x005fef98: 00000000 00000000 007d0000 00000000 ..........}.....
0x005fefa8: 7ecf6ff8 00007ffb 007d0000 00000000 .o.~......}.....
0x005fefb8: 00000000 00000000 00000000 00000000 ................
0x005fefc8: 00000000 00000000 00000000 00000000 ................
0x005fefd8: 00000000 00000000 00000005 00000000 ................
0x005fefe8: 00000008 00000000 00000002 00000000 ................
0x005feff8: 00000001 00000000 007d0000 00000000 ..........}.....
0x005ff008: 7ed6db26 00007ffb 00000000 00000000 &..~............
0x005ff018: 7ed3cf7e 00007ffb 00000000 00000000 ~..~............
0x005ff028: 00000001 00000000 007d0000 00000000 ..........}.....
0x005ff038: 7ed6db5d 00007ffb 005ff1a4 00000000 ]..~......_.....
0x005ff048: ffffffff 00000000 005ff1b0 00000000 .........._.....
0x005ff058: 7ed1f2ac 00007ffb 00070000 00000000 ...~............
0x005ff068: 7ed6db26 00007ffb 005ff1d8 00000000 &..~......_.....
0x005ff078: 005ff201 00000000 005ff268 00000000 .._.....h._.....
0x005ff088: 7ed1ed6e 00007ffb 00070bbc 00000000 n..~............
0x005ff098: 005ff1c1 00000000 005ff1a4 00000000 .._......._.....
0x005ff0a8: ffffffff 00000000 005ff1b0 00000000 .........._.....
0x005ff0b8: 7ed1f2ac 00007ffb 00060000 00000000 ...~............
0x005ff0c8: 00000002 00000000 00003070 00000000 ........p0......
0x005ff0d8: 00000000 00000000 00000001 00000001 ................
0x005ff0e8: e9a7307e 00000000 000004b4 00000000 ~0..............
0x005ff0f8: e9a7307e 00007ffb 00000002 00000000 ~0..............
0x005ff108: 00000000 00000000 913aaf6b 00001e72 ........k.:.r...
0x005ff118: 00000100 00000009 00000000 00000000 ................
0x005ff128: 005ff268 00000000 002fa000 00000000 h._......./.....
0x005ff138: 00000003 00000000 0006179c 00000000 ................
0x005ff148: 005ff290 00000000 005ff1c1 00000000 .._......._.....
0x005ff158: 7ed1e9dc 00007ffb 00000000 00000000 ...~............
0x005ff168: 00000000 00000000 005ff1c1 00000000 .........._.....
0x005ff178: 005ff290 00000000 005ff1dc 00000000 .._......._.....
0x005ff188: 005ff1d8 00000000 00000001 00000000 .._.............
0x005ff198: 00250024 00270026 00000000 000004b4 $.%.&.'.........
0x005ff1a8: 00000000 00000000 0006179c 00000000 ................
0x005ff1b8: 00000020 00000003 00000000 00000000  ...............
0x005ff1c8: 00000002 00000003 00000002 00000001 ................
0x005ff1d8: 7ed6db26 00007ffb 002fb000 00000000 &..~....../.....
0x005ff1e8: 007f2ee0 00000000 00000000 00000000 ................
0x005ff1f8: 005ff428 00000000 00000000 00000000 (._.............
0x005ff208: 7ed6db26 00007ffb 005ff374 00000000 &..~....t._.....
0x005ff218: ffffffff 00000000 005ff380 00000000 .........._.....
0x005ff228: 7ed1f2ac 00007ffb 00070000 00000000 ...~............
0x005ff238: 7ed6db26 00007ffb 005ff3a8 00000000 &..~......_.....
0x005ff248: 7ed1d473 00007ffb 005ff438 00000000 s..~....8._.....
0x005ff258: 7ed1ed6e 00007ffb 00070bbc 00000000 n..~............
0x005ff268: 005ff391 00000000 005ff374 00000000 .._.....t._.....
0x005ff278: ffffffff 00000000 005ff380 00000001 .........._.....
0x005ff288: 005ff2c0 00000000 007a0078 00000000 .._.....x.z.....
0x005ff298: 007d9ff0 00000000 00000002 00000000 ..}.............
0x005ff2a8: 005ff560 00000000 00000000 00000000 `._.............
0x005ff2b8: 00000000 00000000 000004b4 00000000 ................
0x005ff2c8: 1d4d9547 00007ffb 00000002 00000000 G.M.............
0x005ff2d8: 00000000 00000000 913aad9b 00001e72 ..........:.r...
0x005ff2e8: 00000000 00000000 00000000 00000000 ................
0x005ff2f8: 005ff438 00000000 002fa000 00000000 8._......./.....
0x005ff308: 00000003 00000000 0006179c 00000000 ................
0x005ff318: 005ff460 00000000 005ff391 00000000 `._......._.....
0x005ff328: 7ed1e9dc 00007ffb 00000000 00000000 ...~............
0x005ff338: 00000000 00000000 005ff391 00000000 .........._.....
0x005ff348: 005ff460 00000000 005ff3ac 00000000 `._......._.....
0x005ff358: 005ff3a8 00000000 00000000 00000000 .._.............
0x005ff368: 4053a654 00000001 005ff480 000004b4 T.S@......_.....
0x005ff378: 00000000 00000000 0006179c 00000000 ................
0x005ff388: 00000020 00000003 00000000 00000000  ...............
0x005ff398: 00000002 00000003 00000002 00000000 ................
0x005ff3a8: 1d4d9547 00000001 002fb000 00000000 G.M......./.....
0x005ff3b8: 0084aaa0 00000000 00000000 00000000 ................
0x005ff3c8: 005ff5f8 00000000 00000000 00000000 .._.............
0x005ff3d8: 005ff690 00000000 005ff4f0 00000000 .._......._.....
0x005ff3e8: 7ed1e5e4 00007ffb 005ff5a0 00000000 ...~......_.....
0x005ff3f8: 005ff800 00000000 007da400 00000000 .._.......}.....
0x005ff408: 7ecf9e8e 00007ffb 005ff460 00000000 ...~....`._.....
0x005ff418: 005ff710 00000000 005f0080 00000000 .._......._.....
0x005ff428: 00000000 00000000 00000000 00000000 ................
0x005ff438: 007a0078 00000000 00000000 00000000 x.z.............
0x005ff448: 00160000 00000000 007da400 00000000 ..........}.....
0x005ff458: 00000001 00007ffb 007d93d0 00000000 ..........}.....
0x005ff468: 00000001 00000000 007d0000 00000000 ..........}.....
0x005ff478: 00160e40 00000000 00160cc0 00000000 @...............
0x005ff488: 00000015 00000000 00000090 00000000 ................
0x005ff498: 00000000 00000000 00000000 00000000 ................
0x005ff4a8: 00000090 00000000 0000007a 00000000 ........z.......
0x005ff4b8: 00000000 00000000 00000002 00000000 ................
0x005ff4c8: 00000009 00000000 913aadab 00001e72 ..........:.r...
0x005ff4d8: 00000000 00000000 007f5b58 00000000 ........X[......
0x005ff4e8: 00000004 00000000 005ff6a0 00000000 .........._.....
0x005ff4f8: 007f5b68 00000000 00000000 00000000 h[..............
0x005ff508: 00000000 00000000 005ff6a0 00000000 .........._.....
0x005ff518: 7ed1fcbd 00007ffb 005ff599 00000000 ...~......_.....
0x005ff528: 7ecf6ff8 00007ffb 00000000 00000000 .o.~............
0x005ff538: 005ff830 00000000 005ff560 00000000 0._.....`._.....
0x005ff548: 00000000 00000000 00000000 00000000 ................
0x005ff558: 00000000 00000000 005ff6a0 00000000 .........._.....
0x005ff568: 00000080 00000000 007d93d0 00000000 ..........}.....
0x005ff578: 00000030 00000000 00000000 00000000 0...............
0x005ff588: 005ff6a0 00000000 007f5b58 00000000 .._.....X[......
0x005ff598: 007f5b68 00000000 00000000 00000000 h[..............
0x005ff5a8: 00000101 00000000 000000f0 00000000 ................
0x005ff5b8: 0000001e 00000000 007e8cb0 00000000 ..........~.....
0x005ff5c8: 7ed2243d 00007ffb 001ff630 00000000 =$.~....0.......
0x005ff5d8: 0000001e 00000000 00000048 00000000 ........H.......
0x005ff5e8: 0000001f 00000001 005ff6a0 00000000 .........._.....
0x005ff5f8: 00000080 00007ffb 00000000 00000000 ................
0x005ff608: 0000001e 00000000 00000000 00000000 ................
0x005ff618: 00000000 00000000 00000000 00000000 ................
0x005ff628: 00000000 00000000 00000000 00000000 ................
0x005ff638: 007e8ca0 00000000 00000000 00000000 ..~.............
0x005ff648: 00000000 00000000 00000009 00000000 ................
0x005ff658: 00000000 00000000 007d0300 00000000 ..........}.....
0x005ff668: 0000001e 00000000 00000000 00000000 ................
0x005ff678: 00000000 00000000 00000000 00000000 ................
0x005ff688: 00000000 00000000 00000009 00000000 ................
0x005ff698: 00000000 00000000 00000000 00000000 ................
0x005ff6a8: 00000000 00000000 09000009 00000000 ................
0x005ff6b8: 00000000 00000000 003a0043 0055005c ........C.:.\.U.
0x005ff6c8: 00650073 00730072 0045005c 006c006c s.e.r.s.\.E.l.l.
0x005ff6d8: 004d0065 006c0065 0061004d 00740072 e.M.e.l.M.a.r.t.
0x005ff6e8: 005c0061 00700041 00440070 00740061 a.\.A.p.p.D.a.t.
0x005ff6f8: 005c0061 006f004c 00610063 005c006c a.\.L.o.c.a.l.\.
0x005ff708: 006e0055 00740069 005c0079 00640045 U.n.i.t.y.\.E.d.
0x005ff718: 00740069 0072006f 0045005c 00690064 i.t.o.r.\.E.d.i.
0x005ff728: 006f0074 002d0072 00720070 00760065 t.o.r.-.p.r.e.v.
0x005ff738: 006c002e 0067006f 00000000 00000000 ..l.o.g.........
0x005ff748: 00000000 00000000 007d0000 00000000 ..........}.....
0x005ff758: 7ecf6ff8 00007ffb 007d0000 00000000 .o.~......}.....
0x005ff768: 007e8cb0 00000000 00000000 00000000 ..~.............
0x005ff778: 00000000 00000000 00000004 00000000 ................
0x005ff788: 7ecf6ff8 00007ffb 00000000 00000000 .o.~............
0x005ff798: 7ed23b1a 00007ffb 007e8d70 00000000 .;.~....p.~.....
0x005ff7a8: 007e8cb0 00000000 00000000 00001e72 ..~.........r...
0x005ff7b8: 7ed20f27 00007ffb 00000000 00000000 '..~............
0x005ff7c8: 005ffac0 00000000 007f29b0 00000000 .._......)......
0x005ff7d8: 7ed26caf 00007ffb 00000000 00000000 .l.~............
0x005ff7e8: 7ed26f93 00007ffb 00000000 00000000 .o.~............
0x005ff7f8: 005ffac0 00000000 00000004 00000000 .._.............
0x005ff808: 007f3180 00000000 00000600 00000000 .1..............
0x005ff818: 007f3180 00000000 005ff924 00000000 .1......$._.....
0x005ff828: 7ed27b64 00007ffb 005ffb00 00000000 d{.~......_.....
0x005ff838: 005ff930 00000000 007f3180 00000000 0._......1......
0x005ff848: 005ff930 00000000 005ffb00 00000000 0._......._.....
0x005ff858: 7ed184f9 00007ffb 005ff924 00000000 ...~....$._.....
0x005ff868: 005ff9e0 00000000 005ff930 00000000 .._.....0._.....
0x005ff878: 007f5b10 00000000 00000000 00000000 .[..............
0x005ff888: 005ff8a8 00000000 005ff924 00000000 .._.....$._.....
0x005ff898: 7ecfc822 00007ffb c0000135 00000000 "..~....5.......
0x005ff8a8: 007f5b10 00000000 005ffac0 00000000 .[........_.....
0x005ff8b8: 005ffad0 00000000 00000100 00000000 .._.............
0x005ff8c8: 00000000 00000000 005ffb01 00000000 .........._.....
0x005ff8d8: 7ed1b8fe 00007ffb 00000000 00000000 ...~............
0x005ff8e8: 005ffbd0 00000000 00000000 00000000 .._.............
0x005ff8f8: 005ffbd0 00000000 00000000 00000000 .._.............
0x005ff908: 00000000 00000000 005ffa00 00000000 .........._.....
0x005ff918: 005ff924 00000000 00000600 c0000135 $._.........5...
0x005ff928: 00000080 00000000 01000000 00000000 ................
0x005ff938: 005ff940 00000000 003a0000 0050005c @._.......:.\.P.
0x005ff948: 006f0072 00720067 006d0061 00460020 r.o.g.r.a.m. .F.
0x005ff958: 006c0069 00730065 0055005c 0069006e i.l.e.s.\.U.n.i.
0x005ff968: 00790074 0048005c 00620075 0045005c t.y.\.H.u.b.\.E.
0x005ff978: 00690064 006f0074 005c0072 00300032 d.i.t.o.r.\.2.0.
0x005ff988: 00380031 0033002e 0034002e 00310066 1.8...3...4.f.1.
0x005ff998: 0045005c 00690064 006f0074 005c0072 \.E.d.i.t.o.r.\.
0x005ff9a8: 00720069 006c006d 0064002e 006c006c i.r.m.l...d.l.l.
0x005ff9b8: 00000000 00000000 00000000 00000000 ................
0x005ff9c8: 00000000 00000000 00000000 00000000 ................
0x005ff9d8: 00000000 00000000 00000000 00000000 ................
0x005ff9e8: 00000000 00000000 00000000 00000000 ................
0x005ff9f8: 00000000 00000000 00000000 00000000 ................

Module 1
C:\Program Files\Unity\Hub\Editor\2018.3.4f1\Editor\OpenRL_pthread.dll
Image Base: 0x80000000  Image Size: 0x0000f000
File Size:  42496       File Time:  2019-01-30_100136
Version:
   Company:    Open Source Software community LGPL
   Product:    POSIX Threads for Windows LPGL
   FileDesc:   MS C 32 bit
   FileVer:    2.9.0.0
   ProdVer:    2.9.0.0

Module 2
C:\Program Files\Unity\Hub\Editor\2018.3.4f1\Editor\OpenRL.dll
Image Base: 0x80000000  Image Size: 0x00c30000
File Size:  12654592    File Time:  2019-01-30_100144
Version:
   Company:    Imagination Technologies, Inc.
   Product:    OpenRL™
   FileDesc:   OpenRL™ Library
   FileVer:    1.5.100.0
   ProdVer:    1.5.100.0

Module 3
C:\WINDOWS\SYSTEM32\xinput1_3.dll
Image Base: 0x00400000  Image Size: 0x0001e000
File Size:  107368      File Time:  2007-04-04_185422
Version:
   Company:    Microsoft Corporation
   Product:    Microsoft® DirectX for Windows®
   FileDesc:   Microsoft Common Controller API
   FileVer:    9.18.944.0
   ProdVer:    9.18.944.0

Module 4
C:\WINDOWS\SYSTEM32\MSVCR100.dll
Image Base: 0x548d0000  Image Size: 0x000d2000
File Size:  829264      File Time:  2011-06-11_001538
Version:
   Company:    Microsoft Corporation
   Product:    Microsoft® Visual Studio® 2010
   FileDesc:   Microsoft® C Runtime Library
   FileVer:    10.0.40219.325
   ProdVer:    10.0.40219.325

Module 5
C:\WINDOWS\SYSTEM32\MSVCP100.dll
Image Base: 0x549b0000  Image Size: 0x00098000
File Size:  608080      File Time:  2011-06-11_001538
Version:
   Company:    Microsoft Corporation
   Product:    Microsoft® Visual Studio® 2010
   FileDesc:   Microsoft® C Runtime Library
   FileVer:    10.0.40219.325
   ProdVer:    10.0.40219.325

Crash Report configuration:
 * App Name: Unity Editor
 * App Version: Unity 2018.3.4f1_1d952368ca3a
 * Mono DLL: C:\Program Files\Unity\Hub\Editor\2018.3.4f1\Editor\Data\MonoBleedingEdge\EmbedRuntime\mono-2.0-bdwgc.dll
 * Bug Reporter App Path: "C:/Program Files/Unity/Hub/Editor/2018.3.4f1/Editor/BugReporter/unity.bugreporter.exe" --bugtype crash --editor_mode "WindowsStandaloneSupport" --unity_project "F:\University\GitHub\mgp-team-1\Unity\UnityProject" <attachFile:--attach "<file>">
 * Crash Report Path: C:\Users\ELLEME~1\AppData\Local\Temp\Unity\Editor\Crashes
 * Is Editor: true

Crash Report metadata:

Additional report files:
 * "C:\Users\ElleMelMarta\AppData\Local\Unity\Editor\Editor.log" (Output log file)



== [end of error.log] ==
